INFO: [HLS 200-10] Running 'C:/Xilinx/Vivado/2019.2/bin/unwrapped/win64.o/vivado_hls.exe'
INFO: [HLS 200-10] For user 'hohai' on host 'desktop-o8t2gmt' (Windows NT_amd64 version 6.2) on Fri Jan 08 15:58:50 +0900 2021
INFO: [HLS 200-10] In directory 'C:/Users/hohai/OneDrive/Desktop/Code/ZedBoard_Zynq7000'
Sourcing Tcl script 'C:/Users/hohai/OneDrive/Desktop/Code/ZedBoard_Zynq7000/data_types_vhls/solution1/csim.tcl'
INFO: [HLS 200-10] Opening project 'C:/Users/hohai/OneDrive/Desktop/Code/ZedBoard_Zynq7000/data_types_vhls'.
INFO: [HLS 200-10] Opening solution 'C:/Users/hohai/OneDrive/Desktop/Code/ZedBoard_Zynq7000/data_types_vhls/solution1'.
INFO: [SYN 201-201] Setting up clock 'default' with a period of 10ns.
INFO: [HLS 200-10] Setting target device to 'xc7z020-clg484-1'
INFO: [SIM 211-2] *************** CSIM start ***************
INFO: [SIM 211-4] CSIM will launch GCC as the compiler.
   Compiling ../../../assignment-tb.cpp in debug mode
   Generating csim.exe
In file included from C:/Xilinx/Vivado/2019.2/include/floating_point_v7_0_bitacc_cmodel.h:143:0,
                 from C:/Xilinx/Vivado/2019.2/include/hls_fpo.h:186,
                 from C:/Xilinx/Vivado/2019.2/include/hls_half.h:44,
                 from C:/Xilinx/Vivado/2019.2/include/etc/ap_private.h:90,
                 from C:/Xilinx/Vivado/2019.2/include/ap_common.h:641,
                 from C:/Xilinx/Vivado/2019.2/include/ap_int.h:54,
                 from ../../../assignment.hpp:1,
                 from ../../../assignment-tb.hpp:1,
                 from ../../../assignment-tb.cpp:1:
C:/Xilinx/Vivado/2019.2/include/gmp.h:62:0: warning: "__GMP_LIBGMP_DLL" redefined
 #define __GMP_LIBGMP_DLL  0
 
In file included from C:/Xilinx/Vivado/2019.2/include/hls_fpo.h:186:0,
                 from C:/Xilinx/Vivado/2019.2/include/hls_half.h:44,
                 from C:/Xilinx/Vivado/2019.2/include/etc/ap_private.h:90,
                 from C:/Xilinx/Vivado/2019.2/include/ap_common.h:641,
                 from C:/Xilinx/Vivado/2019.2/include/ap_int.h:54,
                 from ../../../assignment.hpp:1,
                 from ../../../assignment-tb.hpp:1,
                 from ../../../assignment-tb.cpp:1:
C:/Xilinx/Vivado/2019.2/include/floating_point_v7_0_bitacc_cmodel.h:135:0: note: this is the location of the previous definition
 #define __GMP_LIBGMP_DLL 1
 
 a1 = 0
 a2 = 2063
 a3 = 2063
 a4 = 2063
 b1 = 19835148582765468633513017367
 b2 = 19835148582765468633513017367
 b3 = 19835148582765468633513017367
 b1 = 0o020013500056400272001350005640027
 b1 = 19835148582765468633513017367
 b1 = 0x0401740174017401740174017
a = -38
b = -38
c = 0x5a
d = 0x5a
e = 0x5a
h = -38
m = 0x1a
f1 = 0x193
f2 = 0x193
e1 = 0x1
arr[0] = 0x0f
arr[1] = 0x1e
test before = true
test after = false
0b01111
INFO: [SIM 211-1] CSim done with 0 errors.
INFO: [SIM 211-3] *************** CSIM finish ***************
