17:42:53 INFO  : Launching XSCT server: xsct.bat -n  -interactive C:\Users\hohai\OneDrive\Desktop\Code\ZedBoard_Zynq7000\002\temp_xsdb_launch_script.tcl
17:42:53 INFO  : Registering command handlers for Vitis TCF services
17:42:55 INFO  : XSCT server has started successfully.
17:42:55 INFO  : plnx-install-location is set to ''
17:42:55 INFO  : Successfully done setting XSCT server connection channel  
17:42:55 INFO  : Successfully done query RDI_DATADIR 
17:42:55 INFO  : Successfully done setting workspace for the tool. 
17:42:55 INFO  : Platform repository initialization has completed.
17:43:41 INFO  : Result from executing command 'getProjects': 002_platform
17:43:41 INFO  : Result from executing command 'getPlatforms': 
17:47:04 INFO  : Result from executing command 'getProjects': 002_platform
17:47:04 INFO  : Result from executing command 'getPlatforms': 002_platform|C:/Users/hohai/OneDrive/Desktop/Code/ZedBoard_Zynq7000/002/002_platform/export/002_platform/002_platform.xpfm
17:47:04 INFO  : Checking for BSP changes to sync application flags for project '002_btm_led_axi_isr_vitis'...
17:53:13 INFO  : Successfully done sdx_reload_mss "C:/Users/hohai/OneDrive/Desktop/Code/ZedBoard_Zynq7000/002/002_platform/ps7_cortexa9_0/standalone_domain/bsp/system.mss"
18:04:09 INFO  : Checking for BSP changes to sync application flags for project '002_btm_led_axi_isr_vitis'...
18:23:23 INFO  : Checking for BSP changes to sync application flags for project '002_btm_led_axi_isr_vitis'...
18:23:37 INFO  : Checking for BSP changes to sync application flags for project '002_btm_led_axi_isr_vitis'...
18:23:59 INFO  : Connected to target on host '127.0.0.1' and port '3121'.
18:24:00 INFO  : Jtag cable 'Digilent Zed 210248AC8994' is selected.
18:24:00 INFO  : 'jtag frequency' command is executed.
18:24:00 INFO  : Context for 'APU' is selected.
18:24:00 INFO  : System reset is completed.
18:24:03 INFO  : 'after 3000' command is executed.
18:24:03 INFO  : 'targets -set -filter {jtag_cable_name =~ "Digilent Zed 210248AC8994" && level==0 && jtag_device_ctx=="jsn-Zed-210248AC8994-23727093-0"}' command is executed.
18:24:06 INFO  : FPGA configured successfully with bitstream "C:/Users/hohai/OneDrive/Desktop/Code/ZedBoard_Zynq7000/002/002_btm_led_axi_isr_vitis/_ide/bitstream/design_1_wrapper.bit"
18:24:06 INFO  : Context for 'APU' is selected.
18:24:06 INFO  : Hardware design and registers information is loaded from 'C:/Users/hohai/OneDrive/Desktop/Code/ZedBoard_Zynq7000/002/002_platform/export/002_platform/hw/design_1_wrapper.xsa'.
18:24:06 INFO  : 'configparams force-mem-access 1' command is executed.
18:24:06 INFO  : Context for 'APU' is selected.
18:24:06 INFO  : Sourcing of 'C:/Users/hohai/OneDrive/Desktop/Code/ZedBoard_Zynq7000/002/002_btm_led_axi_isr_vitis/_ide/psinit/ps7_init.tcl' is done.
18:24:06 INFO  : 'ps7_init' command is executed.
18:24:06 INFO  : 'ps7_post_config' command is executed.
18:24:06 INFO  : Context for processor 'ps7_cortexa9_0' is selected.
18:24:06 INFO  : The application 'C:/Users/hohai/OneDrive/Desktop/Code/ZedBoard_Zynq7000/002/002_btm_led_axi_isr_vitis/Debug/002_btm_led_axi_isr_vitis.elf' is downloaded to processor 'ps7_cortexa9_0'.
18:24:07 INFO  : 'configparams force-mem-access 0' command is executed.
18:24:07 INFO  : ----------------XSDB Script----------------
connect -url tcp:127.0.0.1:3121
targets -set -nocase -filter {name =~"APU*"}
rst -system
after 3000
targets -set -filter {jtag_cable_name =~ "Digilent Zed 210248AC8994" && level==0 && jtag_device_ctx=="jsn-Zed-210248AC8994-23727093-0"}
fpga -file C:/Users/hohai/OneDrive/Desktop/Code/ZedBoard_Zynq7000/002/002_btm_led_axi_isr_vitis/_ide/bitstream/design_1_wrapper.bit
targets -set -nocase -filter {name =~"APU*"}
loadhw -hw C:/Users/hohai/OneDrive/Desktop/Code/ZedBoard_Zynq7000/002/002_platform/export/002_platform/hw/design_1_wrapper.xsa -mem-ranges [list {0x40000000 0xbfffffff}] -regs
configparams force-mem-access 1
targets -set -nocase -filter {name =~"APU*"}
source C:/Users/hohai/OneDrive/Desktop/Code/ZedBoard_Zynq7000/002/002_btm_led_axi_isr_vitis/_ide/psinit/ps7_init.tcl
ps7_init
ps7_post_config
targets -set -nocase -filter {name =~ "*A9*#0"}
dow C:/Users/hohai/OneDrive/Desktop/Code/ZedBoard_Zynq7000/002/002_btm_led_axi_isr_vitis/Debug/002_btm_led_axi_isr_vitis.elf
configparams force-mem-access 0
----------------End of Script----------------

18:24:07 INFO  : Context for processor 'ps7_cortexa9_0' is selected.
18:24:07 INFO  : 'con' command is executed.
18:24:07 INFO  : ----------------XSDB Script (After Launch)----------------
targets -set -nocase -filter {name =~ "*A9*#0"}
con
----------------End of Script----------------

18:24:07 INFO  : Launch script is exported to file 'C:\Users\hohai\OneDrive\Desktop\Code\ZedBoard_Zynq7000\002\.sdk\launch_scripts\single_application_debug\systemdebugger_002_btm_led_axi_isr_vitis_system_standalone.tcl'
18:24:35 INFO  : Checking for BSP changes to sync application flags for project '002_btm_led_axi_isr_vitis'...
18:25:01 INFO  : Checking for BSP changes to sync application flags for project '002_btm_led_axi_isr_vitis'...
18:25:23 INFO  : Disconnected from the channel tcfchan#4.
18:25:23 INFO  : Connected to target on host '127.0.0.1' and port '3121'.
18:25:23 INFO  : Jtag cable 'Digilent Zed 210248AC8994' is selected.
18:25:23 INFO  : 'jtag frequency' command is executed.
18:25:23 INFO  : Context for 'APU' is selected.
18:25:23 INFO  : System reset is completed.
18:25:26 INFO  : 'after 3000' command is executed.
18:25:27 INFO  : 'targets -set -filter {jtag_cable_name =~ "Digilent Zed 210248AC8994" && level==0 && jtag_device_ctx=="jsn-Zed-210248AC8994-23727093-0"}' command is executed.
18:25:29 INFO  : FPGA configured successfully with bitstream "C:/Users/hohai/OneDrive/Desktop/Code/ZedBoard_Zynq7000/002/002_btm_led_axi_isr_vitis/_ide/bitstream/design_1_wrapper.bit"
18:25:29 INFO  : Context for 'APU' is selected.
18:25:29 INFO  : Hardware design and registers information is loaded from 'C:/Users/hohai/OneDrive/Desktop/Code/ZedBoard_Zynq7000/002/002_platform/export/002_platform/hw/design_1_wrapper.xsa'.
18:25:29 INFO  : 'configparams force-mem-access 1' command is executed.
18:25:29 INFO  : Context for 'APU' is selected.
18:25:29 INFO  : Sourcing of 'C:/Users/hohai/OneDrive/Desktop/Code/ZedBoard_Zynq7000/002/002_btm_led_axi_isr_vitis/_ide/psinit/ps7_init.tcl' is done.
18:25:29 INFO  : 'ps7_init' command is executed.
18:25:29 INFO  : 'ps7_post_config' command is executed.
18:25:29 INFO  : Context for processor 'ps7_cortexa9_0' is selected.
18:25:30 INFO  : The application 'C:/Users/hohai/OneDrive/Desktop/Code/ZedBoard_Zynq7000/002/002_btm_led_axi_isr_vitis/Debug/002_btm_led_axi_isr_vitis.elf' is downloaded to processor 'ps7_cortexa9_0'.
18:25:30 INFO  : 'configparams force-mem-access 0' command is executed.
18:25:30 INFO  : ----------------XSDB Script----------------
connect -url tcp:127.0.0.1:3121
targets -set -nocase -filter {name =~"APU*"}
rst -system
after 3000
targets -set -filter {jtag_cable_name =~ "Digilent Zed 210248AC8994" && level==0 && jtag_device_ctx=="jsn-Zed-210248AC8994-23727093-0"}
fpga -file C:/Users/hohai/OneDrive/Desktop/Code/ZedBoard_Zynq7000/002/002_btm_led_axi_isr_vitis/_ide/bitstream/design_1_wrapper.bit
targets -set -nocase -filter {name =~"APU*"}
loadhw -hw C:/Users/hohai/OneDrive/Desktop/Code/ZedBoard_Zynq7000/002/002_platform/export/002_platform/hw/design_1_wrapper.xsa -mem-ranges [list {0x40000000 0xbfffffff}] -regs
configparams force-mem-access 1
targets -set -nocase -filter {name =~"APU*"}
source C:/Users/hohai/OneDrive/Desktop/Code/ZedBoard_Zynq7000/002/002_btm_led_axi_isr_vitis/_ide/psinit/ps7_init.tcl
ps7_init
ps7_post_config
targets -set -nocase -filter {name =~ "*A9*#0"}
dow C:/Users/hohai/OneDrive/Desktop/Code/ZedBoard_Zynq7000/002/002_btm_led_axi_isr_vitis/Debug/002_btm_led_axi_isr_vitis.elf
configparams force-mem-access 0
----------------End of Script----------------

18:25:30 INFO  : Context for processor 'ps7_cortexa9_0' is selected.
18:25:30 INFO  : 'con' command is executed.
18:25:30 INFO  : ----------------XSDB Script (After Launch)----------------
targets -set -nocase -filter {name =~ "*A9*#0"}
con
----------------End of Script----------------

18:25:30 INFO  : Launch script is exported to file 'C:\Users\hohai\OneDrive\Desktop\Code\ZedBoard_Zynq7000\002\.sdk\launch_scripts\single_application_debug\systemdebugger_002_btm_led_axi_isr_vitis_system_standalone.tcl'
20:17:56 INFO  : Checking for BSP changes to sync application flags for project '002_btm_led_axi_isr_vitis'...
20:18:14 INFO  : Checking for BSP changes to sync application flags for project '002_btm_led_axi_isr_vitis'...
20:18:32 INFO  : Checking for BSP changes to sync application flags for project '002_btm_led_axi_isr_vitis'...
20:19:19 INFO  : Checking for BSP changes to sync application flags for project '002_btm_led_axi_isr_vitis'...
20:19:34 INFO  : Disconnected from the channel tcfchan#7.
20:19:34 INFO  : Connected to target on host '127.0.0.1' and port '3121'.
20:19:34 INFO  : Jtag cable 'Digilent Zed 210248AC8994' is selected.
20:19:34 INFO  : 'jtag frequency' command is executed.
20:19:34 INFO  : Context for 'APU' is selected.
20:19:34 INFO  : System reset is completed.
20:19:37 INFO  : 'after 3000' command is executed.
20:19:37 INFO  : 'targets -set -filter {jtag_cable_name =~ "Digilent Zed 210248AC8994" && level==0 && jtag_device_ctx=="jsn-Zed-210248AC8994-23727093-0"}' command is executed.
20:19:40 INFO  : FPGA configured successfully with bitstream "C:/Users/hohai/OneDrive/Desktop/Code/ZedBoard_Zynq7000/002/002_btm_led_axi_isr_vitis/_ide/bitstream/design_1_wrapper.bit"
20:19:40 INFO  : Context for 'APU' is selected.
20:19:40 INFO  : Hardware design and registers information is loaded from 'C:/Users/hohai/OneDrive/Desktop/Code/ZedBoard_Zynq7000/002/002_platform/export/002_platform/hw/design_1_wrapper.xsa'.
20:19:40 INFO  : 'configparams force-mem-access 1' command is executed.
20:19:40 INFO  : Context for 'APU' is selected.
20:19:40 INFO  : Sourcing of 'C:/Users/hohai/OneDrive/Desktop/Code/ZedBoard_Zynq7000/002/002_btm_led_axi_isr_vitis/_ide/psinit/ps7_init.tcl' is done.
20:19:40 INFO  : 'ps7_init' command is executed.
20:19:40 INFO  : 'ps7_post_config' command is executed.
20:19:40 INFO  : Context for processor 'ps7_cortexa9_0' is selected.
20:19:40 INFO  : The application 'C:/Users/hohai/OneDrive/Desktop/Code/ZedBoard_Zynq7000/002/002_btm_led_axi_isr_vitis/Debug/002_btm_led_axi_isr_vitis.elf' is downloaded to processor 'ps7_cortexa9_0'.
20:19:40 INFO  : 'configparams force-mem-access 0' command is executed.
20:19:40 INFO  : ----------------XSDB Script----------------
connect -url tcp:127.0.0.1:3121
targets -set -nocase -filter {name =~"APU*"}
rst -system
after 3000
targets -set -filter {jtag_cable_name =~ "Digilent Zed 210248AC8994" && level==0 && jtag_device_ctx=="jsn-Zed-210248AC8994-23727093-0"}
fpga -file C:/Users/hohai/OneDrive/Desktop/Code/ZedBoard_Zynq7000/002/002_btm_led_axi_isr_vitis/_ide/bitstream/design_1_wrapper.bit
targets -set -nocase -filter {name =~"APU*"}
loadhw -hw C:/Users/hohai/OneDrive/Desktop/Code/ZedBoard_Zynq7000/002/002_platform/export/002_platform/hw/design_1_wrapper.xsa -mem-ranges [list {0x40000000 0xbfffffff}] -regs
configparams force-mem-access 1
targets -set -nocase -filter {name =~"APU*"}
source C:/Users/hohai/OneDrive/Desktop/Code/ZedBoard_Zynq7000/002/002_btm_led_axi_isr_vitis/_ide/psinit/ps7_init.tcl
ps7_init
ps7_post_config
targets -set -nocase -filter {name =~ "*A9*#0"}
dow C:/Users/hohai/OneDrive/Desktop/Code/ZedBoard_Zynq7000/002/002_btm_led_axi_isr_vitis/Debug/002_btm_led_axi_isr_vitis.elf
configparams force-mem-access 0
----------------End of Script----------------

20:19:40 INFO  : Context for processor 'ps7_cortexa9_0' is selected.
20:19:41 INFO  : 'con' command is executed.
20:19:41 INFO  : ----------------XSDB Script (After Launch)----------------
targets -set -nocase -filter {name =~ "*A9*#0"}
con
----------------End of Script----------------

20:19:41 INFO  : Launch script is exported to file 'C:\Users\hohai\OneDrive\Desktop\Code\ZedBoard_Zynq7000\002\.sdk\launch_scripts\single_application_debug\systemdebugger_002_btm_led_axi_isr_vitis_system_standalone.tcl'
20:26:23 INFO  : Checking for BSP changes to sync application flags for project '002_btm_led_axi_isr_vitis'...
20:26:50 INFO  : Checking for BSP changes to sync application flags for project '002_btm_led_axi_isr_vitis'...
20:27:04 INFO  : Disconnected from the channel tcfchan#12.
20:27:04 INFO  : Connected to target on host '127.0.0.1' and port '3121'.
20:27:05 INFO  : Jtag cable 'Digilent Zed 210248AC8994' is selected.
20:27:05 INFO  : 'jtag frequency' command is executed.
20:27:05 INFO  : Context for 'APU' is selected.
20:27:05 INFO  : System reset is completed.
20:27:08 INFO  : 'after 3000' command is executed.
20:27:08 INFO  : 'targets -set -filter {jtag_cable_name =~ "Digilent Zed 210248AC8994" && level==0 && jtag_device_ctx=="jsn-Zed-210248AC8994-23727093-0"}' command is executed.
20:27:10 INFO  : FPGA configured successfully with bitstream "C:/Users/hohai/OneDrive/Desktop/Code/ZedBoard_Zynq7000/002/002_btm_led_axi_isr_vitis/_ide/bitstream/design_1_wrapper.bit"
20:27:10 INFO  : Context for 'APU' is selected.
20:27:10 INFO  : Hardware design and registers information is loaded from 'C:/Users/hohai/OneDrive/Desktop/Code/ZedBoard_Zynq7000/002/002_platform/export/002_platform/hw/design_1_wrapper.xsa'.
20:27:10 INFO  : 'configparams force-mem-access 1' command is executed.
20:27:10 INFO  : Context for 'APU' is selected.
20:27:10 INFO  : Sourcing of 'C:/Users/hohai/OneDrive/Desktop/Code/ZedBoard_Zynq7000/002/002_btm_led_axi_isr_vitis/_ide/psinit/ps7_init.tcl' is done.
20:27:11 INFO  : 'ps7_init' command is executed.
20:27:11 INFO  : 'ps7_post_config' command is executed.
20:27:11 INFO  : Context for processor 'ps7_cortexa9_0' is selected.
20:27:11 INFO  : The application 'C:/Users/hohai/OneDrive/Desktop/Code/ZedBoard_Zynq7000/002/002_btm_led_axi_isr_vitis/Debug/002_btm_led_axi_isr_vitis.elf' is downloaded to processor 'ps7_cortexa9_0'.
20:27:11 INFO  : 'configparams force-mem-access 0' command is executed.
20:27:11 INFO  : ----------------XSDB Script----------------
connect -url tcp:127.0.0.1:3121
targets -set -nocase -filter {name =~"APU*"}
rst -system
after 3000
targets -set -filter {jtag_cable_name =~ "Digilent Zed 210248AC8994" && level==0 && jtag_device_ctx=="jsn-Zed-210248AC8994-23727093-0"}
fpga -file C:/Users/hohai/OneDrive/Desktop/Code/ZedBoard_Zynq7000/002/002_btm_led_axi_isr_vitis/_ide/bitstream/design_1_wrapper.bit
targets -set -nocase -filter {name =~"APU*"}
loadhw -hw C:/Users/hohai/OneDrive/Desktop/Code/ZedBoard_Zynq7000/002/002_platform/export/002_platform/hw/design_1_wrapper.xsa -mem-ranges [list {0x40000000 0xbfffffff}] -regs
configparams force-mem-access 1
targets -set -nocase -filter {name =~"APU*"}
source C:/Users/hohai/OneDrive/Desktop/Code/ZedBoard_Zynq7000/002/002_btm_led_axi_isr_vitis/_ide/psinit/ps7_init.tcl
ps7_init
ps7_post_config
targets -set -nocase -filter {name =~ "*A9*#0"}
dow C:/Users/hohai/OneDrive/Desktop/Code/ZedBoard_Zynq7000/002/002_btm_led_axi_isr_vitis/Debug/002_btm_led_axi_isr_vitis.elf
configparams force-mem-access 0
----------------End of Script----------------

20:27:11 INFO  : Context for processor 'ps7_cortexa9_0' is selected.
20:27:11 INFO  : 'con' command is executed.
20:27:11 INFO  : ----------------XSDB Script (After Launch)----------------
targets -set -nocase -filter {name =~ "*A9*#0"}
con
----------------End of Script----------------

20:27:11 INFO  : Launch script is exported to file 'C:\Users\hohai\OneDrive\Desktop\Code\ZedBoard_Zynq7000\002\.sdk\launch_scripts\single_application_debug\systemdebugger_002_btm_led_axi_isr_vitis_system_standalone.tcl'
20:30:31 INFO  : Checking for BSP changes to sync application flags for project '002_btm_led_axi_isr_vitis'...
20:30:40 INFO  : Checking for BSP changes to sync application flags for project '002_btm_led_axi_isr_vitis'...
20:30:48 INFO  : Disconnected from the channel tcfchan#14.
20:30:48 INFO  : Connected to target on host '127.0.0.1' and port '3121'.
20:30:48 INFO  : Jtag cable 'Digilent Zed 210248AC8994' is selected.
20:30:48 INFO  : 'jtag frequency' command is executed.
20:30:48 INFO  : Context for 'APU' is selected.
20:30:48 INFO  : System reset is completed.
20:30:51 INFO  : 'after 3000' command is executed.
20:30:52 INFO  : 'targets -set -filter {jtag_cable_name =~ "Digilent Zed 210248AC8994" && level==0 && jtag_device_ctx=="jsn-Zed-210248AC8994-23727093-0"}' command is executed.
20:30:54 INFO  : FPGA configured successfully with bitstream "C:/Users/hohai/OneDrive/Desktop/Code/ZedBoard_Zynq7000/002/002_btm_led_axi_isr_vitis/_ide/bitstream/design_1_wrapper.bit"
20:30:54 INFO  : Context for 'APU' is selected.
20:30:54 INFO  : Hardware design and registers information is loaded from 'C:/Users/hohai/OneDrive/Desktop/Code/ZedBoard_Zynq7000/002/002_platform/export/002_platform/hw/design_1_wrapper.xsa'.
20:30:54 INFO  : 'configparams force-mem-access 1' command is executed.
20:30:54 INFO  : Context for 'APU' is selected.
20:30:54 INFO  : Sourcing of 'C:/Users/hohai/OneDrive/Desktop/Code/ZedBoard_Zynq7000/002/002_btm_led_axi_isr_vitis/_ide/psinit/ps7_init.tcl' is done.
20:30:54 INFO  : 'ps7_init' command is executed.
20:30:54 INFO  : 'ps7_post_config' command is executed.
20:30:54 INFO  : Context for processor 'ps7_cortexa9_0' is selected.
20:30:55 INFO  : The application 'C:/Users/hohai/OneDrive/Desktop/Code/ZedBoard_Zynq7000/002/002_btm_led_axi_isr_vitis/Debug/002_btm_led_axi_isr_vitis.elf' is downloaded to processor 'ps7_cortexa9_0'.
20:30:55 INFO  : 'configparams force-mem-access 0' command is executed.
20:30:55 INFO  : ----------------XSDB Script----------------
connect -url tcp:127.0.0.1:3121
targets -set -nocase -filter {name =~"APU*"}
rst -system
after 3000
targets -set -filter {jtag_cable_name =~ "Digilent Zed 210248AC8994" && level==0 && jtag_device_ctx=="jsn-Zed-210248AC8994-23727093-0"}
fpga -file C:/Users/hohai/OneDrive/Desktop/Code/ZedBoard_Zynq7000/002/002_btm_led_axi_isr_vitis/_ide/bitstream/design_1_wrapper.bit
targets -set -nocase -filter {name =~"APU*"}
loadhw -hw C:/Users/hohai/OneDrive/Desktop/Code/ZedBoard_Zynq7000/002/002_platform/export/002_platform/hw/design_1_wrapper.xsa -mem-ranges [list {0x40000000 0xbfffffff}] -regs
configparams force-mem-access 1
targets -set -nocase -filter {name =~"APU*"}
source C:/Users/hohai/OneDrive/Desktop/Code/ZedBoard_Zynq7000/002/002_btm_led_axi_isr_vitis/_ide/psinit/ps7_init.tcl
ps7_init
ps7_post_config
targets -set -nocase -filter {name =~ "*A9*#0"}
dow C:/Users/hohai/OneDrive/Desktop/Code/ZedBoard_Zynq7000/002/002_btm_led_axi_isr_vitis/Debug/002_btm_led_axi_isr_vitis.elf
configparams force-mem-access 0
----------------End of Script----------------

20:30:55 INFO  : Context for processor 'ps7_cortexa9_0' is selected.
20:30:55 INFO  : 'con' command is executed.
20:30:55 INFO  : ----------------XSDB Script (After Launch)----------------
targets -set -nocase -filter {name =~ "*A9*#0"}
con
----------------End of Script----------------

20:30:55 INFO  : Launch script is exported to file 'C:\Users\hohai\OneDrive\Desktop\Code\ZedBoard_Zynq7000\002\.sdk\launch_scripts\single_application_debug\systemdebugger_002_btm_led_axi_isr_vitis_system_standalone.tcl'
20:35:51 INFO  : Checking for BSP changes to sync application flags for project '002_btm_led_axi_isr_vitis'...
20:36:02 INFO  : Checking for BSP changes to sync application flags for project '002_btm_led_axi_isr_vitis'...
20:36:18 INFO  : Disconnected from the channel tcfchan#17.
20:36:18 INFO  : Connected to target on host '127.0.0.1' and port '3121'.
20:36:19 INFO  : Jtag cable 'Digilent Zed 210248AC8994' is selected.
20:36:19 INFO  : 'jtag frequency' command is executed.
20:36:19 INFO  : Context for 'APU' is selected.
20:36:19 INFO  : System reset is completed.
20:36:22 INFO  : 'after 3000' command is executed.
20:36:22 INFO  : 'targets -set -filter {jtag_cable_name =~ "Digilent Zed 210248AC8994" && level==0 && jtag_device_ctx=="jsn-Zed-210248AC8994-23727093-0"}' command is executed.
20:36:24 INFO  : FPGA configured successfully with bitstream "C:/Users/hohai/OneDrive/Desktop/Code/ZedBoard_Zynq7000/002/002_btm_led_axi_isr_vitis/_ide/bitstream/design_1_wrapper.bit"
20:36:24 INFO  : Context for 'APU' is selected.
20:36:24 INFO  : Hardware design and registers information is loaded from 'C:/Users/hohai/OneDrive/Desktop/Code/ZedBoard_Zynq7000/002/002_platform/export/002_platform/hw/design_1_wrapper.xsa'.
20:36:24 INFO  : 'configparams force-mem-access 1' command is executed.
20:36:24 INFO  : Context for 'APU' is selected.
20:36:24 INFO  : Sourcing of 'C:/Users/hohai/OneDrive/Desktop/Code/ZedBoard_Zynq7000/002/002_btm_led_axi_isr_vitis/_ide/psinit/ps7_init.tcl' is done.
20:36:25 INFO  : 'ps7_init' command is executed.
20:36:25 INFO  : 'ps7_post_config' command is executed.
20:36:25 INFO  : Context for processor 'ps7_cortexa9_0' is selected.
20:36:25 INFO  : The application 'C:/Users/hohai/OneDrive/Desktop/Code/ZedBoard_Zynq7000/002/002_btm_led_axi_isr_vitis/Debug/002_btm_led_axi_isr_vitis.elf' is downloaded to processor 'ps7_cortexa9_0'.
20:36:25 INFO  : 'configparams force-mem-access 0' command is executed.
20:36:25 INFO  : ----------------XSDB Script----------------
connect -url tcp:127.0.0.1:3121
targets -set -nocase -filter {name =~"APU*"}
rst -system
after 3000
targets -set -filter {jtag_cable_name =~ "Digilent Zed 210248AC8994" && level==0 && jtag_device_ctx=="jsn-Zed-210248AC8994-23727093-0"}
fpga -file C:/Users/hohai/OneDrive/Desktop/Code/ZedBoard_Zynq7000/002/002_btm_led_axi_isr_vitis/_ide/bitstream/design_1_wrapper.bit
targets -set -nocase -filter {name =~"APU*"}
loadhw -hw C:/Users/hohai/OneDrive/Desktop/Code/ZedBoard_Zynq7000/002/002_platform/export/002_platform/hw/design_1_wrapper.xsa -mem-ranges [list {0x40000000 0xbfffffff}] -regs
configparams force-mem-access 1
targets -set -nocase -filter {name =~"APU*"}
source C:/Users/hohai/OneDrive/Desktop/Code/ZedBoard_Zynq7000/002/002_btm_led_axi_isr_vitis/_ide/psinit/ps7_init.tcl
ps7_init
ps7_post_config
targets -set -nocase -filter {name =~ "*A9*#0"}
dow C:/Users/hohai/OneDrive/Desktop/Code/ZedBoard_Zynq7000/002/002_btm_led_axi_isr_vitis/Debug/002_btm_led_axi_isr_vitis.elf
configparams force-mem-access 0
----------------End of Script----------------

20:36:25 INFO  : Context for processor 'ps7_cortexa9_0' is selected.
20:36:25 INFO  : 'con' command is executed.
20:36:25 INFO  : ----------------XSDB Script (After Launch)----------------
targets -set -nocase -filter {name =~ "*A9*#0"}
con
----------------End of Script----------------

20:36:25 INFO  : Launch script is exported to file 'C:\Users\hohai\OneDrive\Desktop\Code\ZedBoard_Zynq7000\002\.sdk\launch_scripts\single_application_debug\systemdebugger_002_btm_led_axi_isr_vitis_system_standalone.tcl'
20:37:31 INFO  : Checking for BSP changes to sync application flags for project '002_btm_led_axi_isr_vitis'...
20:37:43 INFO  : Disconnected from the channel tcfchan#20.
20:37:43 INFO  : Connected to target on host '127.0.0.1' and port '3121'.
20:37:43 INFO  : Jtag cable 'Digilent Zed 210248AC8994' is selected.
20:37:43 INFO  : 'jtag frequency' command is executed.
20:37:43 INFO  : Context for 'APU' is selected.
20:37:44 INFO  : System reset is completed.
20:37:47 INFO  : 'after 3000' command is executed.
20:37:47 INFO  : 'targets -set -filter {jtag_cable_name =~ "Digilent Zed 210248AC8994" && level==0 && jtag_device_ctx=="jsn-Zed-210248AC8994-23727093-0"}' command is executed.
20:37:49 INFO  : FPGA configured successfully with bitstream "C:/Users/hohai/OneDrive/Desktop/Code/ZedBoard_Zynq7000/002/002_btm_led_axi_isr_vitis/_ide/bitstream/design_1_wrapper.bit"
20:37:49 INFO  : Context for 'APU' is selected.
20:37:49 INFO  : Hardware design and registers information is loaded from 'C:/Users/hohai/OneDrive/Desktop/Code/ZedBoard_Zynq7000/002/002_platform/export/002_platform/hw/design_1_wrapper.xsa'.
20:37:49 INFO  : 'configparams force-mem-access 1' command is executed.
20:37:49 INFO  : Context for 'APU' is selected.
20:37:49 INFO  : Sourcing of 'C:/Users/hohai/OneDrive/Desktop/Code/ZedBoard_Zynq7000/002/002_btm_led_axi_isr_vitis/_ide/psinit/ps7_init.tcl' is done.
20:37:49 INFO  : 'ps7_init' command is executed.
20:37:49 INFO  : 'ps7_post_config' command is executed.
20:37:49 INFO  : Context for processor 'ps7_cortexa9_0' is selected.
20:37:50 INFO  : The application 'C:/Users/hohai/OneDrive/Desktop/Code/ZedBoard_Zynq7000/002/002_btm_led_axi_isr_vitis/Debug/002_btm_led_axi_isr_vitis.elf' is downloaded to processor 'ps7_cortexa9_0'.
20:37:50 INFO  : 'configparams force-mem-access 0' command is executed.
20:37:50 INFO  : ----------------XSDB Script----------------
connect -url tcp:127.0.0.1:3121
targets -set -nocase -filter {name =~"APU*"}
rst -system
after 3000
targets -set -filter {jtag_cable_name =~ "Digilent Zed 210248AC8994" && level==0 && jtag_device_ctx=="jsn-Zed-210248AC8994-23727093-0"}
fpga -file C:/Users/hohai/OneDrive/Desktop/Code/ZedBoard_Zynq7000/002/002_btm_led_axi_isr_vitis/_ide/bitstream/design_1_wrapper.bit
targets -set -nocase -filter {name =~"APU*"}
loadhw -hw C:/Users/hohai/OneDrive/Desktop/Code/ZedBoard_Zynq7000/002/002_platform/export/002_platform/hw/design_1_wrapper.xsa -mem-ranges [list {0x40000000 0xbfffffff}] -regs
configparams force-mem-access 1
targets -set -nocase -filter {name =~"APU*"}
source C:/Users/hohai/OneDrive/Desktop/Code/ZedBoard_Zynq7000/002/002_btm_led_axi_isr_vitis/_ide/psinit/ps7_init.tcl
ps7_init
ps7_post_config
targets -set -nocase -filter {name =~ "*A9*#0"}
dow C:/Users/hohai/OneDrive/Desktop/Code/ZedBoard_Zynq7000/002/002_btm_led_axi_isr_vitis/Debug/002_btm_led_axi_isr_vitis.elf
configparams force-mem-access 0
----------------End of Script----------------

20:37:50 INFO  : Context for processor 'ps7_cortexa9_0' is selected.
20:37:50 INFO  : 'con' command is executed.
20:37:50 INFO  : ----------------XSDB Script (After Launch)----------------
targets -set -nocase -filter {name =~ "*A9*#0"}
con
----------------End of Script----------------

20:37:50 INFO  : Launch script is exported to file 'C:\Users\hohai\OneDrive\Desktop\Code\ZedBoard_Zynq7000\002\.sdk\launch_scripts\single_application_debug\systemdebugger_002_btm_led_axi_isr_vitis_system_standalone.tcl'
20:41:27 INFO  : Checking for BSP changes to sync application flags for project '002_btm_led_axi_isr_vitis'...
20:44:16 INFO  : Checking for BSP changes to sync application flags for project '002_btm_led_axi_isr_vitis'...
21:19:05 INFO  : Checking for BSP changes to sync application flags for project '002_btm_led_axi_isr_vitis'...
21:19:18 INFO  : Checking for BSP changes to sync application flags for project '002_btm_led_axi_isr_vitis'...
21:20:23 INFO  : Checking for BSP changes to sync application flags for project '002_btm_led_axi_isr_vitis'...
21:20:40 INFO  : Checking for BSP changes to sync application flags for project '002_btm_led_axi_isr_vitis'...
21:21:34 INFO  : Checking for BSP changes to sync application flags for project '002_btm_led_axi_isr_vitis'...
21:21:46 INFO  : Checking for BSP changes to sync application flags for project '002_btm_led_axi_isr_vitis'...
21:23:03 INFO  : Checking for BSP changes to sync application flags for project '002_btm_led_axi_isr_vitis'...
21:23:56 INFO  : Checking for BSP changes to sync application flags for project '002_btm_led_axi_isr_vitis'...
21:27:56 INFO  : Checking for BSP changes to sync application flags for project '002_btm_led_axi_isr_vitis'...
21:28:56 INFO  : Checking for BSP changes to sync application flags for project '002_btm_led_axi_isr_vitis'...
21:30:18 INFO  : Checking for BSP changes to sync application flags for project '002_btm_led_axi_isr_vitis'...
21:40:28 INFO  : Checking for BSP changes to sync application flags for project '002_btm_led_axi_isr_vitis'...
21:41:08 INFO  : Checking for BSP changes to sync application flags for project '002_btm_led_axi_isr_vitis'...
22:00:26 INFO  : Checking for BSP changes to sync application flags for project '002_btm_led_axi_isr_vitis'...
22:00:45 INFO  : Checking for BSP changes to sync application flags for project '002_btm_led_axi_isr_vitis'...
22:01:10 INFO  : Checking for BSP changes to sync application flags for project '002_btm_led_axi_isr_vitis'...
22:02:03 INFO  : Checking for BSP changes to sync application flags for project '002_btm_led_axi_isr_vitis'...
22:02:37 INFO  : Checking for BSP changes to sync application flags for project '002_btm_led_axi_isr_vitis'...
22:04:09 INFO  : Checking for BSP changes to sync application flags for project '002_btm_led_axi_isr_vitis'...
22:06:22 INFO  : Checking for BSP changes to sync application flags for project '002_btm_led_axi_isr_vitis'...
22:08:08 INFO  : Checking for BSP changes to sync application flags for project '002_btm_led_axi_isr_vitis'...
22:09:00 INFO  : Checking for BSP changes to sync application flags for project '002_btm_led_axi_isr_vitis'...
22:09:45 INFO  : Checking for BSP changes to sync application flags for project '002_btm_led_axi_isr_vitis'...
22:14:44 INFO  : Checking for BSP changes to sync application flags for project '002_btm_led_axi_isr_vitis'...
22:15:22 INFO  : Checking for BSP changes to sync application flags for project '002_btm_led_axi_isr_vitis'...
22:18:50 INFO  : Checking for BSP changes to sync application flags for project '002_btm_led_axi_isr_vitis'...
22:19:01 INFO  : Disconnected from the channel tcfchan#22.
22:19:01 INFO  : Connected to target on host '127.0.0.1' and port '3121'.
22:19:01 INFO  : Jtag cable 'Digilent Zed 210248AC8994' is selected.
22:19:01 INFO  : 'jtag frequency' command is executed.
22:19:01 INFO  : Context for 'APU' is selected.
22:19:01 INFO  : System reset is completed.
22:19:04 INFO  : 'after 3000' command is executed.
22:19:04 INFO  : 'targets -set -filter {jtag_cable_name =~ "Digilent Zed 210248AC8994" && level==0 && jtag_device_ctx=="jsn-Zed-210248AC8994-23727093-0"}' command is executed.
22:19:07 INFO  : FPGA configured successfully with bitstream "C:/Users/hohai/OneDrive/Desktop/Code/ZedBoard_Zynq7000/002/002_btm_led_axi_isr_vitis/_ide/bitstream/design_1_wrapper.bit"
22:19:07 INFO  : Context for 'APU' is selected.
22:19:07 INFO  : Hardware design and registers information is loaded from 'C:/Users/hohai/OneDrive/Desktop/Code/ZedBoard_Zynq7000/002/002_platform/export/002_platform/hw/design_1_wrapper.xsa'.
22:19:07 INFO  : 'configparams force-mem-access 1' command is executed.
22:19:07 INFO  : Context for 'APU' is selected.
22:19:07 INFO  : Sourcing of 'C:/Users/hohai/OneDrive/Desktop/Code/ZedBoard_Zynq7000/002/002_btm_led_axi_isr_vitis/_ide/psinit/ps7_init.tcl' is done.
22:19:07 INFO  : 'ps7_init' command is executed.
22:19:07 INFO  : 'ps7_post_config' command is executed.
22:19:07 INFO  : Context for processor 'ps7_cortexa9_0' is selected.
22:19:07 INFO  : The application 'C:/Users/hohai/OneDrive/Desktop/Code/ZedBoard_Zynq7000/002/002_btm_led_axi_isr_vitis/Debug/002_btm_led_axi_isr_vitis.elf' is downloaded to processor 'ps7_cortexa9_0'.
22:19:07 INFO  : 'configparams force-mem-access 0' command is executed.
22:19:07 INFO  : ----------------XSDB Script----------------
connect -url tcp:127.0.0.1:3121
targets -set -nocase -filter {name =~"APU*"}
rst -system
after 3000
targets -set -filter {jtag_cable_name =~ "Digilent Zed 210248AC8994" && level==0 && jtag_device_ctx=="jsn-Zed-210248AC8994-23727093-0"}
fpga -file C:/Users/hohai/OneDrive/Desktop/Code/ZedBoard_Zynq7000/002/002_btm_led_axi_isr_vitis/_ide/bitstream/design_1_wrapper.bit
targets -set -nocase -filter {name =~"APU*"}
loadhw -hw C:/Users/hohai/OneDrive/Desktop/Code/ZedBoard_Zynq7000/002/002_platform/export/002_platform/hw/design_1_wrapper.xsa -mem-ranges [list {0x40000000 0xbfffffff}] -regs
configparams force-mem-access 1
targets -set -nocase -filter {name =~"APU*"}
source C:/Users/hohai/OneDrive/Desktop/Code/ZedBoard_Zynq7000/002/002_btm_led_axi_isr_vitis/_ide/psinit/ps7_init.tcl
ps7_init
ps7_post_config
targets -set -nocase -filter {name =~ "*A9*#0"}
dow C:/Users/hohai/OneDrive/Desktop/Code/ZedBoard_Zynq7000/002/002_btm_led_axi_isr_vitis/Debug/002_btm_led_axi_isr_vitis.elf
configparams force-mem-access 0
----------------End of Script----------------

22:19:07 INFO  : Context for processor 'ps7_cortexa9_0' is selected.
22:19:08 INFO  : 'con' command is executed.
22:19:08 INFO  : ----------------XSDB Script (After Launch)----------------
targets -set -nocase -filter {name =~ "*A9*#0"}
con
----------------End of Script----------------

22:19:08 INFO  : Launch script is exported to file 'C:\Users\hohai\OneDrive\Desktop\Code\ZedBoard_Zynq7000\002\.sdk\launch_scripts\single_application_debug\systemdebugger_002_btm_led_axi_isr_vitis_system_standalone.tcl'
00:12:16 INFO  : Checking for BSP changes to sync application flags for project '002_btm_led_axi_isr_vitis'...
00:13:59 INFO  : Checking for BSP changes to sync application flags for project '002_btm_led_axi_isr_vitis'...
00:14:10 INFO  : Disconnected from the channel tcfchan#46.
00:14:10 INFO  : Connected to target on host '127.0.0.1' and port '3121'.
00:14:11 INFO  : Jtag cable 'Digilent Zed 210248AC8994' is selected.
00:14:11 INFO  : 'jtag frequency' command is executed.
00:14:11 INFO  : Context for 'APU' is selected.
00:14:11 INFO  : System reset is completed.
00:14:14 INFO  : 'after 3000' command is executed.
00:14:14 INFO  : 'targets -set -filter {jtag_cable_name =~ "Digilent Zed 210248AC8994" && level==0 && jtag_device_ctx=="jsn-Zed-210248AC8994-23727093-0"}' command is executed.
00:14:16 INFO  : FPGA configured successfully with bitstream "C:/Users/hohai/OneDrive/Desktop/Code/ZedBoard_Zynq7000/002/002_btm_led_axi_isr_vitis/_ide/bitstream/design_1_wrapper.bit"
00:14:16 INFO  : Context for 'APU' is selected.
00:14:16 INFO  : Hardware design and registers information is loaded from 'C:/Users/hohai/OneDrive/Desktop/Code/ZedBoard_Zynq7000/002/002_platform/export/002_platform/hw/design_1_wrapper.xsa'.
00:14:16 INFO  : 'configparams force-mem-access 1' command is executed.
00:14:16 INFO  : Context for 'APU' is selected.
00:14:16 INFO  : Sourcing of 'C:/Users/hohai/OneDrive/Desktop/Code/ZedBoard_Zynq7000/002/002_btm_led_axi_isr_vitis/_ide/psinit/ps7_init.tcl' is done.
00:14:17 INFO  : 'ps7_init' command is executed.
00:14:17 INFO  : 'ps7_post_config' command is executed.
00:14:17 INFO  : Context for processor 'ps7_cortexa9_0' is selected.
00:14:17 INFO  : The application 'C:/Users/hohai/OneDrive/Desktop/Code/ZedBoard_Zynq7000/002/002_btm_led_axi_isr_vitis/Debug/002_btm_led_axi_isr_vitis.elf' is downloaded to processor 'ps7_cortexa9_0'.
00:14:17 INFO  : 'configparams force-mem-access 0' command is executed.
00:14:17 INFO  : ----------------XSDB Script----------------
connect -url tcp:127.0.0.1:3121
targets -set -nocase -filter {name =~"APU*"}
rst -system
after 3000
targets -set -filter {jtag_cable_name =~ "Digilent Zed 210248AC8994" && level==0 && jtag_device_ctx=="jsn-Zed-210248AC8994-23727093-0"}
fpga -file C:/Users/hohai/OneDrive/Desktop/Code/ZedBoard_Zynq7000/002/002_btm_led_axi_isr_vitis/_ide/bitstream/design_1_wrapper.bit
targets -set -nocase -filter {name =~"APU*"}
loadhw -hw C:/Users/hohai/OneDrive/Desktop/Code/ZedBoard_Zynq7000/002/002_platform/export/002_platform/hw/design_1_wrapper.xsa -mem-ranges [list {0x40000000 0xbfffffff}] -regs
configparams force-mem-access 1
targets -set -nocase -filter {name =~"APU*"}
source C:/Users/hohai/OneDrive/Desktop/Code/ZedBoard_Zynq7000/002/002_btm_led_axi_isr_vitis/_ide/psinit/ps7_init.tcl
ps7_init
ps7_post_config
targets -set -nocase -filter {name =~ "*A9*#0"}
dow C:/Users/hohai/OneDrive/Desktop/Code/ZedBoard_Zynq7000/002/002_btm_led_axi_isr_vitis/Debug/002_btm_led_axi_isr_vitis.elf
configparams force-mem-access 0
----------------End of Script----------------

00:14:17 INFO  : Context for processor 'ps7_cortexa9_0' is selected.
00:14:17 INFO  : 'con' command is executed.
00:14:17 INFO  : ----------------XSDB Script (After Launch)----------------
targets -set -nocase -filter {name =~ "*A9*#0"}
con
----------------End of Script----------------

00:14:17 INFO  : Launch script is exported to file 'C:\Users\hohai\OneDrive\Desktop\Code\ZedBoard_Zynq7000\002\.sdk\launch_scripts\single_application_debug\systemdebugger_002_btm_led_axi_isr_vitis_system_standalone.tcl'
00:15:10 INFO  : Checking for BSP changes to sync application flags for project '002_btm_led_axi_isr_vitis'...
00:15:31 INFO  : Checking for BSP changes to sync application flags for project '002_btm_led_axi_isr_vitis'...
00:16:22 INFO  : Checking for BSP changes to sync application flags for project '002_btm_led_axi_isr_vitis'...
00:18:20 INFO  : Result from executing command 'getProjects': 002_platform
00:18:20 INFO  : Result from executing command 'getPlatforms': 002_platform|C:/Users/hohai/OneDrive/Desktop/Code/ZedBoard_Zynq7000/002/002_platform/export/002_platform/002_platform.xpfm
00:18:21 INFO  : Checking for BSP changes to sync application flags for project '002_btm_led_axi_isr_vitis'...
00:19:42 INFO  : Checking for BSP changes to sync application flags for project '002_btm_led_axi_isr_vitis'...
00:22:41 INFO  : Checking for BSP changes to sync application flags for project '002_btm_led_axi_isr_vitis'...
00:22:57 INFO  : Checking for BSP changes to sync application flags for project '002_btm_led_axi_isr_vitis'...
00:23:08 INFO  : Checking for BSP changes to sync application flags for project '002_btm_led_axi_isr_vitis'...
00:25:37 INFO  : Checking for BSP changes to sync application flags for project '002_btm_led_axi_isr_vitis'...
00:26:01 INFO  : Checking for BSP changes to sync application flags for project '002_btm_led_axi_isr_vitis'...
00:26:17 INFO  : Checking for BSP changes to sync application flags for project '002_btm_led_axi_isr_vitis'...
00:32:15 INFO  : Checking for BSP changes to sync application flags for project '002_btm_led_axi_isr_vitis'...
00:34:17 INFO  : Checking for BSP changes to sync application flags for project '002_btm_led_axi_isr_vitis'...
00:34:30 INFO  : Checking for BSP changes to sync application flags for project '002_btm_led_axi_isr_vitis'...
00:34:39 INFO  : Checking for BSP changes to sync application flags for project '002_btm_led_axi_isr_vitis'...
00:34:51 INFO  : Disconnected from the channel tcfchan#49.
00:34:51 INFO  : Connected to target on host '127.0.0.1' and port '3121'.
00:34:51 INFO  : Jtag cable 'Digilent Zed 210248AC8994' is selected.
00:34:51 INFO  : 'jtag frequency' command is executed.
00:34:51 INFO  : Context for 'APU' is selected.
00:34:51 INFO  : System reset is completed.
00:34:54 INFO  : 'after 3000' command is executed.
00:34:54 INFO  : 'targets -set -filter {jtag_cable_name =~ "Digilent Zed 210248AC8994" && level==0 && jtag_device_ctx=="jsn-Zed-210248AC8994-23727093-0"}' command is executed.
00:34:57 INFO  : FPGA configured successfully with bitstream "C:/Users/hohai/OneDrive/Desktop/Code/ZedBoard_Zynq7000/002/002_btm_led_axi_isr_vitis/_ide/bitstream/design_1_wrapper.bit"
00:34:57 INFO  : Context for 'APU' is selected.
00:34:57 INFO  : Hardware design and registers information is loaded from 'C:/Users/hohai/OneDrive/Desktop/Code/ZedBoard_Zynq7000/002/002_platform/export/002_platform/hw/design_1_wrapper.xsa'.
00:34:57 INFO  : 'configparams force-mem-access 1' command is executed.
00:34:57 INFO  : Context for 'APU' is selected.
00:34:57 INFO  : Sourcing of 'C:/Users/hohai/OneDrive/Desktop/Code/ZedBoard_Zynq7000/002/002_btm_led_axi_isr_vitis/_ide/psinit/ps7_init.tcl' is done.
00:34:57 INFO  : 'ps7_init' command is executed.
00:34:57 INFO  : 'ps7_post_config' command is executed.
00:34:57 INFO  : Context for processor 'ps7_cortexa9_0' is selected.
00:34:58 INFO  : The application 'C:/Users/hohai/OneDrive/Desktop/Code/ZedBoard_Zynq7000/002/002_btm_led_axi_isr_vitis/Debug/002_btm_led_axi_isr_vitis.elf' is downloaded to processor 'ps7_cortexa9_0'.
00:34:58 INFO  : 'configparams force-mem-access 0' command is executed.
00:34:58 INFO  : ----------------XSDB Script----------------
connect -url tcp:127.0.0.1:3121
targets -set -nocase -filter {name =~"APU*"}
rst -system
after 3000
targets -set -filter {jtag_cable_name =~ "Digilent Zed 210248AC8994" && level==0 && jtag_device_ctx=="jsn-Zed-210248AC8994-23727093-0"}
fpga -file C:/Users/hohai/OneDrive/Desktop/Code/ZedBoard_Zynq7000/002/002_btm_led_axi_isr_vitis/_ide/bitstream/design_1_wrapper.bit
targets -set -nocase -filter {name =~"APU*"}
loadhw -hw C:/Users/hohai/OneDrive/Desktop/Code/ZedBoard_Zynq7000/002/002_platform/export/002_platform/hw/design_1_wrapper.xsa -mem-ranges [list {0x40000000 0xbfffffff}] -regs
configparams force-mem-access 1
targets -set -nocase -filter {name =~"APU*"}
source C:/Users/hohai/OneDrive/Desktop/Code/ZedBoard_Zynq7000/002/002_btm_led_axi_isr_vitis/_ide/psinit/ps7_init.tcl
ps7_init
ps7_post_config
targets -set -nocase -filter {name =~ "*A9*#0"}
dow C:/Users/hohai/OneDrive/Desktop/Code/ZedBoard_Zynq7000/002/002_btm_led_axi_isr_vitis/Debug/002_btm_led_axi_isr_vitis.elf
configparams force-mem-access 0
----------------End of Script----------------

00:34:58 INFO  : Context for processor 'ps7_cortexa9_0' is selected.
00:34:58 INFO  : 'con' command is executed.
00:34:58 INFO  : ----------------XSDB Script (After Launch)----------------
targets -set -nocase -filter {name =~ "*A9*#0"}
con
----------------End of Script----------------

00:34:58 INFO  : Launch script is exported to file 'C:\Users\hohai\OneDrive\Desktop\Code\ZedBoard_Zynq7000\002\.sdk\launch_scripts\single_application_debug\systemdebugger_002_btm_led_axi_isr_vitis_system_standalone.tcl'
00:35:11 INFO  : Checking for BSP changes to sync application flags for project '002_btm_led_axi_isr_vitis'...
