17:38:41 **** Incremental Build of configuration Debug for project 001_IoT ****
make all 
make --no-print-directory pre-build
a9-linaro-pre-build-step
' '
make --no-print-directory main-build
'Building file: ../src/main.cpp'
'Invoking: ARM v7 g++ compiler'
arm-none-eabi-g++ -DDEBUG_EN -D__ZYNQ__ -Wall -O0 -g3 -IC:/Users/hohai/OneDrive/Desktop/Code/ZedBoard_Zynq7000/001/001_platform/export/001_platform/sw/001_platform/standalone_domain/bspinclude/include -I"C:\Users\hohai\OneDrive\Desktop\Code\ZedBoard_Zynq7000\driver" -c -fmessage-length=0 -MT"src/main.o" -mcpu=cortex-a9 -mfpu=vfpv3 -mfloat-abi=hard -MMD -MP -MF"src/main.d" -MT"src/main.o" -o "src/main.o" "../src/main.cpp"
'Finished building: ../src/main.cpp'
' '
'Building target: 001_IoT.elf'
'Invoking: ARM v7 g++ linker'
arm-none-eabi-g++ -mcpu=cortex-a9 -mfpu=vfpv3 -mfloat-abi=hard -Wl,-build-id=none -specs=Xilinx.spec -Wl,-T -Wl,../src/lscript.ld -LC:/Users/hohai/OneDrive/Desktop/Code/ZedBoard_Zynq7000/001/001_platform/export/001_platform/sw/001_platform/standalone_domain/bsplib/lib -o "001_IoT.elf"  ./src/main.o   -Wl,--start-group,-lxil,-lgcc,-lc,-lstdc++,--end-group
c:/xilinx2020/vitis/2020.1/gnu/aarch32/nt/gcc-arm-none-eabi/x86_64-oesdk-mingw32/usr/bin/arm-xilinx-eabi/../../libexec/arm-xilinx-eabi/gcc/arm-xilinx-eabi/9.2.0/real-ld.exe: ./src/main.o: in function `main':
C:\Users\hohai\OneDrive\Desktop\Code\ZedBoard_Zynq7000\001\001_IoT\Debug/../src/main.cpp:96: undefined reference to `bme_sensor_handler::init_BME280()'
c:/xilinx2020/vitis/2020.1/gnu/aarch32/nt/gcc-arm-none-eabi/x86_64-oesdk-mingw32/usr/bin/arm-xilinx-eabi/../../libexec/arm-xilinx-eabi/gcc/arm-xilinx-eabi/9.2.0/real-ld.exe: C:\Users\hohai\OneDrive\Desktop\Code\ZedBoard_Zynq7000\001\001_IoT\Debug/../src/main.cpp:97: undefined reference to `bme_sensor_handler::set_sensor_mode(unsigned char)'
c:/xilinx2020/vitis/2020.1/gnu/aarch32/nt/gcc-arm-none-eabi/x86_64-oesdk-mingw32/usr/bin/arm-xilinx-eabi/../../libexec/arm-xilinx-eabi/gcc/arm-xilinx-eabi/9.2.0/real-ld.exe: C:\Users\hohai\OneDrive\Desktop\Code\ZedBoard_Zynq7000\001\001_IoT\Debug/../src/main.cpp:98: undefined reference to `bme_sensor_handler::get_status()'
c:/xilinx2020/vitis/2020.1/gnu/aarch32/nt/gcc-arm-none-eabi/x86_64-oesdk-mingw32/usr/bin/arm-xilinx-eabi/../../libexec/arm-xilinx-eabi/gcc/arm-xilinx-eabi/9.2.0/real-ld.exe: C:\Users\hohai\OneDrive\Desktop\Code\ZedBoard_Zynq7000\001\001_IoT\Debug/../src/main.cpp:103: undefined reference to `bme_sensor_handler::set_sensor_settings(bme280_settings const&)'
c:/xilinx2020/vitis/2020.1/gnu/aarch32/nt/gcc-arm-none-eabi/x86_64-oesdk-mingw32/usr/bin/arm-xilinx-eabi/../../libexec/arm-xilinx-eabi/gcc/arm-xilinx-eabi/9.2.0/real-ld.exe: C:\Users\hohai\OneDrive\Desktop\Code\ZedBoard_Zynq7000\001\001_IoT\Debug/../src/main.cpp:104: undefined reference to `bme_sensor_handler::get_sensor_settings(bme280_settings&)'
c:/xilinx2020/vitis/2020.1/gnu/aarch32/nt/gcc-arm-none-eabi/x86_64-oesdk-mingw32/usr/bin/arm-xilinx-eabi/../../libexec/arm-xilinx-eabi/gcc/arm-xilinx-eabi/9.2.0/real-ld.exe: C:\Users\hohai\OneDrive\Desktop\Code\ZedBoard_Zynq7000\001\001_IoT\Debug/../src/main.cpp:106: undefined reference to `bme_sensor_handler::get_sensor_data()'
c:/xilinx2020/vitis/2020.1/gnu/aarch32/nt/gcc-arm-none-eabi/x86_64-oesdk-mingw32/usr/bin/arm-xilinx-eabi/../../libexec/arm-xilinx-eabi/gcc/arm-xilinx-eabi/9.2.0/real-ld.exe: C:\Users\hohai\OneDrive\Desktop\Code\ZedBoard_Zynq7000\001\001_IoT\Debug/../src/main.cpp:108: undefined reference to `bme_sensor_handler::print_sensor_data()'
collect2.exe: error: ld returned 1 exit status
'Finished building target: 001_IoT.elf'
' '
'Invoking: ARM v7 Print Size'
arm-none-eabi-size 001_IoT.elf  |tee "001_IoT.elf.size"
arm-none-eabi-size: '001_IoT.elf': No such file
'Finished building: 001_IoT.elf.size'
' '

17:38:41 Build Finished (took 896ms)

