#-----------------------------------------------------------
# Vivado v2020.1 (64-bit)
# SW Build 2902540 on Wed May 27 19:54:49 MDT 2020
# IP Build 2902112 on Wed May 27 22:43:36 MDT 2020
# Start of session at: Sun Mar 21 15:52:49 2021
# Process ID: 13000
# Current directory: C:/Users/hohai/OneDrive/Desktop/Code/ZedBoard_Zynq7000/001/oled_control
# Command line: vivado.exe -gui_launcher_event rodinguilauncherevent11760 C:\Users\hohai\OneDrive\Desktop\Code\ZedBoard_Zynq7000\001\oled_control\edit_oled_control_v1_0.xpr
# Log file: C:/Users/hohai/OneDrive/Desktop/Code/ZedBoard_Zynq7000/001/oled_control/vivado.log
# Journal file: C:/Users/hohai/OneDrive/Desktop/Code/ZedBoard_Zynq7000/001/oled_control\vivado.jou
#-----------------------------------------------------------
start_gui
open_project C:/Users/hohai/OneDrive/Desktop/Code/ZedBoard_Zynq7000/001/oled_control/edit_oled_control_v1_0.xpr
INFO: [Project 1-313] Project file moved from 'c:/users/hohai/onedrive/desktop/code/temp/zedboard_zynq7000/001/oled_control' since last save.
WARNING: [filemgmt 56-99] Vivado Synthesis ignores library specification for Verilog or SystemVerilog files. [C:/../Users/hohai/OneDrive/Desktop/Code/temp/ZedBoard_Zynq7000/001/oled_control/oled_control_1.0/hdl/oled_control_v1_0_S00_AXI.v:]
WARNING: [filemgmt 56-99] Vivado Synthesis ignores library specification for Verilog or SystemVerilog files. [C:/../Users/hohai/OneDrive/Desktop/Code/temp/ZedBoard_Zynq7000/001/oled_control/oled_control_1.0/hdl/oled_control_v1_0.v:]
Scanning sources...
Finished scanning sources
WARNING: [filemgmt 56-2] Default IP Output Path : Could not find the directory 'C:/Users/hohai/OneDrive/Desktop/Code/ZedBoard_Zynq7000/001/oled_control/edit_oled_control_v1_0.srcs/sources_1', nor could it be found using path 'c:/users/hohai/onedrive/desktop/code/temp/zedboard_zynq7000/001/oled_control/edit_oled_control_v1_0.srcs/sources_1'.
INFO: [IP_Flow 19-234] Refreshing IP repositories
WARNING: [IP_Flow 19-2248] Failed to load user IP repository 'c:Users/hohai/OneDrive/Desktop/Code/temp/ZedBoard_Zynq7000/001/oled_control/oled_control_1.0'; Can't find the specified path.
If this directory should no longer be in your list of user repositories, go to the IP Settings dialog and remove it.
WARNING: [IP_Flow 19-2248] Failed to load user IP repository 'c:Users/hohai/OneDrive/Desktop/Code/ZynqOLED-master/ip/oledControl_1.0/src'; Can't find the specified path.
If this directory should no longer be in your list of user repositories, go to the IP Settings dialog and remove it.
INFO: [IP_Flow 19-2313] Loaded Vivado IP repository 'C:/Xilinx2020/Vivado/2020.1/data/ip'.
update_compile_order -fileset sources_1
exit
INFO: [Common 17-206] Exiting Vivado at Sun Mar 21 15:53:16 2021...
