INFO-FLOW: Workspace C:/Users/hohai/OneDrive/Desktop/Code/ZedBoard_Zynq7000/trafic_light_vhls_001/solution1 opened at Thu Jan 07 17:46:00 +0900 2021
Execute     config_clock -quiet -name default -period 10 -default=false 
INFO: [SYN 201-201] Setting up clock 'default' with a period of 10ns.
Execute     open_platform DefaultPlatform 
Execute     import_lib C:/Xilinx/Vivado/2019.2/common/technology/xilinx/zynq/zynq 
Execute       source C:/Xilinx/Vivado/2019.2/common/technology/xilinx/common/xilinx.lib 
Execute         source C:/Xilinx/Vivado/2019.2/common/technology/xilinx/interface/xilinx_interface.lib 
Execute           source C:/Xilinx/Vivado/2019.2/common/technology/xilinx/interface/plb46.lib 
Execute           source C:/Xilinx/Vivado/2019.2/common/technology/xilinx/interface/fsl.lib 
Execute           source C:/Xilinx/Vivado/2019.2/common/technology/xilinx/interface/axi4.lib 
Execute           source C:/Xilinx/Vivado/2019.2/common/technology/xilinx/interface/maxi.lib 
Execute           source C:/Xilinx/Vivado/2019.2/common/technology/xilinx/interface/saxilite.lib 
Execute         source C:/Xilinx/Vivado/2019.2/common/technology/xilinx/common/dsp48.lib 
Execute         source C:/Xilinx/Vivado/2019.2/common/technology/xilinx/ip/dds_compiler.lib 
Execute         source C:/Xilinx/Vivado/2019.2/common/technology/xilinx/ip/xfft.lib 
Execute         source C:/Xilinx/Vivado/2019.2/common/technology/xilinx/ip/xfir.lib 
Execute       source C:/Xilinx/Vivado/2019.2/common/technology/xilinx/common/xilinx.hlp 
Execute         source C:/Xilinx/Vivado/2019.2/common/technology/xilinx/common/target_info.tcl 
Execute         source C:/Xilinx/Vivado/2019.2/common/technology/xilinx/interface/xilinx_interface.hlp 
Execute           source C:/Xilinx/Vivado/2019.2/common/technology/xilinx/interface/maxi.hlp 
Execute           source C:/Xilinx/Vivado/2019.2/common/technology/xilinx/interface/saxilite.hlp 
Execute         source C:/Xilinx/Vivado/2019.2/common/technology/xilinx/common/dsp48.hlp 
Execute       source C:/Xilinx/Vivado/2019.2/common/technology/xilinx/zynq/dsp48e1.hlp 
Execute       source C:/Xilinx/Vivado/2019.2/common/technology/xilinx/common/xilinx.hlp 
Execute         source C:/Xilinx/Vivado/2019.2/common/technology/xilinx/common/target_info.tcl 
Execute         source C:/Xilinx/Vivado/2019.2/common/technology/xilinx/interface/xilinx_interface.hlp 
Execute           source C:/Xilinx/Vivado/2019.2/common/technology/xilinx/interface/maxi.hlp 
Execute           source C:/Xilinx/Vivado/2019.2/common/technology/xilinx/interface/saxilite.hlp 
Execute         source C:/Xilinx/Vivado/2019.2/common/technology/xilinx/common/dsp48.hlp 
Execute     source C:/Xilinx/Vivado/2019.2/common/technology/xilinx/zynq/zynq.gen 
Execute       source C:/Xilinx/Vivado/2019.2/common/technology/xilinx/common/xilinx.gen 
Execute         source C:/Xilinx/Vivado/2019.2/common/technology/xilinx/interface/plb46.gen 
Execute         source C:/Xilinx/Vivado/2019.2/common/technology/xilinx/interface/fsl.gen 
Execute         source C:/Xilinx/Vivado/2019.2/common/technology/xilinx/interface/axi4.gen 
Execute         source C:/Xilinx/Vivado/2019.2/common/technology/xilinx/interface/nativeAXI4.gen 
Execute           source C:/Xilinx/Vivado/2019.2/common/technology/xilinx/interface/saxilite.gen 
Execute           source C:/Xilinx/Vivado/2019.2/common/technology/xilinx/interface/maxi.gen 
Execute         source C:/Xilinx/Vivado/2019.2/common/technology/xilinx/scripts/xilinxcoregen.gen 
Execute         source C:/Xilinx/Vivado/2019.2/common/technology/xilinx/interface/XilEDKCoreGen.gen 
Execute         source C:/Xilinx/Vivado/2019.2/common/technology/xilinx/ip/dds_compiler.gen 
Execute         source C:/Xilinx/Vivado/2019.2/common/technology/xilinx/ip/util.gen 
Execute         source C:/Xilinx/Vivado/2019.2/common/technology/xilinx/ip/xfft.gen 
Execute         source C:/Xilinx/Vivado/2019.2/common/technology/xilinx/ip/xfir.gen 
Execute         source C:/Xilinx/Vivado/2019.2/common/technology/xilinx/common/dsp48.gen 
Command       ap_source done; 0.118 sec.
Command     ap_source done; 0.119 sec.
Execute     open_platform DefaultPlatform 
Execute     import_lib C:/Xilinx/Vivado/2019.2/common/technology/xilinx/zynq/zynq_fpv6 
Execute       source C:/Xilinx/Vivado/2019.2/common/technology/xilinx/common/xilinx_fp.lib 
Execute       source C:/Xilinx/Vivado/2019.2/common/technology/xilinx/common/xilinx_fp.hlp 
Execute         source C:/Xilinx/Vivado/2019.2/common/technology/xilinx/common/xilinx.hlp 
Execute           source C:/Xilinx/Vivado/2019.2/common/technology/xilinx/common/target_info.tcl 
Execute           source C:/Xilinx/Vivado/2019.2/common/technology/xilinx/interface/xilinx_interface.hlp 
Execute             source C:/Xilinx/Vivado/2019.2/common/technology/xilinx/interface/maxi.hlp 
Execute             source C:/Xilinx/Vivado/2019.2/common/technology/xilinx/interface/saxilite.hlp 
Execute           source C:/Xilinx/Vivado/2019.2/common/technology/xilinx/common/dsp48.hlp 
Execute     source C:/Xilinx/Vivado/2019.2/common/technology/xilinx/zynq/zynq_fpv6.gen 
Execute       source C:/Xilinx/Vivado/2019.2/common/technology/xilinx/common/xilinx_fp.gen 
Execute     set_part xc7z020-clg484-1 
Execute       ap_part_info -name xc7z020-clg484-1 -data single -quiet 
Command       ap_part_info done; 0.513 sec.
Execute       ap_part_info -name xc7z020-clg484-1 -data info 
Execute       add_library xilinx/zynq/zynq:xc7z020:-clg484:-1 
Execute         get_default_platform 
Execute         ap_part_info -data single -name xc7z020-clg484-1 
Execute         ap_part_info -name xc7z020-clg484-1 -data resources 
Execute         ap_part_info -name xc7z020-clg484-1 -data info 
Execute         ap_part_info -name xc7z020-clg484-1 -data info 
Execute         config_chip_info -quiet -resource {SLICE 13300} {LUT 53200} {FF 106400} {DSP48E 220} {BRAM 280} {URAM 0} 
Execute         ap_part_info -name xc7z020-clg484-1 -data info 
Execute         config_chip_info -quiet -speed slow 
Execute       add_library xilinx/zynq/zynq_fpv6 
Execute         get_default_platform 
Execute         open_platform DefaultPlatform 
Execute         import_lib C:/Xilinx/Vivado/2019.2/common/technology/xilinx/zynq/zynq_fpv6 
Execute           source C:/Xilinx/Vivado/2019.2/common/technology/xilinx/common/xilinx_fp.lib 
Execute           source C:/Xilinx/Vivado/2019.2/common/technology/xilinx/common/xilinx_fp.hlp 
Execute             source C:/Xilinx/Vivado/2019.2/common/technology/xilinx/common/xilinx.hlp 
Execute               source C:/Xilinx/Vivado/2019.2/common/technology/xilinx/common/target_info.tcl 
Execute               source C:/Xilinx/Vivado/2019.2/common/technology/xilinx/interface/xilinx_interface.hlp 
Execute                 source C:/Xilinx/Vivado/2019.2/common/technology/xilinx/interface/maxi.hlp 
Execute                 source C:/Xilinx/Vivado/2019.2/common/technology/xilinx/interface/saxilite.hlp 
Execute               source C:/Xilinx/Vivado/2019.2/common/technology/xilinx/common/dsp48.hlp 
Execute         source C:/Xilinx/Vivado/2019.2/common/technology/xilinx/zynq/zynq_fpv6.gen 
Execute           source C:/Xilinx/Vivado/2019.2/common/technology/xilinx/common/xilinx_fp.gen 
INFO: [HLS 200-10] Setting target device to 'xc7z020-clg484-1'
Execute       ap_part_info -name xc7z020-clg484-1 -data info 
Execute       get_default_platform 
Command     set_part done; 0.637 sec.
Execute     ap_part_info -data single -name xc7z020-clg484-1 
Execute     ap_part_info -name xc7z020-clg484-1 -data resources 
Execute     ap_part_info -name xc7z020-clg484-1 -data info 
Execute     ap_part_info -name xc7z020-clg484-1 -data info 
Execute     config_chip_info -quiet -resource {SLICE 13300} {LUT 53200} {FF 106400} {DSP48E 220} {BRAM 280} {URAM 0} 
Execute     ap_part_info -name xc7z020-clg484-1 -data info 
Execute     config_chip_info -quiet -speed slow 
Execute     config_export -format=ip_catalog 
Execute     config_export -rtl=verilog 
Command   open_solution done; 0.829 sec.
Execute   set_part xc7z020clg484-1 
Execute     ap_part_info -name xc7z020clg484-1 -data single -quiet 
Execute     ap_part_info -name xc7z020clg484-1 -data info 
Execute     add_library xilinx/zynq/zynq:xc7z020:-clg484:-1 
Execute       get_default_platform 
Execute       ap_part_info -data single -name xc7z020-clg484-1 
Execute       ap_part_info -name xc7z020-clg484-1 -data resources 
Execute       ap_part_info -name xc7z020-clg484-1 -data info 
Execute       ap_part_info -name xc7z020-clg484-1 -data info 
Execute       config_chip_info -quiet -resource {SLICE 13300} {LUT 53200} {FF 106400} {DSP48E 220} {BRAM 280} {URAM 0} 
Execute       ap_part_info -name xc7z020-clg484-1 -data info 
Execute       config_chip_info -quiet -speed slow 
Execute     add_library xilinx/zynq/zynq_fpv6 
Execute       get_default_platform 
Execute       open_platform DefaultPlatform 
Execute       import_lib C:/Xilinx/Vivado/2019.2/common/technology/xilinx/zynq/zynq_fpv6 
Execute         source C:/Xilinx/Vivado/2019.2/common/technology/xilinx/common/xilinx_fp.lib 
Execute         source C:/Xilinx/Vivado/2019.2/common/technology/xilinx/common/xilinx_fp.hlp 
Execute           source C:/Xilinx/Vivado/2019.2/common/technology/xilinx/common/xilinx.hlp 
Execute             source C:/Xilinx/Vivado/2019.2/common/technology/xilinx/common/target_info.tcl 
Execute             source C:/Xilinx/Vivado/2019.2/common/technology/xilinx/interface/xilinx_interface.hlp 
Execute               source C:/Xilinx/Vivado/2019.2/common/technology/xilinx/interface/maxi.hlp 
Execute               source C:/Xilinx/Vivado/2019.2/common/technology/xilinx/interface/saxilite.hlp 
Execute             source C:/Xilinx/Vivado/2019.2/common/technology/xilinx/common/dsp48.hlp 
Execute       source C:/Xilinx/Vivado/2019.2/common/technology/xilinx/zynq/zynq_fpv6.gen 
Execute         source C:/Xilinx/Vivado/2019.2/common/technology/xilinx/common/xilinx_fp.gen 
Execute     ap_part_info -name xc7z020-clg484-1 -data info 
Execute     get_default_platform 
Command   set_part done; 0.128 sec.
Execute   create_clock -period 10 -name default 
Execute     config_clock -quiet -name default -period 10 -default=false 
INFO: [SYN 201-201] Setting up clock 'default' with a period of 10ns.
Execute   config_export -format ip_catalog -rtl verilog 
Execute   csynth_design 
Execute     get_config_compile -dump_cfg 
Execute     get_config_compile -effort 
Execute     get_config_compile -enable_clang39 
Execute     get_config_compile -g 
Execute     get_config_compile -ng 
Execute     get_config_compile -opt_fp 
Execute     get_config_compile -skip_cdt 
Execute     get_config_compile -skip_syncheck 
Execute     get_config_compile -skip_transform 
Execute     get_config_compile -keep_printf 
Execute     elaborate -effort=medium -skip_syncheck=0 -keep_printf=0 -skip_cdt=0 -skip_transform=0 -ng=0 -g=0 -opt_fp=0 -from_csynth_design=1 
Execute       get_config_schedule -relax_ii_for_timing 
INFO: [SCHED 204-61] Option 'relax_ii_for_timing' is enabled, will increase II to preserve clock frequency constraints.
Execute       get_config_schedule -suppress_dependence_error_break 
INFO: [HLS 200-10] Analyzing design file 'trafic_light_vhls_001/trafic_light.cpp' ... 
INFO-FLOW: Compiling one TU...
Execute       is_m_axi_addr64 
INFO-FLOW: Handling trafic_light_vhls_001/trafic_light.cpp as C++
Execute       ap_part_info -name xc7z020-clg484-1 -data info 
Execute       is_encrypted trafic_light_vhls_001/trafic_light.cpp 
Execute       ap_part_info -name xc7z020-clg484-1 -data info 
INFO-FLOW: Running: GCC PP
INFO-FLOW: Source preprocessing
Execute       clang  -fno-limit-debug-info -gcc-toolchain "C:/Xilinx/Vivado/2019.2/msys" -hls  -fno-exceptions  -D__llvm__  -E "trafic_light_vhls_001/trafic_light.cpp"     -fno-math-errno -c -emit-llvm -O0  -mllvm -disable-llvm-optzns -fno-threadsafe-statics  -fno-use-cxa-atexit  -fno-threadsafe-statics -fno-use-cxa-atexit -D__CLANG_3_1__ -D__cdecl= -DAESL_SYN -D__SYNTHESIS__ -D__HLS_SYN__ -I "C:/Xilinx/Vivado/2019.2/common/technology/autopilot" -I "C:/Xilinx/Vivado/2019.2/common/technology/autopilot/ap_sysc" -include etc/autopilot_ssdm_op.h -D__DSP48E1__  -o "C:/Users/hohai/OneDrive/Desktop/Code/ZedBoard_Zynq7000/trafic_light_vhls_001/solution1/.autopilot/db/trafic_light.pp.0.cpp" 
INFO-FLOW: exec C:/Xilinx/Vivado/2019.2/win64/tools/clang/bin/clang -fno-limit-debug-info -gcc-toolchain C:/Xilinx/Vivado/2019.2/msys -hls -fno-exceptions -D__llvm__ -E trafic_light_vhls_001/trafic_light.cpp -fno-math-errno -c -emit-llvm -O0 -mllvm -disable-llvm-optzns -fno-threadsafe-statics -fno-use-cxa-atexit -fno-threadsafe-statics -fno-use-cxa-atexit -D__CLANG_3_1__ -D__cdecl= -DAESL_SYN -D__SYNTHESIS__ -D__HLS_SYN__ -I C:/Xilinx/Vivado/2019.2/common/technology/autopilot -I C:/Xilinx/Vivado/2019.2/common/technology/autopilot/ap_sysc -include etc/autopilot_ssdm_op.h -D__DSP48E1__ -o C:/Users/hohai/OneDrive/Desktop/Code/ZedBoard_Zynq7000/trafic_light_vhls_001/solution1/.autopilot/db/trafic_light.pp.0.cpp
Command       clang done; 1.01 sec.
Execute       tidy_31 xilinx-xfmat-array-geometry C:/Users/hohai/OneDrive/Desktop/Code/ZedBoard_Zynq7000/trafic_light_vhls_001/solution1/.autopilot/db/trafic_light.pp.0.cpp std=gnu++98 
INFO-FLOW: exec C:/Xilinx/Vivado/2019.2/win64/tools/clang-3.9-csynth/bin/tidy-3.1 -header-filter=.* -checks=-*,xilinx-xfmat-array-geometry -quiet -fix C:/Users/hohai/OneDrive/Desktop/Code/ZedBoard_Zynq7000/trafic_light_vhls_001/solution1/.autopilot/db/trafic_light.pp.0.cpp -- -std=gnu++98 -fhls -ferror-limit=0
INFO-FLOW: Syntax Checking before pre-processing...
Execute       clang -syntaxcheck -src C:/Users/hohai/OneDrive/Desktop/Code/ZedBoard_Zynq7000/trafic_light_vhls_001/solution1/.autopilot/db/trafic_light.pp.0.cpp  -fno-limit-debug-info -gcc-toolchain "C:/Xilinx/Vivado/2019.2/msys" -hls    -fno-math-errno -c -emit-llvm -O0  -mllvm -disable-llvm-optzns -fno-threadsafe-statics  -fno-use-cxa-atexit  -fno-threadsafe-statics -fno-use-cxa-atexit -D__CLANG_3_1__ -D__cdecl= -DAESL_SYN -D__SYNTHESIS__ -D__HLS_SYN__ -I "C:/Xilinx/Vivado/2019.2/common/technology/autopilot" -I "C:/Xilinx/Vivado/2019.2/common/technology/autopilot/ap_sysc" -include etc/autopilot_ssdm_op.h -D__DSP48E1__  "C:/Users/hohai/OneDrive/Desktop/Code/ZedBoard_Zynq7000/trafic_light_vhls_001/solution1/.autopilot/db/trafic_light.pp.0.cpp"  -o "C:/Users/hohai/OneDrive/Desktop/Code/ZedBoard_Zynq7000/trafic_light_vhls_001/solution1/.autopilot/db/useless.bc"  
INFO-FLOW: exec C:/Xilinx/Vivado/2019.2/win64/tools/clang/bin/clang -fno-limit-debug-info -gcc-toolchain C:/Xilinx/Vivado/2019.2/msys -hls -fno-math-errno -c -emit-llvm -O0 -mllvm -disable-llvm-optzns -fno-threadsafe-statics -fno-use-cxa-atexit -fno-threadsafe-statics -fno-use-cxa-atexit -D__CLANG_3_1__ -D__cdecl= -DAESL_SYN -D__SYNTHESIS__ -D__HLS_SYN__ -I C:/Xilinx/Vivado/2019.2/common/technology/autopilot -I C:/Xilinx/Vivado/2019.2/common/technology/autopilot/ap_sysc -include etc/autopilot_ssdm_op.h -D__DSP48E1__ C:/Users/hohai/OneDrive/Desktop/Code/ZedBoard_Zynq7000/trafic_light_vhls_001/solution1/.autopilot/db/trafic_light.pp.0.cpp -o C:/Users/hohai/OneDrive/Desktop/Code/ZedBoard_Zynq7000/trafic_light_vhls_001/solution1/.autopilot/db/useless.bc
Command       clang done; 0.999 sec.
INFO-FLOW: Done: GCC PP time: 2.1 seconds per iteration
Execute       source C:/Xilinx/Vivado/2019.2/tps/tcl/tcllib1.11.1/yaml/huddle.tcl 
Execute       source C:/Xilinx/Vivado/2019.2/tps/tcl/tcllib1.11.1/yaml/json2huddle.tcl 
Execute         source C:/Xilinx/Vivado/2019.2/tps/tcl/tcllib1.11.1/try/try.tcl 
Execute       list_core -type functional_unit 
Execute       tidy_31 xilinx-systemc-detector C:/Users/hohai/OneDrive/Desktop/Code/ZedBoard_Zynq7000/trafic_light_vhls_001/solution1/.autopilot/db/trafic_light.pp.0.cpp std=gnu++98 -directive=C:/Users/hohai/OneDrive/Desktop/Code/ZedBoard_Zynq7000/trafic_light_vhls_001/solution1/.autopilot/db/.systemc_flag 
INFO-FLOW: exec C:/Xilinx/Vivado/2019.2/win64/tools/clang-3.9-csynth/bin/tidy-3.1 -header-filter=.* -checks=-*,xilinx-systemc-detector -import-directive=C:/Users/hohai/OneDrive/Desktop/Code/ZedBoard_Zynq7000/trafic_light_vhls_001/solution1/.autopilot/db/.systemc_flag -quiet -fix-errors C:/Users/hohai/OneDrive/Desktop/Code/ZedBoard_Zynq7000/trafic_light_vhls_001/solution1/.autopilot/db/trafic_light.pp.0.cpp -- -std=gnu++98 -fhls -ferror-limit=0
INFO-FLOW: Running: tidy-3.1 CDT preprocess
Execute       tidy_31 xilinx-directive2pragma C:/Users/hohai/OneDrive/Desktop/Code/ZedBoard_Zynq7000/trafic_light_vhls_001/solution1/.autopilot/db/trafic_light.pp.0.cpp std=gnu++98 -directive=C:/Users/hohai/OneDrive/Desktop/Code/ZedBoard_Zynq7000/trafic_light_vhls_001/solution1/.autopilot/db/all.directive.json 
INFO-FLOW: exec C:/Xilinx/Vivado/2019.2/win64/tools/clang-3.9-csynth/bin/tidy-3.1 -header-filter=.* -checks=-*,xilinx-directive2pragma -import-directive=C:/Users/hohai/OneDrive/Desktop/Code/ZedBoard_Zynq7000/trafic_light_vhls_001/solution1/.autopilot/db/all.directive.json -quiet -fix-errors C:/Users/hohai/OneDrive/Desktop/Code/ZedBoard_Zynq7000/trafic_light_vhls_001/solution1/.autopilot/db/trafic_light.pp.0.cpp -- -std=gnu++98 -fhls -ferror-limit=0
Execute       get_config_dataflow -strict_mode 
Execute       ap_eval exec -ignorestderr C:/Xilinx/Vivado/2019.2/win64/tools/clang-3.9-csynth/bin/xilinx-dataflow-lawyer -export-fixes=C:/Users/hohai/OneDrive/Desktop/Code/ZedBoard_Zynq7000/trafic_light_vhls_001/solution1/.autopilot/db/xilinx-dataflow-lawyer.trafic_light.pp.0.cpp.diag.yml C:/Users/hohai/OneDrive/Desktop/Code/ZedBoard_Zynq7000/trafic_light_vhls_001/solution1/.autopilot/db/trafic_light.pp.0.cpp -- -std=gnu++98 -fhls -ferror-limit=0 -fstrict-dataflow > C:/Users/hohai/OneDrive/Desktop/Code/ZedBoard_Zynq7000/trafic_light_vhls_001/solution1/.autopilot/db/xilinx-dataflow-lawyer.trafic_light.pp.0.cpp.out.log 2> C:/Users/hohai/OneDrive/Desktop/Code/ZedBoard_Zynq7000/trafic_light_vhls_001/solution1/.autopilot/db/xilinx-dataflow-lawyer.trafic_light.pp.0.cpp.err.log 
Execute       tidy_31 -errorcheck xilinx-constantarray-param,xilinx-resource-pragma-transformer,xilinx-xfmat-array-geometry C:/Users/hohai/OneDrive/Desktop/Code/ZedBoard_Zynq7000/trafic_light_vhls_001/solution1/.autopilot/db/trafic_light.pp.0.cpp std=gnu++98 
Execute         ap_eval exec -ignorestderr C:/Xilinx/Vivado/2019.2/win64/tools/clang-3.9-csynth/bin/tidy-3.1 -export-fixes=C:/Users/hohai/OneDrive/Desktop/Code/ZedBoard_Zynq7000/trafic_light_vhls_001/solution1/.autopilot/db/tidy-3.1.trafic_light.pp.0.cpp.diag.yml -header-filter=.* -checks=-*,xilinx-constantarray-param,xilinx-resource-pragma-transformer,xilinx-xfmat-array-geometry -quiet -fix-errors C:/Users/hohai/OneDrive/Desktop/Code/ZedBoard_Zynq7000/trafic_light_vhls_001/solution1/.autopilot/db/trafic_light.pp.0.cpp -- -std=gnu++98 -fhls -ferror-limit=0 > C:/Users/hohai/OneDrive/Desktop/Code/ZedBoard_Zynq7000/trafic_light_vhls_001/solution1/.autopilot/db/tidy-3.1.trafic_light.pp.0.cpp.out.log 2> C:/Users/hohai/OneDrive/Desktop/Code/ZedBoard_Zynq7000/trafic_light_vhls_001/solution1/.autopilot/db/tidy-3.1.trafic_light.pp.0.cpp.err.log 
Execute         ap_eval exec -ignorestderr C:/Xilinx/Vivado/2019.2/win64/tools/clang-3.9-csynth/bin/xilinx-legacy-rewriter C:/Users/hohai/OneDrive/Desktop/Code/ZedBoard_Zynq7000/trafic_light_vhls_001/solution1/.autopilot/db/trafic_light.pp.0.cpp -- -std=gnu++98 -fhls -ferror-limit=0 > C:/Users/hohai/OneDrive/Desktop/Code/ZedBoard_Zynq7000/trafic_light_vhls_001/solution1/.autopilot/db/xilinx-legacy-rewriter.trafic_light.pp.0.cpp.out.log 2> C:/Users/hohai/OneDrive/Desktop/Code/ZedBoard_Zynq7000/trafic_light_vhls_001/solution1/.autopilot/db/xilinx-legacy-rewriter.trafic_light.pp.0.cpp.err.log 
INFO-FLOW: Done: tidy-3.1 CDT preprocess time: 0.2 seconds per iteration
INFO-FLOW: Pragma Handling...
Execute       tidy_31 xilinx-ssdm-intrinsics-arguments C:/Users/hohai/OneDrive/Desktop/Code/ZedBoard_Zynq7000/trafic_light_vhls_001/solution1/.autopilot/db/trafic_light.pragma.1.cpp std=gnu++98 
INFO-FLOW: exec C:/Xilinx/Vivado/2019.2/win64/tools/clang-3.9-csynth/bin/tidy-3.1 -header-filter=.* -checks=-*,xilinx-ssdm-intrinsics-arguments -quiet -fix-errors C:/Users/hohai/OneDrive/Desktop/Code/ZedBoard_Zynq7000/trafic_light_vhls_001/solution1/.autopilot/db/trafic_light.pragma.1.cpp -- -std=gnu++98 -fhls -ferror-limit=0
Execute       ap_part_info -name xc7z020-clg484-1 -data info 
INFO-FLOW: Processing labels
Execute       clang -src C:/Users/hohai/OneDrive/Desktop/Code/ZedBoard_Zynq7000/trafic_light_vhls_001/solution1/.autopilot/db/trafic_light.pragma.2.cpp  -fno-limit-debug-info -gcc-toolchain C:/Xilinx/Vivado/2019.2/msys -hls -hls-analyze-label -hls-analyze-pragma -fno-exceptions  -D__llvm__  -w  "C:/Users/hohai/OneDrive/Desktop/Code/ZedBoard_Zynq7000/trafic_light_vhls_001/solution1/.autopilot/db/trafic_light.pragma.2.cpp"    -fno-math-errno -c -emit-llvm -O0  -mllvm -disable-llvm-optzns -fno-threadsafe-statics  -fno-use-cxa-atexit -DAESL_SYN -D__SYNTHESIS__ -D__HLS_SYN__ -I "C:/Xilinx/Vivado/2019.2/common/technology/autopilot" -I "C:/Xilinx/Vivado/2019.2/common/technology/autopilot/ap_sysc" -include etc/autopilot_ssdm_op.h -D__DSP48E1__ -g -o "C:/Users/hohai/OneDrive/Desktop/Code/ZedBoard_Zynq7000/trafic_light_vhls_001/solution1/.autopilot/db/trafic_light.bc" 
INFO-FLOW: exec C:/Xilinx/Vivado/2019.2/win64/tools/clang/bin/clang -fno-limit-debug-info -gcc-toolchain C:/Xilinx/Vivado/2019.2/msys -hls -hls-analyze-label -hls-analyze-pragma -fno-exceptions -D__llvm__ -w C:/Users/hohai/OneDrive/Desktop/Code/ZedBoard_Zynq7000/trafic_light_vhls_001/solution1/.autopilot/db/trafic_light.pragma.2.cpp -fno-math-errno -c -emit-llvm -O0 -mllvm -disable-llvm-optzns -fno-threadsafe-statics -fno-use-cxa-atexit -DAESL_SYN -D__SYNTHESIS__ -D__HLS_SYN__ -I C:/Xilinx/Vivado/2019.2/common/technology/autopilot -I C:/Xilinx/Vivado/2019.2/common/technology/autopilot/ap_sysc -include etc/autopilot_ssdm_op.h -D__DSP48E1__ -g -o C:/Users/hohai/OneDrive/Desktop/Code/ZedBoard_Zynq7000/trafic_light_vhls_001/solution1/.autopilot/db/trafic_light.bc
Command       clang done; 1.006 sec.
INFO-FLOW: Linking Debug ...
Execute       llvm-ld C:/Users/hohai/OneDrive/Desktop/Code/ZedBoard_Zynq7000/trafic_light_vhls_001/solution1/.autopilot/db/trafic_light.g.bc -hls-opt -except-internalize trafic_light -LC:/Xilinx/Vivado/2019.2/win64/lib -lhlsm -lhlsmc++ -o C:/Users/hohai/OneDrive/Desktop/Code/ZedBoard_Zynq7000/trafic_light_vhls_001/solution1/.autopilot/db/a.g 
Command       llvm-ld done; 0.84 sec.
INFO: [HLS 200-111] Finished Linking Time (s): cpu = 00:00:01 ; elapsed = 00:00:06 . Memory (MB): peak = 178.355 ; gain = 88.227
INFO: [HLS 200-111] Finished Checking Pragmas Time (s): cpu = 00:00:01 ; elapsed = 00:00:06 . Memory (MB): peak = 178.355 ; gain = 88.227
Execute       get_config_sdx -target 
Execute       opt_and_import_c a -opt_level=2 -skip_syncheck=0 -ng=0 -keep_printf=0 
Execute         cleanup_all_models 
INFO: [HLS 200-10] Starting code transformations ...
Execute         transform -promote-dbg-pointer C:/Users/hohai/OneDrive/Desktop/Code/ZedBoard_Zynq7000/trafic_light_vhls_001/solution1/.autopilot/db/a.pp.bc -o C:/Users/hohai/OneDrive/Desktop/Code/ZedBoard_Zynq7000/trafic_light_vhls_001/solution1/.autopilot/db/a.pp.0.bc -f 
Execute         llvm-ld C:/Users/hohai/OneDrive/Desktop/Code/ZedBoard_Zynq7000/trafic_light_vhls_001/solution1/.autopilot/db/a.pp.0.bc -disable-opt -LC:/Xilinx/Vivado/2019.2/win64/lib -lfloatconversion -o C:/Users/hohai/OneDrive/Desktop/Code/ZedBoard_Zynq7000/trafic_light_vhls_001/solution1/.autopilot/db/a.g.0 
Command         llvm-ld done; 0.507 sec.
INFO-FLOW: Running Standard Transforms...
Execute         transform -hls -share-std-xform -demangle-name -inline-byval-memcpy -always-inline -promote-dbg-pointer -interface-preproc -mem2reg -scalarrepl -mem2reg -keep-read-access -instcombine -dce -promote-dbg-pointer -bitop-raise -loop-simplify -indvarspre -indvars -loop-simplify -xunroll -constprop -instcombine -simplifycfg -indvars -simplifycfg -dce -globaldce -basicaa -simplifycfg -mem2reg -globalopt -global-constprop -deadargelim -instcombine -simplifycfg -prune-eh -simplifycfg -scalarrepl -instcombine -reassociate -licm -simplifycfg -loop-simplify -indvars -instcombine -simplifycfg -mem2reg -loop-simplify -indvars -instcombine -gvn -gvn -instcombine -adce -break-crit-edges -simplifycfg -loop-delete -global-array-opt -dce -dse -adce -find-syn-modules -top trafic_light -deadargelim -mem2reg -instcombine -dce -presyn-prepare -auto-rom-infer -interface-preproc -syn-check -check-rec-only -find-region -simplifycfg -func-extr -function-inline -globaldce -mem2reg -instcombine -dce -gvn -globaldce -adce -adse -constprop -instcombine -bit-constprop -instcombine -dce -simplifycfg -bitop-raise -simplifycfg -dce -loop-delete -reassociate -globalopt -global-privatize -mem2reg -dce -global-constprop -pointer-simplify -constprop -dce -func-inst -deadargelim -auto-shift-reg-idiom -promote-dbg-pointer -norm-name C:/Users/hohai/OneDrive/Desktop/Code/ZedBoard_Zynq7000/trafic_light_vhls_001/solution1/.autopilot/db/a.g.0.bc -o C:/Users/hohai/OneDrive/Desktop/Code/ZedBoard_Zynq7000/trafic_light_vhls_001/solution1/.autopilot/db/a.g.1.bc -f -phase std-opt 
INFO: [HLS 200-111] Finished Standard Transforms Time (s): cpu = 00:00:01 ; elapsed = 00:00:06 . Memory (MB): peak = 178.355 ; gain = 88.227
INFO: [HLS 200-10] Checking synthesizability ...
INFO-FLOW: Checking Synthesizability 1/2..
Execute         transform -hls -syn-check -check-rec-only -disaggr -scalarrepl -norm-name -dce -mem2reg -instcombine -function-uniquify -directive-preproc -mem2reg -dse -dce -auto-rom-infer -dce -pag -array-normalize -instcombine -dce -warn-fifo-pointer -array-seg-normalize -instcombine -dce -array-flatten -instcombine -dce -array-burst -dce -deadargelim -promote-global-argument -simplifycfg -mem2reg -globaldce -dce -deadargelim -dce -instcombine -function-inline -globaldce -dce -doublePtrSimplify -doublePtrElim -dce -doublePtrSimplify -promote-dbg-pointer -dce -scalarrepl -dse -adse -instcombine -ptrLegalization -simplifycfg -dce -instcombine -pointer-simplify -ptrArgReplace -dce -instcombine -resolve-double-ptr -disaggr -scalarrepl -norm-name -dce -mem2reg -instcombine -ptrLegalization -simplifycfg -deadargelim -instcombine -dce -inst-simplify -function-uniquify -directive-preproc -mem2reg -dse -dce -globaldce -check-dspbuiltin C:/Users/hohai/OneDrive/Desktop/Code/ZedBoard_Zynq7000/trafic_light_vhls_001/solution1/.autopilot/db/a.g.1.bc -o C:/Users/hohai/OneDrive/Desktop/Code/ZedBoard_Zynq7000/trafic_light_vhls_001/solution1/.autopilot/db/a.g.2.prechk.bc -f 
INFO: [XFORM 203-602] Inlining function 'rule_1' into 'trafic_light' (trafic_light_vhls_001/trafic_light.cpp:75) automatically.
INFO: [XFORM 203-602] Inlining function 'rule_2' into 'trafic_light' (trafic_light_vhls_001/trafic_light.cpp:76) automatically.
INFO: [XFORM 203-602] Inlining function 'rule_3' into 'trafic_light' (trafic_light_vhls_001/trafic_light.cpp:77) automatically.
INFO: [XFORM 203-602] Inlining function 'rule_4' into 'trafic_light' (trafic_light_vhls_001/trafic_light.cpp:78) automatically.
INFO: [XFORM 203-602] Inlining function 'rule_5' into 'trafic_light' (trafic_light_vhls_001/trafic_light.cpp:79) automatically.
INFO-FLOW: Checking Synthesizability 2/2..
Execute         transform -syn-check C:/Users/hohai/OneDrive/Desktop/Code/ZedBoard_Zynq7000/trafic_light_vhls_001/solution1/.autopilot/db/a.g.2.prechk.bc -o C:/Users/hohai/OneDrive/Desktop/Code/ZedBoard_Zynq7000/trafic_light_vhls_001/solution1/.autopilot/db/a.g.2.bc -f -phase syn-check 
INFO: [HLS 200-111] Finished Checking Synthesizability Time (s): cpu = 00:00:01 ; elapsed = 00:00:06 . Memory (MB): peak = 178.355 ; gain = 88.227
INFO-FLOW: Compiler optimizing ...
INFO-FLOW: Share syncheck's 1.bc for syn flow: copy C:/Users/hohai/OneDrive/Desktop/Code/ZedBoard_Zynq7000/trafic_light_vhls_001/solution1/.autopilot/db/a.g.1.bc to C:/Users/hohai/OneDrive/Desktop/Code/ZedBoard_Zynq7000/trafic_light_vhls_001/solution1/.autopilot/db/a.o.1.bc
INFO-FLOW: Presyn 1...
Execute         transform -hls -tmp C:/Users/hohai/OneDrive/Desktop/Code/ZedBoard_Zynq7000/trafic_light_vhls_001/solution1/.autopilot/db -interface-port-rename -type-info -function-uniquify -directive-preproc -mem2reg -dse -dce -disaggr -scalarrepl -norm-name -deadargelim -mem2reg -instcombine -dce -simplifycfg -auto-rom-infer -dce -function-uniquify -resource-proc -clib-intrinsic-prepare -dce -func-buffer -dce -pag -array-normalize -func-legal -instcombine -gvn -constprop -dce -simplifycfg -mem2reg -globaldce -resolve-double-ptr -dce -deadargelim -dce -instcombine -ptrArgReplace -mem2reg -dce -array-seg-normalize -deadargelim -instcombine -dce -pointer-simplify -dce -port-alignment -dce -interface-preproc -data-pack -instcombine -dce -basicaa -aggr-aa -aggrmodref-aa -aggr-aa -gvn -gvn -basicaa -aggr-aa -aggrmodref-aa -aggr-aa -dse -adse -adce -loop-simplify -indvars -instcombine -gvn -loop-simplify -mem2reg -dce -find-region -instcombine -auto-loop-pipeline -inst-simplify -interface-preproc -cfgopt -instcombine -indvars -auto-loop-unroll -loop-simplify -loop-bound -xunroll -constprop -instcombine -simplifycfg -indvars -simplifycfg -dce -globaldce -clean-region -attach-range -gvn -inst-simplify -constprop -simplifycfg -dce -pointer-simplify -dce -globalopt -constprop -dce -array-promote -constprop -dce -ptrArgReplace -mem2reg -simplifycfg -dce -auto-par -instcombine -dce -array-transform-check -array-reshape -instcombine -simplifycfg -dce -ptrArgReplace -deadargelim -mem2reg -instcombine -simplifycfg -dce -indvars -loop-simplify -loop-bound -xunroll -constprop -instcombine -simplifycfg -indvars -simplifycfg -dce -globaldce -basicaa -aggr-aa -aggrmodref-aa -aggr-aa -dse -duplicate-dataflow-processes -globaldce -instcombine -array-partition -instcombine -simplifycfg -dce -ptrArgReplace -global-constprop -deadargelim -mem2reg -func-legal -dce -global-constprop -deadargelim -mem2reg -simplifycfg -dce -merge-param -deadargelim -globalopt -constprop -dce -array-promote -constprop -dce -ptrArgReplace -mem2reg -simplifycfg -dce -mem-intrinsic-preproc -dce -global-internalize -global-privatize -mem2reg -globaldce -promote-global-argument -ptrArgReplace -mem2reg -dce -globalopt -mergereturn -simplify-global-access -mem2reg -dce -pointer-simplify -dce -functionattrs -basicaa -aggr-aa -aggrmodref-aa -aggr-aa -gvn -gvn -basicaa -aggr-aa -aggrmodref-aa -aggr-aa -dse -adse -adce -dce -norm-name -function-inline -complex-op-raise -inst-simplify -globaldce -func-inst -constprop -instcombine -simplifycfg -dce -func-legal -dce -loop-bound -arraycheck -bitwidthmin -on-by-dataflow -loop-delete -instcombine -simplifycfg -globaldce -dce -gvn -deadargelim -dce -loop-simplify -clean-region -simplifycfg -propagate-stable-arguments -loop-stream -instcombine -simplifycfg -dce -globaldce -duplicate-dataflow-processes -stream-intrinsic-preproc -dce -check-ap-stream -loop-simplify -eliminate-keepreads -extract-dataflow-in-loop -loop-simplify -dce -gvn -deadargelim -dse -check-dataflow-syntax -legalize-stream-variable -legalize-global -extract-subproc -dce -dead-channel-elimination -canonicalize-gep -globaldce -dce -gvn -deadargelim -annotate-dataflow-channels -scalar-propagation -deadargelim -globaldce -mem2reg -check-dataflow-channels -function-stream -dce -globaldce -prop-fifo-spec -internal-stream-gen -canonicalize-gep -globaldce -dce -gvn -deadargelim -mergereturn -indvars -loop-simplify -instcombine -array-stream -array-seg-normalize -array-partition -func-legal -instcombine -simplifycfg -dce -bundle-memfifo-ops -deadargelim -function-uniquify -directive-preproc -mem2reg -dse -dce -group-axi-access -licm -simplifycfg -dce -loop-delete -norm-name C:/Users/hohai/OneDrive/Desktop/Code/ZedBoard_Zynq7000/trafic_light_vhls_001/solution1/.autopilot/db/a.o.1.bc -o C:/Users/hohai/OneDrive/Desktop/Code/ZedBoard_Zynq7000/trafic_light_vhls_001/solution1/.autopilot/db/a.o.1.tmp.bc -f 
INFO: [XFORM 203-602] Inlining function 'rule_1' into 'trafic_light' (trafic_light_vhls_001/trafic_light.cpp:75) automatically.
INFO: [XFORM 203-602] Inlining function 'rule_2' into 'trafic_light' (trafic_light_vhls_001/trafic_light.cpp:76) automatically.
INFO: [XFORM 203-602] Inlining function 'rule_3' into 'trafic_light' (trafic_light_vhls_001/trafic_light.cpp:77) automatically.
INFO: [XFORM 203-602] Inlining function 'rule_4' into 'trafic_light' (trafic_light_vhls_001/trafic_light.cpp:78) automatically.
INFO: [XFORM 203-602] Inlining function 'rule_5' into 'trafic_light' (trafic_light_vhls_001/trafic_light.cpp:79) automatically.
Command         transform done; 0.121 sec.
INFO-FLOW: Presyn 2...
Execute         transform -hls -keep-callgraph -scalarrepl -mem2reg -port-alignment -attach-range -dce -pipe-mux-gen -indvars -loop-bound -inst-simplify -instcombine -dce -merge-array-access -mem2reg -dce -clean-region -mergereturn -if-conv -instcombine -dce -constprop -basicaa -aggr-aa -aggrmodref-aa -aggr-aa -gvn -gvn -basicaa -aggr-aa -aggrmodref-aa -aggr-aa -dse -adse -adce -scalarrepl -mem2reg -global-constprop -deadargelim -deadargelim -instcombine -dce -simplifycfg -ptrArgReplace -mem2reg -function-inline -globaldce -mem2reg -instcombine -dce -expr-balance -instcombine -dce -bitwidthmin -interface-preproc -directive-preproc -inst-rectify -instcombine -dce -functionattrs -constprop -instcombine -bit-constprop -simplify-global-access -globalopt -globaldce -inst-simplify -instcombine -elimdeaddata -dce -loop-delete -simplifycfg -loop-simplify -auto-burst -norm-name C:/Users/hohai/OneDrive/Desktop/Code/ZedBoard_Zynq7000/trafic_light_vhls_001/solution1/.autopilot/db/a.o.1.tmp.bc -o C:/Users/hohai/OneDrive/Desktop/Code/ZedBoard_Zynq7000/trafic_light_vhls_001/solution1/.autopilot/db/a.o.2.bc -f -phase presyn 
INFO: [XFORM 203-401] Performing if-conversion on hyperblock to (trafic_light_vhls_001/trafic_light.cpp:83:1) in function 'trafic_light'... converting 7 basic blocks.
INFO: [XFORM 203-11] Balancing expressions in function 'trafic_light' (trafic_light_vhls_001/trafic_light.cpp:61)...3 expression(s) balanced.
INFO: [HLS 200-111] Finished Pre-synthesis Time (s): cpu = 00:00:01 ; elapsed = 00:00:06 . Memory (MB): peak = 178.355 ; gain = 88.227
INFO-FLOW: Building ssdm...
Execute         transform -hls -function-uniquify -auto-function-inline -globaldce -ptrArgReplace -mem2reg -dce -reset-lda -loop-simplify -indvars -licm -loop-dep -loop-bound -licm -loop-simplify -flattenloopnest -array-flatten -gvn -instcombine -dce -array-map -dce -func-legal -gvn -adce -instcombine -cfgopt -simplifycfg -loop-simplify -array-burst -promote-global-argument -dce -ptrLegalization -axi4-lower -array-seg-normalize -basicaa -aggrmodref-aa -globalsmodref-aa -aggr-aa -gvn -gvn -basicaa -aggrmodref-aa -globalsmodref-aa -aggr-aa -dse -adse -adce -licm -inst-simplify -dce -globaldce -instcombine -array-stream -eliminate-keepreads -instcombine -dce -deadargelim -doublePtrSimplify -doublePtrElim -dce -doublePtrSimplify -promote-dbg-pointer -dce -scalarrepl -mem2reg -disaggr -norm-name -mem2reg -instcombine -dse -adse -adce -ptrLegalization -dce -auto-rom-infer -array-flatten -dce -instcombine -check-doubleptr -loop-rot -constprop -cfgopt -simplifycfg -loop-simplify -indvars -pointer-simplify -dce -loop-bound -loop-simplify -loop-preproc -constprop -global-constprop -gvn -mem2reg -instcombine -dce -loop-bound -loop-merge -dce -bitwidthmin -deadargelim -dce -canonicalize-dataflow -dce -scalar-propagation -deadargelim -globaldce -mem2reg -read-loop-dep -interface-preproc -directive-preproc -interface-gen -bram-byte-enable -deadargelim -inst-simplify -dce -gvn -mem2reg -instcombine -dce -adse -loop-bound -instcombine -cfgopt -simplifycfg -loop-simplify -clean-region -io-protocol -find-region -mem2reg -bitop-raise -complex-op-raise -inst-simplify -inst-rectify -instcombine -adce -deadargelim -loop-simplify -phi-opt -bitop-raise -cfgopt -simplifycfg -strip-dead-prototypes -interface-lower -bitop-lower -intrinsic-lower -auto-function-inline -basicaa -aggrmodref-aa -globalsmodref-aa -aggr-aa -inst-simplify -simplifycfg -loop-simplify -mergereturn -inst-simplify -inst-rectify -dce -load-elim -bitop-lower -loop-rewind -pointer-simplify -dce -cfgopt -dce -loop-bound -loop-dep -read-loop-dep -dce -check-stream -norm-name -legalize -validate-dataflow -inst-clarity -bitwidth -dump-loop-dep-to-ir -check-all-ssdm -cdfg-build C:/Users/hohai/OneDrive/Desktop/Code/ZedBoard_Zynq7000/trafic_light_vhls_001/solution1/.autopilot/db/a.o.2.bc -o C:/Users/hohai/OneDrive/Desktop/Code/ZedBoard_Zynq7000/trafic_light_vhls_001/solution1/.autopilot/db/a.o.3.bc -f -phase build-ssdm 
INFO: [HLS 200-111] Finished Architecture Synthesis Time (s): cpu = 00:00:01 ; elapsed = 00:00:07 . Memory (MB): peak = 178.355 ; gain = 88.227
INFO-FLOW: Finish building internal data model.
Command       opt_and_import_c done; 0.9 sec.
Command     elaborate done; 5.14 sec.
Execute     autosyn -from_csynth_design=1 
INFO: [HLS 200-10] Starting hardware synthesis ...
INFO-FLOW: Synthesizing C/C++ design ...
INFO: [HLS 200-10] Synthesizing 'trafic_light' ...
Execute       ap_set_top_model trafic_light 
Execute       get_model_list trafic_light -filter all-wo-channel -topdown 
Execute       preproc_iomode -model trafic_light 
Execute       get_model_list trafic_light -filter all-wo-channel 
INFO-FLOW: Model list for configure: trafic_light
INFO-FLOW: Configuring Module : trafic_light ...
Execute       set_default_model trafic_light 
Execute       apply_spec_resource_limit trafic_light 
INFO-FLOW: Model list for preprocess: trafic_light
INFO-FLOW: Preprocessing Module: trafic_light ...
Execute       set_default_model trafic_light 
Execute       cdfg_preprocess -model trafic_light 
Execute       rtl_gen_preprocess trafic_light 
INFO-FLOW: Model list for synthesis: trafic_light
INFO: [HLS 200-10] ----------------------------------------------------------------
INFO: [HLS 200-42] -- Implementing module 'trafic_light' 
INFO: [HLS 200-10] ----------------------------------------------------------------
Execute       set_default_model trafic_light 
Execute       schedule -model trafic_light 
INFO: [SCHED 204-11] Starting scheduling ...
INFO: [SCHED 204-11] Finished scheduling.
INFO: [HLS 200-111]  Elapsed time: 6.579 seconds; current allocated memory: 93.995 MB.
Execute       syn_report -verbosereport -o C:/Users/hohai/OneDrive/Desktop/Code/ZedBoard_Zynq7000/trafic_light_vhls_001/solution1/.autopilot/db/trafic_light.verbose.sched.rpt 
Execute       db_write -o C:/Users/hohai/OneDrive/Desktop/Code/ZedBoard_Zynq7000/trafic_light_vhls_001/solution1/.autopilot/db/trafic_light.sched.adb -f 
INFO-FLOW: Finish scheduling trafic_light.
Execute       set_default_model trafic_light 
Execute       bind -model trafic_light 
BIND OPTION: model=trafic_light
INFO: [BIND 205-100] Starting micro-architecture generation ...
INFO: [BIND 205-101] Performing variable lifetime analysis.
INFO: [BIND 205-101] Exploring resource sharing.
INFO: [BIND 205-101] Binding ...
INFO: [BIND 205-100] Finished micro-architecture generation.
INFO: [HLS 200-111]  Elapsed time: 0.084 seconds; current allocated memory: 94.146 MB.
Execute       syn_report -verbosereport -o C:/Users/hohai/OneDrive/Desktop/Code/ZedBoard_Zynq7000/trafic_light_vhls_001/solution1/.autopilot/db/trafic_light.verbose.bind.rpt 
Execute       db_write -o C:/Users/hohai/OneDrive/Desktop/Code/ZedBoard_Zynq7000/trafic_light_vhls_001/solution1/.autopilot/db/trafic_light.bind.adb -f 
INFO-FLOW: Finish binding trafic_light.
Execute       get_model_list trafic_light -filter all-wo-channel 
INFO-FLOW: Preprocessing for RTLGen ...
Execute       rtl_gen_preprocess trafic_light 
INFO-FLOW: Model list for RTL generation: trafic_light
INFO: [HLS 200-10] ----------------------------------------------------------------
INFO: [HLS 200-10] -- Generating RTL for module 'trafic_light' 
INFO: [HLS 200-10] ----------------------------------------------------------------
Execute       get_config_rtl -module_prefix 
Execute       get_config_rtl -module_auto_prefix 
Execute       create_rtl_model trafic_light -vendor xilinx -mg_file C:/Users/hohai/OneDrive/Desktop/Code/ZedBoard_Zynq7000/trafic_light_vhls_001/solution1/.autopilot/db/trafic_light.compgen.tcl 
INFO: [RTGEN 206-500] Setting interface mode on port 'trafic_light/l_sensor' to 'ap_none'.
INFO: [RTGEN 206-500] Setting interface mode on port 'trafic_light/r_sensor' to 'ap_none'.
INFO: [RTGEN 206-500] Setting interface mode on port 'trafic_light/u_sensor' to 'ap_none'.
INFO: [RTGEN 206-500] Setting interface mode on port 'trafic_light/d_sensor' to 'ap_none'.
INFO: [RTGEN 206-500] Setting interface mode on port 'trafic_light/ew_light' to 'ap_none'.
WARNING: [RTGEN 206-101] Port 'ew_light' with mode 'ap_none' may require an associated data valid signal to correctly communicate with other blocks or a test bench; automatic C/RTL co-simulation may not be able to verify such a port.
INFO: [RTGEN 206-500] Setting interface mode on port 'trafic_light/ns_light' to 'ap_none'.
WARNING: [RTGEN 206-101] Port 'ns_light' with mode 'ap_none' may require an associated data valid signal to correctly communicate with other blocks or a test bench; automatic C/RTL co-simulation may not be able to verify such a port.
INFO: [RTGEN 206-500] Setting interface mode on function 'trafic_light' to 'ap_ctrl_none'.
INFO: [RTGEN 206-100] Finished creating RTL model for 'trafic_light'.
INFO: [HLS 200-111]  Elapsed time: 0.126 seconds; current allocated memory: 94.380 MB.
Execute       source C:/Users/hohai/OneDrive/Desktop/Code/ZedBoard_Zynq7000/trafic_light_vhls_001/solution1/.autopilot/db/trafic_light.rtl_wrap.cfg.tcl 
Execute       gen_rtl trafic_light -istop -style xilinx -tracefl mytrace -tracefmt vcd -traceopt all -f -lang sc -o C:/Users/hohai/OneDrive/Desktop/Code/ZedBoard_Zynq7000/trafic_light_vhls_001/solution1/syn/systemc/trafic_light -synmodules trafic_light 
Execute       gen_rtl trafic_light -istop -style xilinx -f -lang vhdl -o C:/Users/hohai/OneDrive/Desktop/Code/ZedBoard_Zynq7000/trafic_light_vhls_001/solution1/syn/vhdl/trafic_light 
Execute       gen_rtl trafic_light -istop -style xilinx -f -lang vlog -o C:/Users/hohai/OneDrive/Desktop/Code/ZedBoard_Zynq7000/trafic_light_vhls_001/solution1/syn/verilog/trafic_light 
Execute       syn_report -csynth -model trafic_light -o C:/Users/hohai/OneDrive/Desktop/Code/ZedBoard_Zynq7000/trafic_light_vhls_001/solution1/syn/report/trafic_light_csynth.rpt 
Execute       syn_report -rtlxml -model trafic_light -o C:/Users/hohai/OneDrive/Desktop/Code/ZedBoard_Zynq7000/trafic_light_vhls_001/solution1/syn/report/trafic_light_csynth.xml 
Execute       syn_report -verbosereport -model trafic_light -o C:/Users/hohai/OneDrive/Desktop/Code/ZedBoard_Zynq7000/trafic_light_vhls_001/solution1/.autopilot/db/trafic_light.verbose.rpt 
Execute       db_write -model trafic_light -f -o C:/Users/hohai/OneDrive/Desktop/Code/ZedBoard_Zynq7000/trafic_light_vhls_001/solution1/.autopilot/db/trafic_light.adb 
Execute       gen_tb_info trafic_light -p C:/Users/hohai/OneDrive/Desktop/Code/ZedBoard_Zynq7000/trafic_light_vhls_001/solution1/.autopilot/db -o C:/Users/hohai/OneDrive/Desktop/Code/ZedBoard_Zynq7000/trafic_light_vhls_001/solution1/.autopilot/db/trafic_light 
Execute       export_constraint_db -f -tool general -o C:/Users/hohai/OneDrive/Desktop/Code/ZedBoard_Zynq7000/trafic_light_vhls_001/solution1/.autopilot/db/trafic_light.constraint.tcl 
Execute       syn_report -designview -model trafic_light -o C:/Users/hohai/OneDrive/Desktop/Code/ZedBoard_Zynq7000/trafic_light_vhls_001/solution1/.autopilot/db/trafic_light.design.xml 
Execute       get_config_rtl -disable_wave_debug 
Execute       syn_report -wcfg -model trafic_light -o C:/Users/hohai/OneDrive/Desktop/Code/ZedBoard_Zynq7000/trafic_light_vhls_001/solution1/.autopilot/db/trafic_light_dataflow_ana.wcfg 
Execute       syn_report -protoinst -model trafic_light -o C:/Users/hohai/OneDrive/Desktop/Code/ZedBoard_Zynq7000/trafic_light_vhls_001/solution1/.autopilot/db/trafic_light.protoinst 
Execute       get_config_debug -directory 
Execute       sc_get_clocks trafic_light 
Execute       get_config_export -vivado_clock 
Execute       sc_get_portdomain trafic_light 
INFO-FLOW: Model list for RTL component generation: trafic_light
INFO-FLOW: Handling components in module [trafic_light] ... 
Execute       source C:/Users/hohai/OneDrive/Desktop/Code/ZedBoard_Zynq7000/trafic_light_vhls_001/solution1/.autopilot/db/trafic_light.compgen.tcl 
INFO-FLOW: Append model trafic_light
INFO-FLOW: Generating RTL model list ...
INFO-FLOW: All models in this session: trafic_light
INFO-FLOW: To file: write model trafic_light
INFO-FLOW: Finished generating RTL model list.


INFO-FLOW: RTL Generation done.
INFO-FLOW: CAS Generation done.
INFO-FLOW: CBC Generation done.
Execute       syn_report -model trafic_light -printsummary 
INFO: [HLS 200-789] **** Estimated Fmax: 340.83 MHz
INFO-FLOW: DBG:CMD: auto_generate_csynth_design
INFO-FLOW: DBG:CMD:     auto_generate --sim-model -phase csynth_design -d C:/Users/hohai/OneDrive/Desktop/Code/ZedBoard_Zynq7000/trafic_light_vhls_001/solution1
Execute       source C:/Users/hohai/OneDrive/Desktop/Code/ZedBoard_Zynq7000/trafic_light_vhls_001/solution1/.autopilot/db/global.setting.tcl 
INFO-FLOW: DBG:CMD: read_platform_lib C:/Users/hohai/OneDrive/Desktop/Code/ZedBoard_Zynq7000/trafic_light_vhls_001/solution1/.autopilot/db/global.setting.tcl
Execute       source C:/Xilinx/Vivado/2019.2/common/technology/generic/autopilot/common.gen 
Execute         source C:/Xilinx/Vivado/2019.2/common/technology/generic/autopilot/APCoreGen.gen 
Execute       source C:/Xilinx/Vivado/2019.2/common/technology/generic/autopilot/op.gen 
Execute       source C:/Xilinx/Vivado/2019.2/common/technology/generic/autopilot/op_simcore.gen 
Execute       source C:/Xilinx/Vivado/2019.2/common/technology/generic/autopilot/interface.gen 
Execute       source C:/Users/hohai/OneDrive/Desktop/Code/ZedBoard_Zynq7000/trafic_light_vhls_001/solution1/.autopilot/db/global.setting.tcl 
Execute       source C:/Xilinx/Vivado/2019.2/common/technology/xilinx/zynq/zynq.gen 
Execute         source C:/Xilinx/Vivado/2019.2/common/technology/xilinx/common/xilinx.gen 
Execute           source C:/Xilinx/Vivado/2019.2/common/technology/xilinx/interface/plb46.gen 
Execute           source C:/Xilinx/Vivado/2019.2/common/technology/xilinx/interface/fsl.gen 
Execute           source C:/Xilinx/Vivado/2019.2/common/technology/xilinx/interface/axi4.gen 
Execute           source C:/Xilinx/Vivado/2019.2/common/technology/xilinx/interface/nativeAXI4.gen 
Execute             source C:/Xilinx/Vivado/2019.2/common/technology/xilinx/interface/saxilite.gen 
Execute             source C:/Xilinx/Vivado/2019.2/common/technology/xilinx/interface/maxi.gen 
Execute           source C:/Xilinx/Vivado/2019.2/common/technology/xilinx/scripts/xilinxcoregen.gen 
Execute           source C:/Xilinx/Vivado/2019.2/common/technology/xilinx/interface/XilEDKCoreGen.gen 
Execute           source C:/Xilinx/Vivado/2019.2/common/technology/xilinx/ip/dds_compiler.gen 
Execute           source C:/Xilinx/Vivado/2019.2/common/technology/xilinx/ip/util.gen 
Execute           source C:/Xilinx/Vivado/2019.2/common/technology/xilinx/ip/xfft.gen 
Execute           source C:/Xilinx/Vivado/2019.2/common/technology/xilinx/ip/xfir.gen 
Execute           source C:/Xilinx/Vivado/2019.2/common/technology/xilinx/common/dsp48.gen 
Command         ap_source done; 0.138 sec.
Command       ap_source done; 0.138 sec.
Execute       source C:/Xilinx/Vivado/2019.2/common/technology/xilinx/zynq/zynq_fpv6.gen 
Execute         source C:/Xilinx/Vivado/2019.2/common/technology/xilinx/common/xilinx_fp.gen 
INFO-FLOW: DBG:CMD:   using AESL_AUTOCG::g_clock_period=10.000 (was NA)
INFO-FLOW: DBG:CMD:       generate_ip_cores sim=1 export=0 expOnly=0 dstVlogDir=syn/verilog
Execute       source C:/Users/hohai/OneDrive/Desktop/Code/ZedBoard_Zynq7000/trafic_light_vhls_001/solution1/.autopilot/db/global.setting.tcl 
Execute       ap_part_info -name xc7z020-clg484-1 -data names -quiet 
Execute       ap_part_info -name xc7z020-clg484-1 -data info -quiet 
Execute       source C:/Users/hohai/OneDrive/Desktop/Code/ZedBoard_Zynq7000/trafic_light_vhls_001/solution1/.autopilot/db/global.setting.tcl 
Execute       source C:/Users/hohai/OneDrive/Desktop/Code/ZedBoard_Zynq7000/trafic_light_vhls_001/solution1/.autopilot/db/global.setting.tcl 
Execute       source C:/Users/hohai/OneDrive/Desktop/Code/ZedBoard_Zynq7000/trafic_light_vhls_001/solution1/.autopilot/db/trafic_light.compgen.tcl 
INFO-FLOW: DBG:CMD:     auto_generate -export -impltomg_flag -rtl both -tool Vivado -pcore_version 1.00.a -phase csynth_design -d C:/Users/hohai/OneDrive/Desktop/Code/ZedBoard_Zynq7000/trafic_light_vhls_001/solution1
Execute       source C:/Users/hohai/OneDrive/Desktop/Code/ZedBoard_Zynq7000/trafic_light_vhls_001/solution1/.autopilot/db/global.setting.tcl 
INFO-FLOW: DBG:CMD: read_platform_lib C:/Users/hohai/OneDrive/Desktop/Code/ZedBoard_Zynq7000/trafic_light_vhls_001/solution1/.autopilot/db/global.setting.tcl
Execute       source C:/Xilinx/Vivado/2019.2/common/technology/generic/autopilot/common.gen 
Execute         source C:/Xilinx/Vivado/2019.2/common/technology/generic/autopilot/APCoreGen.gen 
Execute       source C:/Xilinx/Vivado/2019.2/common/technology/generic/autopilot/op.gen 
Execute       source C:/Xilinx/Vivado/2019.2/common/technology/generic/autopilot/op_simcore.gen 
Execute       source C:/Xilinx/Vivado/2019.2/common/technology/generic/autopilot/interface.gen 
Execute       source C:/Users/hohai/OneDrive/Desktop/Code/ZedBoard_Zynq7000/trafic_light_vhls_001/solution1/.autopilot/db/global.setting.tcl 
Execute       source C:/Xilinx/Vivado/2019.2/common/technology/xilinx/zynq/zynq.gen 
Execute         source C:/Xilinx/Vivado/2019.2/common/technology/xilinx/common/xilinx.gen 
Execute           source C:/Xilinx/Vivado/2019.2/common/technology/xilinx/interface/plb46.gen 
Execute           source C:/Xilinx/Vivado/2019.2/common/technology/xilinx/interface/fsl.gen 
Execute           source C:/Xilinx/Vivado/2019.2/common/technology/xilinx/interface/axi4.gen 
Execute           source C:/Xilinx/Vivado/2019.2/common/technology/xilinx/interface/nativeAXI4.gen 
Execute             source C:/Xilinx/Vivado/2019.2/common/technology/xilinx/interface/saxilite.gen 
Execute             source C:/Xilinx/Vivado/2019.2/common/technology/xilinx/interface/maxi.gen 
Execute           source C:/Xilinx/Vivado/2019.2/common/technology/xilinx/scripts/xilinxcoregen.gen 
Execute           source C:/Xilinx/Vivado/2019.2/common/technology/xilinx/interface/XilEDKCoreGen.gen 
Execute           source C:/Xilinx/Vivado/2019.2/common/technology/xilinx/ip/dds_compiler.gen 
Execute           source C:/Xilinx/Vivado/2019.2/common/technology/xilinx/ip/util.gen 
Execute           source C:/Xilinx/Vivado/2019.2/common/technology/xilinx/ip/xfft.gen 
Execute           source C:/Xilinx/Vivado/2019.2/common/technology/xilinx/ip/xfir.gen 
Execute           source C:/Xilinx/Vivado/2019.2/common/technology/xilinx/common/dsp48.gen 
Command         ap_source done; 0.12 sec.
Command       ap_source done; 0.12 sec.
Execute       source C:/Xilinx/Vivado/2019.2/common/technology/xilinx/zynq/zynq_fpv6.gen 
Execute         source C:/Xilinx/Vivado/2019.2/common/technology/xilinx/common/xilinx_fp.gen 
INFO-FLOW: DBG:CMD:       initCTypeInfo top_module=trafic_light xml_exists=0
Execute       source C:/Users/hohai/OneDrive/Desktop/Code/ZedBoard_Zynq7000/trafic_light_vhls_001/solution1/.autopilot/db/trafic_light.rtl_wrap.cfg.tcl 
Execute       source C:/Users/hohai/OneDrive/Desktop/Code/ZedBoard_Zynq7000/trafic_light_vhls_001/solution1/.autopilot/db/trafic_light.rtl_wrap.cfg.tcl 
Execute       source C:/Users/hohai/OneDrive/Desktop/Code/ZedBoard_Zynq7000/trafic_light_vhls_001/solution1/.autopilot/db/trafic_light.rtl_wrap.cfg.tcl 
Execute       source C:/Users/hohai/OneDrive/Desktop/Code/ZedBoard_Zynq7000/trafic_light_vhls_001/solution1/.autopilot/db/trafic_light.tbgen.tcl 
Execute       source C:/Users/hohai/OneDrive/Desktop/Code/ZedBoard_Zynq7000/trafic_light_vhls_001/solution1/.autopilot/db/trafic_light.tbgen.tcl 
INFO-FLOW: DBG:CMD:       export_impl_rtl
INFO-FLOW: DBG:CMD:       generate_ip_cores sim=0 export=0 expOnly=0 dstVlogDir=impl/.verilog
Execute       source C:/Users/hohai/OneDrive/Desktop/Code/ZedBoard_Zynq7000/trafic_light_vhls_001/solution1/.autopilot/db/global.setting.tcl 
Execute       source C:/Users/hohai/OneDrive/Desktop/Code/ZedBoard_Zynq7000/trafic_light_vhls_001/solution1/.autopilot/db/trafic_light.compgen.tcl 
INFO-FLOW: DBG:CMD:       generate_ip_cores sim=0 export=1 expOnly=1 dstVlogDir=impl/.pcores/verilog
Execute       source C:/Users/hohai/OneDrive/Desktop/Code/ZedBoard_Zynq7000/trafic_light_vhls_001/solution1/.autopilot/db/global.setting.tcl 
Execute       source C:/Users/hohai/OneDrive/Desktop/Code/ZedBoard_Zynq7000/trafic_light_vhls_001/solution1/.autopilot/db/trafic_light.compgen.tcl 
Execute         ap_part_info -name xc7z020-clg484-1 -data names -quiet 
Execute         ap_part_info -name xc7z020-clg484-1 -data info -quiet 
Execute         ap_part_info -name xc7z020-clg484-1 -data names -quiet 
Execute         ap_part_info -name xc7z020-clg484-1 -data info -quiet 
Execute         ap_part_info -name xc7z020-clg484-1 -data names -quiet 
Execute         ap_part_info -name xc7z020-clg484-1 -data info -quiet 
Execute         ap_part_info -name xc7z020-clg484-1 -data names -quiet 
Execute         ap_part_info -name xc7z020-clg484-1 -data info -quiet 
Execute         ap_part_info -name xc7z020-clg484-1 -data names -quiet 
Execute         ap_part_info -name xc7z020-clg484-1 -data info -quiet 
Execute         ap_part_info -name xc7z020-clg484-1 -data names -quiet 
Execute         ap_part_info -name xc7z020-clg484-1 -data info -quiet 
Execute         ap_part_info -name xc7z020-clg484-1 -data names -quiet 
Execute         ap_part_info -name xc7z020-clg484-1 -data info -quiet 
Execute         ap_part_info -name xc7z020-clg484-1 -data names -quiet 
Execute         ap_part_info -name xc7z020-clg484-1 -data info -quiet 
Execute         ap_part_info -name xc7z020-clg484-1 -data names -quiet 
Execute         ap_part_info -name xc7z020-clg484-1 -data info -quiet 
Execute         ap_part_info -name xc7z020-clg484-1 -data names -quiet 
Execute         ap_part_info -name xc7z020-clg484-1 -data info -quiet 
Execute       ap_part_info -name xc7z020-clg484-1 -data names -quiet 
Execute       ap_part_info -name xc7z020-clg484-1 -data info -quiet 
INFO-FLOW: DBG:CMD:       generate_ip_cores sim=0 export=0 expOnly=0 dstVlogDir=impl/.pcores/verilog_sim
Execute       source C:/Users/hohai/OneDrive/Desktop/Code/ZedBoard_Zynq7000/trafic_light_vhls_001/solution1/.autopilot/db/global.setting.tcl 
Execute       source C:/Users/hohai/OneDrive/Desktop/Code/ZedBoard_Zynq7000/trafic_light_vhls_001/solution1/.autopilot/db/trafic_light.compgen.tcl 
Execute       ap_part_info -name xc7z020-clg484-1 -data names -quiet 
Execute       ap_part_info -name xc7z020-clg484-1 -data info -quiet 
Execute       ap_part_info -name xc7z020-clg484-1 -data names -quiet 
Execute       ap_part_info -name xc7z020-clg484-1 -data info -quiet 
Execute       source C:/Users/hohai/OneDrive/Desktop/Code/ZedBoard_Zynq7000/trafic_light_vhls_001/solution1/.autopilot/db/global.setting.tcl 
Execute       ap_part_info -name xc7z020-clg484-1 -data names -quiet 
Execute       ap_part_info -name xc7z020-clg484-1 -data info -quiet 
Execute       source C:/Users/hohai/OneDrive/Desktop/Code/ZedBoard_Zynq7000/trafic_light_vhls_001/solution1/.autopilot/db/trafic_light.constraint.tcl 
INFO-FLOW: DBG:CMD:       hasPcoreIpAdapter=false #gSsdmPorts=12
INFO-FLOW: DBG:CMD: Skipping loadAnalyze_DB, #g_database=6
INFO-FLOW: DBG:CMD:       generate_json is_phase_csynth=1 g_has_adaptors=false generate_bd_files=0 #modelList=1 #gSsdmPorts=12
Execute       source C:/Xilinx/Vivado/2019.2/tps/tcl/tcllib1.11.1/fileutil/fileutil.tcl 
Execute         source C:/Xilinx/Vivado/2019.2/tps/tcl/tcllib1.11.1/cmdline/cmdline.tcl 
Execute       source C:/Users/hohai/OneDrive/Desktop/Code/ZedBoard_Zynq7000/trafic_light_vhls_001/solution1/.autopilot/db/global.setting.tcl 
Execute       source C:/Users/hohai/OneDrive/Desktop/Code/ZedBoard_Zynq7000/trafic_light_vhls_001/solution1/.autopilot/db/global.setting.tcl 
Execute       get_config_export -xo 
Execute       source C:/Users/hohai/OneDrive/Desktop/Code/ZedBoard_Zynq7000/trafic_light_vhls_001/solution1/.autopilot/db/trafic_light.tbgen.tcl 
Execute       source C:/Users/hohai/OneDrive/Desktop/Code/ZedBoard_Zynq7000/trafic_light_vhls_001/solution1/.autopilot/db/trafic_light.tbgen.tcl 
Execute       source C:/Users/hohai/OneDrive/Desktop/Code/ZedBoard_Zynq7000/trafic_light_vhls_001/solution1/.autopilot/db/trafic_light.tbgen.tcl 
Execute       source C:/Users/hohai/OneDrive/Desktop/Code/ZedBoard_Zynq7000/trafic_light_vhls_001/solution1/.autopilot/db/global.setting.tcl 
Execute       get_config_sdx -target 
Execute       source C:/Users/hohai/OneDrive/Desktop/Code/ZedBoard_Zynq7000/trafic_light_vhls_001/solution1/.autopilot/db/trafic_light.rtl_wrap.cfg.tcl 
Execute       source C:/Users/hohai/OneDrive/Desktop/Code/ZedBoard_Zynq7000/trafic_light_vhls_001/solution1/.autopilot/db/trafic_light.compgen.dataonly.tcl 
Execute       source C:/Users/hohai/OneDrive/Desktop/Code/ZedBoard_Zynq7000/trafic_light_vhls_001/solution1/.autopilot/db/global.setting.tcl 
Execute       ap_part_info -name xc7z020-clg484-1 -data names -quiet 
Execute       ap_part_info -name xc7z020-clg484-1 -data info -quiet 
Execute       source C:/Users/hohai/OneDrive/Desktop/Code/ZedBoard_Zynq7000/trafic_light_vhls_001/solution1/.autopilot/db/trafic_light.constraint.tcl 
Execute       ap_part_info -name xc7z020-clg484-1 -data names -quiet 
Execute       ap_part_info -name xc7z020-clg484-1 -data info -quiet 
Execute       source C:/Users/hohai/OneDrive/Desktop/Code/ZedBoard_Zynq7000/trafic_light_vhls_001/solution1/.autopilot/db/global.setting.tcl 
Execute       get_config_debug -directory 
Execute       source C:/Users/hohai/OneDrive/Desktop/Code/ZedBoard_Zynq7000/trafic_light_vhls_001/solution1/.autopilot/db/trafic_light.tbgen.tcl 
Execute       get_config_sdx -target 
Execute       get_config_sdx -profile 
Execute       get_config_rtl -kernel_profile 
Execute       get_config_rtl -stall_sig_gen 
Execute       get_config_rtl -profile 
INFO-FLOW: DBG:CMD: add_json_sdx_info kernel file does not exist, skipping opencl info: C:/Users/hohai/OneDrive/Desktop/Code/ZedBoard_Zynq7000/trafic_light_vhls_001/solution1/.autopilot/db/kernel.internal.xml
INFO-FLOW: DBG:CMD:       delete-temp-dirs (skipped for debug)
INFO: [HLS 200-111] Finished generating all RTL models Time (s): cpu = 00:00:02 ; elapsed = 00:00:08 . Memory (MB): peak = 178.355 ; gain = 88.227
INFO: [VHDL 208-304] Generating VHDL RTL for trafic_light.
INFO: [VLOG 209-307] Generating Verilog RTL for trafic_light.
Command     autosyn done; 1.17 sec.
Command   csynth_design done; 6.32 sec.
Command ap_source done; 7.299 sec.
Execute cleanup_all 
INFO-FLOW: Workspace C:/Users/hohai/OneDrive/Desktop/Code/ZedBoard_Zynq7000/trafic_light_vhls_001/solution1 opened at Thu Jan 07 17:46:23 +0900 2021
Execute     config_clock -quiet -name default -period 10 -default=false 
INFO: [SYN 201-201] Setting up clock 'default' with a period of 10ns.
Execute     open_platform DefaultPlatform 
Execute     import_lib C:/Xilinx/Vivado/2019.2/common/technology/xilinx/zynq/zynq 
Execute       source C:/Xilinx/Vivado/2019.2/common/technology/xilinx/common/xilinx.lib 
Execute         source C:/Xilinx/Vivado/2019.2/common/technology/xilinx/interface/xilinx_interface.lib 
Execute           source C:/Xilinx/Vivado/2019.2/common/technology/xilinx/interface/plb46.lib 
Execute           source C:/Xilinx/Vivado/2019.2/common/technology/xilinx/interface/fsl.lib 
Execute           source C:/Xilinx/Vivado/2019.2/common/technology/xilinx/interface/axi4.lib 
Execute           source C:/Xilinx/Vivado/2019.2/common/technology/xilinx/interface/maxi.lib 
Execute           source C:/Xilinx/Vivado/2019.2/common/technology/xilinx/interface/saxilite.lib 
Execute         source C:/Xilinx/Vivado/2019.2/common/technology/xilinx/common/dsp48.lib 
Execute         source C:/Xilinx/Vivado/2019.2/common/technology/xilinx/ip/dds_compiler.lib 
Execute         source C:/Xilinx/Vivado/2019.2/common/technology/xilinx/ip/xfft.lib 
Execute         source C:/Xilinx/Vivado/2019.2/common/technology/xilinx/ip/xfir.lib 
Execute       source C:/Xilinx/Vivado/2019.2/common/technology/xilinx/common/xilinx.hlp 
Execute         source C:/Xilinx/Vivado/2019.2/common/technology/xilinx/common/target_info.tcl 
Execute         source C:/Xilinx/Vivado/2019.2/common/technology/xilinx/interface/xilinx_interface.hlp 
Execute           source C:/Xilinx/Vivado/2019.2/common/technology/xilinx/interface/maxi.hlp 
Execute           source C:/Xilinx/Vivado/2019.2/common/technology/xilinx/interface/saxilite.hlp 
Execute         source C:/Xilinx/Vivado/2019.2/common/technology/xilinx/common/dsp48.hlp 
Execute       source C:/Xilinx/Vivado/2019.2/common/technology/xilinx/zynq/dsp48e1.hlp 
Execute       source C:/Xilinx/Vivado/2019.2/common/technology/xilinx/common/xilinx.hlp 
Execute         source C:/Xilinx/Vivado/2019.2/common/technology/xilinx/common/target_info.tcl 
Execute         source C:/Xilinx/Vivado/2019.2/common/technology/xilinx/interface/xilinx_interface.hlp 
Execute           source C:/Xilinx/Vivado/2019.2/common/technology/xilinx/interface/maxi.hlp 
Execute           source C:/Xilinx/Vivado/2019.2/common/technology/xilinx/interface/saxilite.hlp 
Execute         source C:/Xilinx/Vivado/2019.2/common/technology/xilinx/common/dsp48.hlp 
Execute     source C:/Xilinx/Vivado/2019.2/common/technology/xilinx/zynq/zynq.gen 
Execute       source C:/Xilinx/Vivado/2019.2/common/technology/xilinx/common/xilinx.gen 
Execute         source C:/Xilinx/Vivado/2019.2/common/technology/xilinx/interface/plb46.gen 
Execute         source C:/Xilinx/Vivado/2019.2/common/technology/xilinx/interface/fsl.gen 
Execute         source C:/Xilinx/Vivado/2019.2/common/technology/xilinx/interface/axi4.gen 
Execute         source C:/Xilinx/Vivado/2019.2/common/technology/xilinx/interface/nativeAXI4.gen 
Execute           source C:/Xilinx/Vivado/2019.2/common/technology/xilinx/interface/saxilite.gen 
Execute           source C:/Xilinx/Vivado/2019.2/common/technology/xilinx/interface/maxi.gen 
Execute         source C:/Xilinx/Vivado/2019.2/common/technology/xilinx/scripts/xilinxcoregen.gen 
Execute         source C:/Xilinx/Vivado/2019.2/common/technology/xilinx/interface/XilEDKCoreGen.gen 
Execute         source C:/Xilinx/Vivado/2019.2/common/technology/xilinx/ip/dds_compiler.gen 
Execute         source C:/Xilinx/Vivado/2019.2/common/technology/xilinx/ip/util.gen 
Execute         source C:/Xilinx/Vivado/2019.2/common/technology/xilinx/ip/xfft.gen 
Execute         source C:/Xilinx/Vivado/2019.2/common/technology/xilinx/ip/xfir.gen 
Execute         source C:/Xilinx/Vivado/2019.2/common/technology/xilinx/common/dsp48.gen 
Command       ap_source done; 0.116 sec.
Command     ap_source done; 0.117 sec.
Execute     set_part xc7z020clg484-1 
Execute       ap_part_info -name xc7z020clg484-1 -data single -quiet 
Command       ap_part_info done; 0.523 sec.
Execute       ap_part_info -name xc7z020clg484-1 -data info 
Execute       add_library xilinx/zynq/zynq:xc7z020:-clg484:-1 
Execute         get_default_platform 
Execute         ap_part_info -data single -name xc7z020-clg484-1 
Execute         ap_part_info -name xc7z020-clg484-1 -data resources 
Execute         ap_part_info -name xc7z020-clg484-1 -data info 
Execute         ap_part_info -name xc7z020-clg484-1 -data info 
Execute         config_chip_info -quiet -resource {SLICE 13300} {LUT 53200} {FF 106400} {DSP48E 220} {BRAM 280} {URAM 0} 
Execute         ap_part_info -name xc7z020-clg484-1 -data info 
Execute         config_chip_info -quiet -speed slow 
Execute       add_library xilinx/zynq/zynq_fpv6 
Execute         get_default_platform 
Execute         open_platform DefaultPlatform 
Execute         import_lib C:/Xilinx/Vivado/2019.2/common/technology/xilinx/zynq/zynq_fpv6 
Execute           source C:/Xilinx/Vivado/2019.2/common/technology/xilinx/common/xilinx_fp.lib 
Execute           source C:/Xilinx/Vivado/2019.2/common/technology/xilinx/common/xilinx_fp.hlp 
Execute             source C:/Xilinx/Vivado/2019.2/common/technology/xilinx/common/xilinx.hlp 
Execute               source C:/Xilinx/Vivado/2019.2/common/technology/xilinx/common/target_info.tcl 
Execute               source C:/Xilinx/Vivado/2019.2/common/technology/xilinx/interface/xilinx_interface.hlp 
Execute                 source C:/Xilinx/Vivado/2019.2/common/technology/xilinx/interface/maxi.hlp 
Execute                 source C:/Xilinx/Vivado/2019.2/common/technology/xilinx/interface/saxilite.hlp 
Execute               source C:/Xilinx/Vivado/2019.2/common/technology/xilinx/common/dsp48.hlp 
Execute         source C:/Xilinx/Vivado/2019.2/common/technology/xilinx/zynq/zynq_fpv6.gen 
Execute           source C:/Xilinx/Vivado/2019.2/common/technology/xilinx/common/xilinx_fp.gen 
INFO: [HLS 200-10] Setting target device to 'xc7z020-clg484-1'
Execute       ap_part_info -name xc7z020-clg484-1 -data info 
Execute       get_default_platform 
Command     set_part done; 0.652 sec.
Execute     ap_part_info -data single -name xc7z020clg484-1 
Execute     ap_part_info -name xc7z020clg484-1 -data resources 
Execute     ap_part_info -name xc7z020clg484-1 -data info 
Execute     ap_part_info -name xc7z020clg484-1 -data info 
Execute     config_chip_info -quiet -resource {SLICE 13300} {LUT 53200} {FF 106400} {DSP48E 220} {BRAM 280} {URAM 0} 
Execute     ap_part_info -name xc7z020clg484-1 -data info 
Execute     config_chip_info -quiet -speed slow 
Execute     config_export -format=ip_catalog 
Execute     config_export -rtl=verilog 
Command   open_solution done; 0.829 sec.
Execute   export_design -rtl verilog -format ip_catalog 
Execute     get_config_export -acc 
Execute     get_config_export -clock_margin 
Execute     get_config_export -custom_script 
Execute     get_config_export -description 
Execute     get_config_export -display_name 
Execute     get_config_export -driver_input_dir 
Execute     get_config_export -ipname 
Execute     get_config_export -kernel_drc 
Execute     get_config_export -library 
Execute     get_config_export -qor_test 
Execute     get_config_export -sdaccel 
Execute     get_config_export -sim 
Execute     get_config_export -taxonomy 
Execute     get_config_export -use_ip 
Execute     get_config_export -use_netlist 
Execute     get_config_export -vendor 
Execute     get_config_export -version 
Execute     get_config_export -xo 
Execute     config_export -format=ip_catalog -rtl=verilog 
INFO-FLOW: DBG:CMD: export_design_wrap: -format ip_catalog -rtl verilog
Execute     source C:/Users/hohai/OneDrive/Desktop/Code/ZedBoard_Zynq7000/trafic_light_vhls_001/solution1/.autopilot/db/global.setting.tcl 
Execute     get_config_export -vivado_clock 
Execute     get_top 
Execute     get_config_sdx -target 
Execute     get_config_rtl -module_auto_prefix 
Execute     get_config_sdx -target 
Execute     get_config_sdx -target 
INFO-FLOW: DBG:CMD:   auto_impl: pack: -export -tool vivado -rtl verilog -sdx-target none
Execute     source C:/Users/hohai/OneDrive/Desktop/Code/ZedBoard_Zynq7000/trafic_light_vhls_001/solution1/.autopilot/db/global.setting.tcl 
INFO-FLOW: DBG:CMD: read_platform_lib C:/Users/hohai/OneDrive/Desktop/Code/ZedBoard_Zynq7000/trafic_light_vhls_001/solution1/.autopilot/db/global.setting.tcl
Execute     source C:/Xilinx/Vivado/2019.2/common/technology/generic/autopilot/common.gen 
Execute       source C:/Xilinx/Vivado/2019.2/common/technology/generic/autopilot/APCoreGen.gen 
Execute     source C:/Xilinx/Vivado/2019.2/common/technology/generic/autopilot/op.gen 
Execute     source C:/Xilinx/Vivado/2019.2/common/technology/generic/autopilot/op_simcore.gen 
Execute     source C:/Xilinx/Vivado/2019.2/common/technology/generic/autopilot/interface.gen 
Execute     source C:/Users/hohai/OneDrive/Desktop/Code/ZedBoard_Zynq7000/trafic_light_vhls_001/solution1/.autopilot/db/global.setting.tcl 
Execute     source C:/Xilinx/Vivado/2019.2/common/technology/xilinx/zynq/zynq.gen 
Execute       source C:/Xilinx/Vivado/2019.2/common/technology/xilinx/common/xilinx.gen 
Execute         source C:/Xilinx/Vivado/2019.2/common/technology/xilinx/interface/plb46.gen 
Execute         source C:/Xilinx/Vivado/2019.2/common/technology/xilinx/interface/fsl.gen 
Execute         source C:/Xilinx/Vivado/2019.2/common/technology/xilinx/interface/axi4.gen 
Execute         source C:/Xilinx/Vivado/2019.2/common/technology/xilinx/interface/nativeAXI4.gen 
Execute           source C:/Xilinx/Vivado/2019.2/common/technology/xilinx/interface/saxilite.gen 
Execute           source C:/Xilinx/Vivado/2019.2/common/technology/xilinx/interface/maxi.gen 
Execute         source C:/Xilinx/Vivado/2019.2/common/technology/xilinx/scripts/xilinxcoregen.gen 
Execute         source C:/Xilinx/Vivado/2019.2/common/technology/xilinx/interface/XilEDKCoreGen.gen 
Execute         source C:/Xilinx/Vivado/2019.2/common/technology/xilinx/ip/dds_compiler.gen 
Execute         source C:/Xilinx/Vivado/2019.2/common/technology/xilinx/ip/util.gen 
Execute         source C:/Xilinx/Vivado/2019.2/common/technology/xilinx/ip/xfft.gen 
Execute         source C:/Xilinx/Vivado/2019.2/common/technology/xilinx/ip/xfir.gen 
Execute         source C:/Xilinx/Vivado/2019.2/common/technology/xilinx/common/dsp48.gen 
Command       ap_source done; 0.111 sec.
Command     ap_source done; 0.111 sec.
Execute     source C:/Xilinx/Vivado/2019.2/common/technology/xilinx/zynq/zynq_fpv6.gen 
Execute       source C:/Xilinx/Vivado/2019.2/common/technology/xilinx/common/xilinx_fp.gen 
INFO-FLOW: DBG:CMD:   using AESL_AUTOCG::g_clock_period=10.000 (was NA)
Execute     ap_part_info -name xc7z020-clg484-1 -data names -quiet 
Execute     ap_part_info -name xc7z020-clg484-1 -data info -quiet 
Execute     source C:/Users/hohai/OneDrive/Desktop/Code/ZedBoard_Zynq7000/trafic_light_vhls_001/solution1/.autopilot/db/global.setting.tcl 
INFO: [IMPL 213-8] Exporting RTL as a Vivado IP.
Execute     source C:/Users/hohai/OneDrive/Desktop/Code/ZedBoard_Zynq7000/trafic_light_vhls_001/solution1/.autopilot/db/global.setting.tcl 
INFO-FLOW: DBG:CMD: automg_wrap -export -pcore_version 1.00.a -rtl vlog -sdx-target none -tool Vivado -impltomg_flag
INFO-FLOW: DBG:CMD:     auto_generate -export -pcore_version 1.00.a -rtl vlog -sdx-target none -tool Vivado -impltomg_flag
Execute     source C:/Users/hohai/OneDrive/Desktop/Code/ZedBoard_Zynq7000/trafic_light_vhls_001/solution1/.autopilot/db/global.setting.tcl 
INFO-FLOW: DBG:CMD: read_platform_lib C:/Users/hohai/OneDrive/Desktop/Code/ZedBoard_Zynq7000/trafic_light_vhls_001/solution1/.autopilot/db/global.setting.tcl
Execute     source C:/Xilinx/Vivado/2019.2/common/technology/generic/autopilot/common.gen 
Execute       source C:/Xilinx/Vivado/2019.2/common/technology/generic/autopilot/APCoreGen.gen 
Execute     source C:/Xilinx/Vivado/2019.2/common/technology/generic/autopilot/op.gen 
Execute     source C:/Xilinx/Vivado/2019.2/common/technology/generic/autopilot/op_simcore.gen 
Execute     source C:/Xilinx/Vivado/2019.2/common/technology/generic/autopilot/interface.gen 
Execute     source C:/Users/hohai/OneDrive/Desktop/Code/ZedBoard_Zynq7000/trafic_light_vhls_001/solution1/.autopilot/db/global.setting.tcl 
Execute     source C:/Xilinx/Vivado/2019.2/common/technology/xilinx/zynq/zynq.gen 
Execute       source C:/Xilinx/Vivado/2019.2/common/technology/xilinx/common/xilinx.gen 
Execute         source C:/Xilinx/Vivado/2019.2/common/technology/xilinx/interface/plb46.gen 
Execute         source C:/Xilinx/Vivado/2019.2/common/technology/xilinx/interface/fsl.gen 
Execute         source C:/Xilinx/Vivado/2019.2/common/technology/xilinx/interface/axi4.gen 
Execute         source C:/Xilinx/Vivado/2019.2/common/technology/xilinx/interface/nativeAXI4.gen 
Execute           source C:/Xilinx/Vivado/2019.2/common/technology/xilinx/interface/saxilite.gen 
Execute           source C:/Xilinx/Vivado/2019.2/common/technology/xilinx/interface/maxi.gen 
Execute         source C:/Xilinx/Vivado/2019.2/common/technology/xilinx/scripts/xilinxcoregen.gen 
Execute         source C:/Xilinx/Vivado/2019.2/common/technology/xilinx/interface/XilEDKCoreGen.gen 
Execute         source C:/Xilinx/Vivado/2019.2/common/technology/xilinx/ip/dds_compiler.gen 
Execute         source C:/Xilinx/Vivado/2019.2/common/technology/xilinx/ip/util.gen 
Execute         source C:/Xilinx/Vivado/2019.2/common/technology/xilinx/ip/xfft.gen 
Execute         source C:/Xilinx/Vivado/2019.2/common/technology/xilinx/ip/xfir.gen 
Execute         source C:/Xilinx/Vivado/2019.2/common/technology/xilinx/common/dsp48.gen 
Command       ap_source done; 0.108 sec.
Command     ap_source done; 0.109 sec.
Execute     source C:/Xilinx/Vivado/2019.2/common/technology/xilinx/zynq/zynq_fpv6.gen 
Execute       source C:/Xilinx/Vivado/2019.2/common/technology/xilinx/common/xilinx_fp.gen 
INFO-FLOW: DBG:CMD:       initCTypeInfo top_module=trafic_light xml_exists=1
Execute     source C:/Users/hohai/OneDrive/Desktop/Code/ZedBoard_Zynq7000/trafic_light_vhls_001/solution1/.autopilot/db/trafic_light.rtl_wrap.cfg.tcl 
Execute     source C:/Users/hohai/OneDrive/Desktop/Code/ZedBoard_Zynq7000/trafic_light_vhls_001/solution1/.autopilot/db/trafic_light.rtl_wrap.cfg.tcl 
Execute     source C:/Users/hohai/OneDrive/Desktop/Code/ZedBoard_Zynq7000/trafic_light_vhls_001/solution1/.autopilot/db/trafic_light.rtl_wrap.cfg.tcl 
Execute     source C:/Users/hohai/OneDrive/Desktop/Code/ZedBoard_Zynq7000/trafic_light_vhls_001/solution1/.autopilot/db/trafic_light.tbgen.tcl 
Execute     source C:/Users/hohai/OneDrive/Desktop/Code/ZedBoard_Zynq7000/trafic_light_vhls_001/solution1/.autopilot/db/trafic_light.tbgen.tcl 
INFO-FLOW: DBG:CMD:       export_impl_rtl
INFO-FLOW: DBG:CMD:       generate_ip_cores sim=0 export=0 expOnly=0 dstVlogDir=impl/.verilog
Execute     source C:/Users/hohai/OneDrive/Desktop/Code/ZedBoard_Zynq7000/trafic_light_vhls_001/solution1/.autopilot/db/global.setting.tcl 
Execute     source C:/Users/hohai/OneDrive/Desktop/Code/ZedBoard_Zynq7000/trafic_light_vhls_001/solution1/.autopilot/db/trafic_light.compgen.tcl 
INFO-FLOW: DBG:CMD:       generate_ip_cores sim=0 export=1 expOnly=1 dstVlogDir=impl/.pcores/verilog
Execute     source C:/Users/hohai/OneDrive/Desktop/Code/ZedBoard_Zynq7000/trafic_light_vhls_001/solution1/.autopilot/db/global.setting.tcl 
Execute     source C:/Users/hohai/OneDrive/Desktop/Code/ZedBoard_Zynq7000/trafic_light_vhls_001/solution1/.autopilot/db/trafic_light.compgen.tcl 
Execute       ap_part_info -name xc7z020-clg484-1 -data names -quiet 
Execute       ap_part_info -name xc7z020-clg484-1 -data info -quiet 
Execute       ap_part_info -name xc7z020-clg484-1 -data names -quiet 
Execute       ap_part_info -name xc7z020-clg484-1 -data info -quiet 
Execute       ap_part_info -name xc7z020-clg484-1 -data names -quiet 
Execute       ap_part_info -name xc7z020-clg484-1 -data info -quiet 
Execute       ap_part_info -name xc7z020-clg484-1 -data names -quiet 
Execute       ap_part_info -name xc7z020-clg484-1 -data info -quiet 
Execute       ap_part_info -name xc7z020-clg484-1 -data names -quiet 
Execute       ap_part_info -name xc7z020-clg484-1 -data info -quiet 
Execute       ap_part_info -name xc7z020-clg484-1 -data names -quiet 
Execute       ap_part_info -name xc7z020-clg484-1 -data info -quiet 
Execute       ap_part_info -name xc7z020-clg484-1 -data names -quiet 
Execute       ap_part_info -name xc7z020-clg484-1 -data info -quiet 
Execute       ap_part_info -name xc7z020-clg484-1 -data names -quiet 
Execute       ap_part_info -name xc7z020-clg484-1 -data info -quiet 
Execute       ap_part_info -name xc7z020-clg484-1 -data names -quiet 
Execute       ap_part_info -name xc7z020-clg484-1 -data info -quiet 
Execute       ap_part_info -name xc7z020-clg484-1 -data names -quiet 
Execute       ap_part_info -name xc7z020-clg484-1 -data info -quiet 
Execute     ap_part_info -name xc7z020-clg484-1 -data names -quiet 
Execute     ap_part_info -name xc7z020-clg484-1 -data info -quiet 
INFO-FLOW: DBG:CMD:       generate_ip_cores sim=0 export=0 expOnly=0 dstVlogDir=impl/.pcores/verilog_sim
Execute     source C:/Users/hohai/OneDrive/Desktop/Code/ZedBoard_Zynq7000/trafic_light_vhls_001/solution1/.autopilot/db/global.setting.tcl 
Execute     source C:/Users/hohai/OneDrive/Desktop/Code/ZedBoard_Zynq7000/trafic_light_vhls_001/solution1/.autopilot/db/trafic_light.compgen.tcl 
Execute     ap_part_info -name xc7z020-clg484-1 -data names -quiet 
Execute     ap_part_info -name xc7z020-clg484-1 -data info -quiet 
Execute     ap_part_info -name xc7z020-clg484-1 -data names -quiet 
Execute     ap_part_info -name xc7z020-clg484-1 -data info -quiet 
Execute     source C:/Users/hohai/OneDrive/Desktop/Code/ZedBoard_Zynq7000/trafic_light_vhls_001/solution1/.autopilot/db/global.setting.tcl 
Execute     ap_part_info -name xc7z020-clg484-1 -data names -quiet 
Execute     ap_part_info -name xc7z020-clg484-1 -data info -quiet 
Execute     source C:/Users/hohai/OneDrive/Desktop/Code/ZedBoard_Zynq7000/trafic_light_vhls_001/solution1/.autopilot/db/trafic_light.constraint.tcl 
INFO-FLOW: DBG:CMD:       hasPcoreIpAdapter=false #gSsdmPorts=12
INFO-FLOW: DBG:CMD:       copying IP vlog from C:/Users/hohai/OneDrive/Desktop/Code/ZedBoard_Zynq7000/trafic_light_vhls_001/solution1/impl/verilog
INFO-FLOW: DBG:CMD:       copying IP vhdl from C:/Users/hohai/OneDrive/Desktop/Code/ZedBoard_Zynq7000/trafic_light_vhls_001/solution1/impl/vhdl
INFO-FLOW: DBG:CMD:       generate_ip_script #gSsdmPorts=12
Execute     ap_part_info -name xc7z020-clg484-1 -data names -quiet 
Execute     ap_part_info -name xc7z020-clg484-1 -data info -quiet 
Execute     ap_part_info -name xc7z020-clg484-1 -data names -quiet 
Execute     ap_part_info -name xc7z020-clg484-1 -data info -quiet 
Execute     source C:/Users/hohai/OneDrive/Desktop/Code/ZedBoard_Zynq7000/trafic_light_vhls_001/solution1/.autopilot/db/trafic_light.tbgen.tcl 
Execute     source C:/Users/hohai/OneDrive/Desktop/Code/ZedBoard_Zynq7000/trafic_light_vhls_001/solution1/.autopilot/db/trafic_light.tbgen.tcl 
Execute     source C:/Users/hohai/OneDrive/Desktop/Code/ZedBoard_Zynq7000/trafic_light_vhls_001/solution1/.autopilot/db/global.setting.tcl 
Execute     get_config_sdx -target 
Execute     get_config_debug -directory 
INFO-FLOW: DBG:CMD:       generate_ip_auxiliary
Execute     ap_part_info -name xc7z020-clg484-1 -data names -quiet 
Execute     ap_part_info -name xc7z020-clg484-1 -data info -quiet 
Execute     source C:/Users/hohai/OneDrive/Desktop/Code/ZedBoard_Zynq7000/trafic_light_vhls_001/solution1/.autopilot/db/global.setting.tcl 
INFO-FLOW: DBG:CMD:       prepArgInfo -> loadAnalyze_DB top_module=trafic_light
Execute     source C:/Users/hohai/OneDrive/Desktop/Code/ZedBoard_Zynq7000/trafic_light_vhls_001/solution1/.autopilot/db/trafic_light.rtl_wrap.cfg.tcl 
Execute     source C:/Users/hohai/OneDrive/Desktop/Code/ZedBoard_Zynq7000/trafic_light_vhls_001/solution1/.autopilot/db/trafic_light.rtl_wrap.cfg.tcl 
Execute     source C:/Users/hohai/OneDrive/Desktop/Code/ZedBoard_Zynq7000/trafic_light_vhls_001/solution1/.autopilot/db/trafic_light.rtl_wrap.cfg.tcl 
Execute     source C:/Users/hohai/OneDrive/Desktop/Code/ZedBoard_Zynq7000/trafic_light_vhls_001/solution1/.autopilot/db/trafic_light.tbgen.tcl 
Execute     source C:/Users/hohai/OneDrive/Desktop/Code/ZedBoard_Zynq7000/trafic_light_vhls_001/solution1/.autopilot/db/trafic_light.tbgen.tcl 
Execute     source C:/Users/hohai/OneDrive/Desktop/Code/ZedBoard_Zynq7000/trafic_light_vhls_001/solution1/.autopilot/db/trafic_light.tbgen.tcl 
INFO-FLOW: DBG:CMD:       generate_top_info
INFO-FLOW: DBG:CMD:       prepArgInfo -> loadAnalyze_DB top_module=trafic_light
Execute     source C:/Users/hohai/OneDrive/Desktop/Code/ZedBoard_Zynq7000/trafic_light_vhls_001/solution1/.autopilot/db/trafic_light.rtl_wrap.cfg.tcl 
Execute     source C:/Users/hohai/OneDrive/Desktop/Code/ZedBoard_Zynq7000/trafic_light_vhls_001/solution1/.autopilot/db/trafic_light.rtl_wrap.cfg.tcl 
Execute     source C:/Users/hohai/OneDrive/Desktop/Code/ZedBoard_Zynq7000/trafic_light_vhls_001/solution1/.autopilot/db/trafic_light.rtl_wrap.cfg.tcl 
Execute     source C:/Users/hohai/OneDrive/Desktop/Code/ZedBoard_Zynq7000/trafic_light_vhls_001/solution1/.autopilot/db/trafic_light.tbgen.tcl 
Execute     source C:/Users/hohai/OneDrive/Desktop/Code/ZedBoard_Zynq7000/trafic_light_vhls_001/solution1/.autopilot/db/trafic_light.tbgen.tcl 
Execute     ap_part_info -name xc7z020-clg484-1 -data names -quiet 
Execute     ap_part_info -name xc7z020-clg484-1 -data info -quiet 
Execute     ap_part_info -name xc7z020-clg484-1 -data names -quiet 
Execute     ap_part_info -name xc7z020-clg484-1 -data info -quiet 
Execute     source C:/Users/hohai/OneDrive/Desktop/Code/ZedBoard_Zynq7000/trafic_light_vhls_001/solution1/.autopilot/db/global.setting.tcl 
Execute     source C:/Users/hohai/OneDrive/Desktop/Code/ZedBoard_Zynq7000/trafic_light_vhls_001/solution1/.autopilot/db/trafic_light.constraint.tcl 
INFO-FLOW: DBG:CMD:       generate_ipi_example_script
Execute     ap_part_info -name xc7z020-clg484-1 -data names -quiet 
Execute     ap_part_info -name xc7z020-clg484-1 -data info -quiet 
Execute     ap_part_info -name xc7z020-clg484-1 -data names -quiet 
Execute     ap_part_info -name xc7z020-clg484-1 -data info -quiet 
INFO-FLOW: DBG:CMD:       generate_syn_sh
Execute     ap_part_info -name xc7z020-clg484-1 -data names -quiet 
Execute     ap_part_info -name xc7z020-clg484-1 -data info -quiet 
Execute     source C:/Users/hohai/OneDrive/Desktop/Code/ZedBoard_Zynq7000/trafic_light_vhls_001/solution1/.autopilot/db/global.setting.tcl 
INFO-FLOW: DBG:CMD:       generate_imp_constraints
Execute     ap_part_info -name xc7z020-clg484-1 -data names -quiet 
Execute     ap_part_info -name xc7z020-clg484-1 -data info -quiet 
Execute     source C:/Users/hohai/OneDrive/Desktop/Code/ZedBoard_Zynq7000/trafic_light_vhls_001/solution1/.autopilot/db/trafic_light.constraint.tcl 
INFO-FLOW: DBG:CMD:       delete-temp-dirs (skipped for debug)
Execute     ap_part_info -name xc7z020-clg484-1 -data names -quiet 
Execute     ap_part_info -name xc7z020-clg484-1 -data info -quiet 
INFO-FLOW: DBG:CMD: read_platform_lib C:/Users/hohai/OneDrive/Desktop/Code/ZedBoard_Zynq7000/trafic_light_vhls_001/solution1/.autopilot/db/global.setting.tcl
Execute     source C:/Xilinx/Vivado/2019.2/common/technology/generic/autopilot/common.gen 
Execute       source C:/Xilinx/Vivado/2019.2/common/technology/generic/autopilot/APCoreGen.gen 
Execute     source C:/Xilinx/Vivado/2019.2/common/technology/generic/autopilot/op.gen 
Execute     source C:/Xilinx/Vivado/2019.2/common/technology/generic/autopilot/op_simcore.gen 
Execute     source C:/Xilinx/Vivado/2019.2/common/technology/generic/autopilot/interface.gen 
Execute     source C:/Users/hohai/OneDrive/Desktop/Code/ZedBoard_Zynq7000/trafic_light_vhls_001/solution1/.autopilot/db/global.setting.tcl 
Execute     source C:/Xilinx/Vivado/2019.2/common/technology/xilinx/zynq/zynq.gen 
Execute       source C:/Xilinx/Vivado/2019.2/common/technology/xilinx/common/xilinx.gen 
Execute         source C:/Xilinx/Vivado/2019.2/common/technology/xilinx/interface/plb46.gen 
Execute         source C:/Xilinx/Vivado/2019.2/common/technology/xilinx/interface/fsl.gen 
Execute         source C:/Xilinx/Vivado/2019.2/common/technology/xilinx/interface/axi4.gen 
Execute         source C:/Xilinx/Vivado/2019.2/common/technology/xilinx/interface/nativeAXI4.gen 
Execute           source C:/Xilinx/Vivado/2019.2/common/technology/xilinx/interface/saxilite.gen 
Execute           source C:/Xilinx/Vivado/2019.2/common/technology/xilinx/interface/maxi.gen 
Execute         source C:/Xilinx/Vivado/2019.2/common/technology/xilinx/scripts/xilinxcoregen.gen 
Execute         source C:/Xilinx/Vivado/2019.2/common/technology/xilinx/interface/XilEDKCoreGen.gen 
Execute         source C:/Xilinx/Vivado/2019.2/common/technology/xilinx/ip/dds_compiler.gen 
Execute         source C:/Xilinx/Vivado/2019.2/common/technology/xilinx/ip/util.gen 
Execute         source C:/Xilinx/Vivado/2019.2/common/technology/xilinx/ip/xfft.gen 
Execute         source C:/Xilinx/Vivado/2019.2/common/technology/xilinx/ip/xfir.gen 
Execute         source C:/Xilinx/Vivado/2019.2/common/technology/xilinx/common/dsp48.gen 
Command       ap_source done; 0.109 sec.
Command     ap_source done; 0.109 sec.
Execute     source C:/Xilinx/Vivado/2019.2/common/technology/xilinx/zynq/zynq_fpv6.gen 
Execute       source C:/Xilinx/Vivado/2019.2/common/technology/xilinx/common/xilinx_fp.gen 
Execute     ap_part_info -name xc7z020-clg484-1 -data names -quiet 
Execute     ap_part_info -name xc7z020-clg484-1 -data info -quiet 
INFO-FLOW: DBG:CMD:     exec C:/Users/hohai/OneDrive/Desktop/Code/ZedBoard_Zynq7000/trafic_light_vhls_001/solution1/impl/ip/pack.bat
Command   export_design done; 6.345 sec.
Command ap_source done; 7.185 sec.
Execute cleanup_all 
