#-----------------------------------------------------------
# Vivado v2020.1 (64-bit)
# SW Build 2902540 on Wed May 27 19:54:49 MDT 2020
# IP Build 2902112 on Wed May 27 22:43:36 MDT 2020
# Start of session at: Sun Mar 21 13:19:06 2021
# Process ID: 9424
# Current directory: C:/Users/hohai/OneDrive/Desktop/Code/temp/ZedBoard_Zynq7000/001/001_temperature_sensor_vivado
# Command line: vivado.exe -gui_launcher_event rodinguilauncherevent12996 C:\Users\hohai\OneDrive\Desktop\Code\temp\ZedBoard_Zynq7000\001\001_temperature_sensor_vivado\001_temperature_sensor_vivado.xpr
# Log file: C:/Users/hohai/OneDrive/Desktop/Code/temp/ZedBoard_Zynq7000/001/001_temperature_sensor_vivado/vivado.log
# Journal file: C:/Users/hohai/OneDrive/Desktop/Code/temp/ZedBoard_Zynq7000/001/001_temperature_sensor_vivado\vivado.jou
#-----------------------------------------------------------
start_gui
open_project C:/Users/hohai/OneDrive/Desktop/Code/temp/ZedBoard_Zynq7000/001/001_temperature_sensor_vivado/001_temperature_sensor_vivado.xpr
INFO: [ProjectBase 1-489] The host OS only allows 260 characters in a normal path. The project is stored in a path with more than 80 characters. If you experience issues with IP, Block Designs, or files not being found, please consider moving the project to a location with a shorter path. Alternately consider using the OS subst command to map part of the path to a drive letter.
Current project path is 'C:/Users/hohai/OneDrive/Desktop/Code/temp/ZedBoard_Zynq7000/001/001_temperature_sensor_vivado'
INFO: [Project 1-313] Project file moved from 'C:/Users/hohai/OneDrive/Desktop/Code/ZedBoard_Zynq7000/001/001_temperature_sensor_vivado' since last save.
Scanning sources...
Finished scanning sources
INFO: [filemgmt 56-1] IPUserFilesDir: Directory not found as 'C:/Users/hohai/OneDrive/Desktop/Code/temp/ZedBoard_Zynq7000/001/001_temperature_sensor_vivado/001_temperature_sensor_vivado.ip_user_files'; using path 'C:/Users/hohai/OneDrive/Desktop/Code/ZedBoard_Zynq7000/001/001_temperature_sensor_vivado/001_temperature_sensor_vivado.ip_user_files' instead.
INFO: [IP_Flow 19-234] Refreshing IP repositories
INFO: [IP_Flow 19-1704] No user IP repositories specified
INFO: [IP_Flow 19-2313] Loaded Vivado IP repository 'C:/Xilinx2020/Vivado/2020.1/data/ip'.
open_project: Time (s): cpu = 00:00:14 ; elapsed = 00:00:07 . Memory (MB): peak = 1201.223 ; gain = 0.000
open_bd_design {C:/Users/hohai/OneDrive/Desktop/Code/temp/ZedBoard_Zynq7000/001/001_temperature_sensor_vivado/001_temperature_sensor_vivado.srcs/sources_1/bd/design_1/design_1.bd}
Adding component instance block -- xilinx.com:ip:processing_system7:5.5 - processing_system7_0
WARNING: [BD 41-176] The physical port 'S_AXI_GP2_rd_socket' specified in the portmap, is not found on the block! 
WARNING: [BD 41-176] The physical port 'S_AXI_GP2_wr_socket' specified in the portmap, is not found on the block! 
WARNING: [BD 41-176] The physical port 'S_AXI_GP3_rd_socket' specified in the portmap, is not found on the block! 
WARNING: [BD 41-176] The physical port 'S_AXI_GP3_wr_socket' specified in the portmap, is not found on the block! 
Adding component instance block -- xilinx.com:ip:axi_gpio:2.0 - button
Adding component instance block -- xilinx.com:ip:axi_gpio:2.0 - led
Adding component instance block -- xilinx.com:ip:axi_interconnect:2.1 - ps7_0_axi_periph
Adding component instance block -- xilinx.com:ip:axi_crossbar:2.1 - xbar
Adding component instance block -- xilinx.com:ip:axi_protocol_converter:2.1 - auto_pc
Adding component instance block -- xilinx.com:ip:proc_sys_reset:5.0 - rst_ps7_0_100M
WARNING: [BD 41-1731] Type mismatch between connected pins: /processing_system7_0/SPI0_SCLK_O(undef) and /spi0_sclk(clk)
Successfully read diagram <design_1> from BD file <C:/Users/hohai/OneDrive/Desktop/Code/temp/ZedBoard_Zynq7000/001/001_temperature_sensor_vivado/001_temperature_sensor_vivado.srcs/sources_1/bd/design_1/design_1.bd>
open_bd_design: Time (s): cpu = 00:00:10 ; elapsed = 00:00:08 . Memory (MB): peak = 1201.223 ; gain = 0.000
update_compile_order -fileset sources_1
set_property  ip_repo_paths  C:/Users/hohai/OneDrive/Desktop/Code/temp/ZedBoard_Zynq7000/001/oled_control [current_project]
update_ip_catalog
INFO: [IP_Flow 19-234] Refreshing IP repositories
INFO: [IP_Flow 19-1700] Loaded user IP repository 'c:/Users/hohai/OneDrive/Desktop/Code/temp/ZedBoard_Zynq7000/001/oled_control'.
startgroup
create_bd_cell -type ip -vlnv xilinx.com:user:oled_control:1.0 oled_control_0
endgroup
apply_bd_automation -rule xilinx.com:bd_rule:axi4 -config { Clk_master {/processing_system7_0/FCLK_CLK0 (100 MHz)} Clk_slave {Auto} Clk_xbar {/processing_system7_0/FCLK_CLK0 (100 MHz)} Master {/processing_system7_0/M_AXI_GP0} Slave {/oled_control_0/S00_AXI} ddr_seg {Auto} intc_ip {/ps7_0_axi_periph} master_apm {0}}  [get_bd_intf_pins oled_control_0/S00_AXI]
Slave segment '/oled_control_0/S00_AXI/S00_AXI_reg' is being assigned into address space '/processing_system7_0/Data' at <0x43C0_0000 [ 64K ]>.
regenerate_bd_layout
startgroup
make_bd_pins_external  [get_bd_pins oled_control_0/oled_reset_n] [get_bd_pins oled_control_0/oled_spi_data] [get_bd_pins oled_control_0/oled_spi_clk] [get_bd_pins oled_control_0/oled_vbat] [get_bd_pins oled_control_0/oled_vdd] [get_bd_pins oled_control_0/oled_dc_n]
endgroup
regenerate_bd_layout
save_bd_design
Wrote  : <C:\Users\hohai\OneDrive\Desktop\Code\temp\ZedBoard_Zynq7000\001\001_temperature_sensor_vivado\001_temperature_sensor_vivado.srcs\sources_1\bd\design_1\design_1.bd> 
Wrote  : <C:/Users/hohai/OneDrive/Desktop/Code/temp/ZedBoard_Zynq7000/001/001_temperature_sensor_vivado/001_temperature_sensor_vivado.srcs/sources_1/bd/design_1/ui/bd_1f5defd0.ui> 
validate_bd_design
WARNING: [#UNDEF] When using EMIO pins for SPI_0 tie SSIN High in the PL bitstream
validate_bd_design: Time (s): cpu = 00:00:09 ; elapsed = 00:00:10 . Memory (MB): peak = 1201.223 ; gain = 0.000
generate_target all [get_files  C:/Users/hohai/OneDrive/Desktop/Code/temp/ZedBoard_Zynq7000/001/001_temperature_sensor_vivado/001_temperature_sensor_vivado.srcs/sources_1/bd/design_1/design_1.bd]
INFO: [BD 41-1662] The design 'design_1.bd' is already validated. Therefore parameter propagation will not be re-run.
Wrote  : <C:\Users\hohai\OneDrive\Desktop\Code\temp\ZedBoard_Zynq7000\001\001_temperature_sensor_vivado\001_temperature_sensor_vivado.srcs\sources_1\bd\design_1\design_1.bd> 
Wrote  : <C:/Users/hohai/OneDrive/Desktop/Code/temp/ZedBoard_Zynq7000/001/001_temperature_sensor_vivado/001_temperature_sensor_vivado.srcs/sources_1/bd/design_1/ui/bd_1f5defd0.ui> 
VHDL Output written to : C:/Users/hohai/OneDrive/Desktop/Code/temp/ZedBoard_Zynq7000/001/001_temperature_sensor_vivado/001_temperature_sensor_vivado.srcs/sources_1/bd/design_1/synth/design_1.v
VHDL Output written to : C:/Users/hohai/OneDrive/Desktop/Code/temp/ZedBoard_Zynq7000/001/001_temperature_sensor_vivado/001_temperature_sensor_vivado.srcs/sources_1/bd/design_1/sim/design_1.v
VHDL Output written to : C:/Users/hohai/OneDrive/Desktop/Code/temp/ZedBoard_Zynq7000/001/001_temperature_sensor_vivado/001_temperature_sensor_vivado.srcs/sources_1/bd/design_1/hdl/design_1_wrapper.v
INFO: [BD 41-1029] Generation completed for the IP Integrator block ps7_0_axi_periph/xbar .
INFO: [BD 41-1029] Generation completed for the IP Integrator block oled_control_0 .
WARNING: [IP_Flow 19-4994] Overwriting existing constraint file 'c:/Users/hohai/OneDrive/Desktop/Code/temp/ZedBoard_Zynq7000/001/001_temperature_sensor_vivado/001_temperature_sensor_vivado.srcs/sources_1/bd/design_1/ip/design_1_auto_pc_0/design_1_auto_pc_0_ooc.xdc'
INFO: [BD 41-1029] Generation completed for the IP Integrator block ps7_0_axi_periph/s00_couplers/auto_pc .
Exporting to file C:/Users/hohai/OneDrive/Desktop/Code/temp/ZedBoard_Zynq7000/001/001_temperature_sensor_vivado/001_temperature_sensor_vivado.srcs/sources_1/bd/design_1/hw_handoff/design_1.hwh
Generated Block Design Tcl file C:/Users/hohai/OneDrive/Desktop/Code/temp/ZedBoard_Zynq7000/001/001_temperature_sensor_vivado/001_temperature_sensor_vivado.srcs/sources_1/bd/design_1/hw_handoff/design_1_bd.tcl
Generated Hardware Definition File C:/Users/hohai/OneDrive/Desktop/Code/temp/ZedBoard_Zynq7000/001/001_temperature_sensor_vivado/001_temperature_sensor_vivado.srcs/sources_1/bd/design_1/synth/design_1.hwdef
catch { config_ip_cache -export [get_ips -all design_1_xbar_0] }
catch { config_ip_cache -export [get_ips -all design_1_oled_control_0_0] }
catch { config_ip_cache -export [get_ips -all design_1_auto_pc_0] }
INFO: [IP_Flow 19-4993] Using cached IP synthesis design for IP design_1_auto_pc_0, cache-ID = 8d7bf0866b9b21d2; cache size = 9.212 MB.
export_ip_user_files -of_objects [get_files C:/Users/hohai/OneDrive/Desktop/Code/temp/ZedBoard_Zynq7000/001/001_temperature_sensor_vivado/001_temperature_sensor_vivado.srcs/sources_1/bd/design_1/design_1.bd] -no_script -sync -force -quiet
create_ip_run [get_files -of_objects [get_fileset sources_1] C:/Users/hohai/OneDrive/Desktop/Code/temp/ZedBoard_Zynq7000/001/001_temperature_sensor_vivado/001_temperature_sensor_vivado.srcs/sources_1/bd/design_1/design_1.bd]
launch_runs design_1_xbar_0_synth_1 design_1_oled_control_0_0_synth_1 -jobs 12
[Sun Mar 21 13:24:05 2021] Launched design_1_xbar_0_synth_1, design_1_oled_control_0_0_synth_1...
Run output will be captured here:
design_1_xbar_0_synth_1: C:/Users/hohai/OneDrive/Desktop/Code/temp/ZedBoard_Zynq7000/001/001_temperature_sensor_vivado/001_temperature_sensor_vivado.runs/design_1_xbar_0_synth_1/runme.log
design_1_oled_control_0_0_synth_1: C:/Users/hohai/OneDrive/Desktop/Code/temp/ZedBoard_Zynq7000/001/001_temperature_sensor_vivado/001_temperature_sensor_vivado.runs/design_1_oled_control_0_0_synth_1/runme.log
export_simulation -of_objects [get_files C:/Users/hohai/OneDrive/Desktop/Code/temp/ZedBoard_Zynq7000/001/001_temperature_sensor_vivado/001_temperature_sensor_vivado.srcs/sources_1/bd/design_1/design_1.bd] -directory C:/Users/hohai/OneDrive/Desktop/Code/ZedBoard_Zynq7000/001/001_temperature_sensor_vivado/001_temperature_sensor_vivado.ip_user_files/sim_scripts -ip_user_files_dir C:/Users/hohai/OneDrive/Desktop/Code/ZedBoard_Zynq7000/001/001_temperature_sensor_vivado/001_temperature_sensor_vivado.ip_user_files -ipstatic_source_dir C:/Users/hohai/OneDrive/Desktop/Code/temp/ZedBoard_Zynq7000/001/001_temperature_sensor_vivado/001_temperature_sensor_vivado.ip_user_files/ipstatic -lib_map_path [list {modelsim=C:/Users/hohai/OneDrive/Desktop/Code/temp/ZedBoard_Zynq7000/001/001_temperature_sensor_vivado/001_temperature_sensor_vivado.cache/compile_simlib/modelsim} {questa=C:/Users/hohai/OneDrive/Desktop/Code/temp/ZedBoard_Zynq7000/001/001_temperature_sensor_vivado/001_temperature_sensor_vivado.cache/compile_simlib/questa} {riviera=C:/Users/hohai/OneDrive/Desktop/Code/temp/ZedBoard_Zynq7000/001/001_temperature_sensor_vivado/001_temperature_sensor_vivado.cache/compile_simlib/riviera} {activehdl=C:/Users/hohai/OneDrive/Desktop/Code/temp/ZedBoard_Zynq7000/001/001_temperature_sensor_vivado/001_temperature_sensor_vivado.cache/compile_simlib/activehdl}] -use_ip_compiled_libs -force -quiet
reset_run synth_1
launch_runs synth_1 -jobs 12
[Sun Mar 21 13:25:55 2021] Launched synth_1...
Run output will be captured here: C:/Users/hohai/OneDrive/Desktop/Code/temp/ZedBoard_Zynq7000/001/001_temperature_sensor_vivado/001_temperature_sensor_vivado.runs/synth_1/runme.log
open_run synth_1 -name synth_1
Design is defaulting to impl run constrset: constrs_1
Design is defaulting to synth run part: xc7z020clg484-1
INFO: [Device 21-403] Loading part xc7z020clg484-1
INFO: [Project 1-454] Reading design checkpoint 'c:/Users/hohai/OneDrive/Desktop/Code/temp/ZedBoard_Zynq7000/001/001_temperature_sensor_vivado/001_temperature_sensor_vivado.srcs/sources_1/bd/design_1/ip/design_1_axi_gpio_0_1/design_1_axi_gpio_0_1.dcp' for cell 'design_1_i/button'
INFO: [Project 1-454] Reading design checkpoint 'c:/Users/hohai/OneDrive/Desktop/Code/temp/ZedBoard_Zynq7000/001/001_temperature_sensor_vivado/001_temperature_sensor_vivado.srcs/sources_1/bd/design_1/ip/design_1_axi_gpio_0_2/design_1_axi_gpio_0_2.dcp' for cell 'design_1_i/led'
INFO: [Project 1-454] Reading design checkpoint 'c:/Users/hohai/OneDrive/Desktop/Code/temp/ZedBoard_Zynq7000/001/001_temperature_sensor_vivado/001_temperature_sensor_vivado.srcs/sources_1/bd/design_1/ip/design_1_oled_control_0_0/design_1_oled_control_0_0.dcp' for cell 'design_1_i/oled_control_0'
INFO: [Project 1-454] Reading design checkpoint 'c:/Users/hohai/OneDrive/Desktop/Code/temp/ZedBoard_Zynq7000/001/001_temperature_sensor_vivado/001_temperature_sensor_vivado.srcs/sources_1/bd/design_1/ip/design_1_processing_system7_0_0/design_1_processing_system7_0_0.dcp' for cell 'design_1_i/processing_system7_0'
INFO: [Project 1-454] Reading design checkpoint 'c:/Users/hohai/OneDrive/Desktop/Code/temp/ZedBoard_Zynq7000/001/001_temperature_sensor_vivado/001_temperature_sensor_vivado.srcs/sources_1/bd/design_1/ip/design_1_rst_ps7_0_100M_0/design_1_rst_ps7_0_100M_0.dcp' for cell 'design_1_i/rst_ps7_0_100M'
INFO: [Project 1-454] Reading design checkpoint 'c:/Users/hohai/OneDrive/Desktop/Code/temp/ZedBoard_Zynq7000/001/001_temperature_sensor_vivado/001_temperature_sensor_vivado.srcs/sources_1/bd/design_1/ip/design_1_xbar_0/design_1_xbar_0.dcp' for cell 'design_1_i/ps7_0_axi_periph/xbar'
INFO: [Project 1-454] Reading design checkpoint 'c:/Users/hohai/OneDrive/Desktop/Code/temp/ZedBoard_Zynq7000/001/001_temperature_sensor_vivado/001_temperature_sensor_vivado.srcs/sources_1/bd/design_1/ip/design_1_auto_pc_0/design_1_auto_pc_0.dcp' for cell 'design_1_i/ps7_0_axi_periph/s00_couplers/auto_pc'
Netlist sorting complete. Time (s): cpu = 00:00:00 ; elapsed = 00:00:00.104 . Memory (MB): peak = 1483.742 ; gain = 0.000
INFO: [Netlist 29-17] Analyzing 70 Unisim elements for replacement
INFO: [Netlist 29-28] Unisim Transformation completed in 0 CPU seconds
INFO: [Project 1-479] Netlist was created with Vivado 2020.1
INFO: [Project 1-570] Preparing netlist for logic optimization
Parsing XDC File [c:/Users/hohai/OneDrive/Desktop/Code/temp/ZedBoard_Zynq7000/001/001_temperature_sensor_vivado/001_temperature_sensor_vivado.srcs/sources_1/bd/design_1/ip/design_1_processing_system7_0_0/design_1_processing_system7_0_0.xdc] for cell 'design_1_i/processing_system7_0/inst'
Finished Parsing XDC File [c:/Users/hohai/OneDrive/Desktop/Code/temp/ZedBoard_Zynq7000/001/001_temperature_sensor_vivado/001_temperature_sensor_vivado.srcs/sources_1/bd/design_1/ip/design_1_processing_system7_0_0/design_1_processing_system7_0_0.xdc] for cell 'design_1_i/processing_system7_0/inst'
Parsing XDC File [c:/Users/hohai/OneDrive/Desktop/Code/temp/ZedBoard_Zynq7000/001/001_temperature_sensor_vivado/001_temperature_sensor_vivado.srcs/sources_1/bd/design_1/ip/design_1_axi_gpio_0_1/design_1_axi_gpio_0_1_board.xdc] for cell 'design_1_i/button/U0'
Finished Parsing XDC File [c:/Users/hohai/OneDrive/Desktop/Code/temp/ZedBoard_Zynq7000/001/001_temperature_sensor_vivado/001_temperature_sensor_vivado.srcs/sources_1/bd/design_1/ip/design_1_axi_gpio_0_1/design_1_axi_gpio_0_1_board.xdc] for cell 'design_1_i/button/U0'
Parsing XDC File [c:/Users/hohai/OneDrive/Desktop/Code/temp/ZedBoard_Zynq7000/001/001_temperature_sensor_vivado/001_temperature_sensor_vivado.srcs/sources_1/bd/design_1/ip/design_1_axi_gpio_0_1/design_1_axi_gpio_0_1.xdc] for cell 'design_1_i/button/U0'
Finished Parsing XDC File [c:/Users/hohai/OneDrive/Desktop/Code/temp/ZedBoard_Zynq7000/001/001_temperature_sensor_vivado/001_temperature_sensor_vivado.srcs/sources_1/bd/design_1/ip/design_1_axi_gpio_0_1/design_1_axi_gpio_0_1.xdc] for cell 'design_1_i/button/U0'
Parsing XDC File [c:/Users/hohai/OneDrive/Desktop/Code/temp/ZedBoard_Zynq7000/001/001_temperature_sensor_vivado/001_temperature_sensor_vivado.srcs/sources_1/bd/design_1/ip/design_1_axi_gpio_0_2/design_1_axi_gpio_0_2_board.xdc] for cell 'design_1_i/led/U0'
Finished Parsing XDC File [c:/Users/hohai/OneDrive/Desktop/Code/temp/ZedBoard_Zynq7000/001/001_temperature_sensor_vivado/001_temperature_sensor_vivado.srcs/sources_1/bd/design_1/ip/design_1_axi_gpio_0_2/design_1_axi_gpio_0_2_board.xdc] for cell 'design_1_i/led/U0'
Parsing XDC File [c:/Users/hohai/OneDrive/Desktop/Code/temp/ZedBoard_Zynq7000/001/001_temperature_sensor_vivado/001_temperature_sensor_vivado.srcs/sources_1/bd/design_1/ip/design_1_axi_gpio_0_2/design_1_axi_gpio_0_2.xdc] for cell 'design_1_i/led/U0'
Finished Parsing XDC File [c:/Users/hohai/OneDrive/Desktop/Code/temp/ZedBoard_Zynq7000/001/001_temperature_sensor_vivado/001_temperature_sensor_vivado.srcs/sources_1/bd/design_1/ip/design_1_axi_gpio_0_2/design_1_axi_gpio_0_2.xdc] for cell 'design_1_i/led/U0'
Parsing XDC File [c:/Users/hohai/OneDrive/Desktop/Code/temp/ZedBoard_Zynq7000/001/001_temperature_sensor_vivado/001_temperature_sensor_vivado.srcs/sources_1/bd/design_1/ip/design_1_rst_ps7_0_100M_0/design_1_rst_ps7_0_100M_0_board.xdc] for cell 'design_1_i/rst_ps7_0_100M/U0'
Finished Parsing XDC File [c:/Users/hohai/OneDrive/Desktop/Code/temp/ZedBoard_Zynq7000/001/001_temperature_sensor_vivado/001_temperature_sensor_vivado.srcs/sources_1/bd/design_1/ip/design_1_rst_ps7_0_100M_0/design_1_rst_ps7_0_100M_0_board.xdc] for cell 'design_1_i/rst_ps7_0_100M/U0'
Parsing XDC File [c:/Users/hohai/OneDrive/Desktop/Code/temp/ZedBoard_Zynq7000/001/001_temperature_sensor_vivado/001_temperature_sensor_vivado.srcs/sources_1/bd/design_1/ip/design_1_rst_ps7_0_100M_0/design_1_rst_ps7_0_100M_0.xdc] for cell 'design_1_i/rst_ps7_0_100M/U0'
Finished Parsing XDC File [c:/Users/hohai/OneDrive/Desktop/Code/temp/ZedBoard_Zynq7000/001/001_temperature_sensor_vivado/001_temperature_sensor_vivado.srcs/sources_1/bd/design_1/ip/design_1_rst_ps7_0_100M_0/design_1_rst_ps7_0_100M_0.xdc] for cell 'design_1_i/rst_ps7_0_100M/U0'
Parsing XDC File [C:/Users/hohai/OneDrive/Desktop/Code/temp/ZedBoard_Zynq7000/001/001_temperature_sensor_vivado/001_temperature_sensor_vivado.srcs/constrs_1/new/map_pin.xdc]
Finished Parsing XDC File [C:/Users/hohai/OneDrive/Desktop/Code/temp/ZedBoard_Zynq7000/001/001_temperature_sensor_vivado/001_temperature_sensor_vivado.srcs/constrs_1/new/map_pin.xdc]
INFO: [Opt 31-138] Pushed 0 inverter(s) to 0 load pin(s).
Netlist sorting complete. Time (s): cpu = 00:00:00 ; elapsed = 00:00:00.001 . Memory (MB): peak = 1614.938 ; gain = 0.000
INFO: [Project 1-111] Unisim Transformation Summary:
No Unisim elements were transformed.

open_run: Time (s): cpu = 00:00:16 ; elapsed = 00:00:12 . Memory (MB): peak = 1747.969 ; gain = 435.777
open_bd_design {C:/Users/hohai/OneDrive/Desktop/Code/temp/ZedBoard_Zynq7000/001/001_temperature_sensor_vivado/001_temperature_sensor_vivado.srcs/sources_1/bd/design_1/design_1.bd}
reset_run synth_1
launch_runs synth_1 -jobs 12
[Sun Mar 21 13:35:14 2021] Launched synth_1...
Run output will be captured here: C:/Users/hohai/OneDrive/Desktop/Code/temp/ZedBoard_Zynq7000/001/001_temperature_sensor_vivado/001_temperature_sensor_vivado.runs/synth_1/runme.log
close_design
open_run synth_1 -name synth_1
Design is defaulting to impl run constrset: constrs_1
Design is defaulting to synth run part: xc7z020clg484-1
INFO: [Project 1-454] Reading design checkpoint 'c:/Users/hohai/OneDrive/Desktop/Code/temp/ZedBoard_Zynq7000/001/001_temperature_sensor_vivado/001_temperature_sensor_vivado.srcs/sources_1/bd/design_1/ip/design_1_axi_gpio_0_1/design_1_axi_gpio_0_1.dcp' for cell 'design_1_i/button'
INFO: [Project 1-454] Reading design checkpoint 'c:/Users/hohai/OneDrive/Desktop/Code/temp/ZedBoard_Zynq7000/001/001_temperature_sensor_vivado/001_temperature_sensor_vivado.srcs/sources_1/bd/design_1/ip/design_1_axi_gpio_0_2/design_1_axi_gpio_0_2.dcp' for cell 'design_1_i/led'
INFO: [Project 1-454] Reading design checkpoint 'c:/Users/hohai/OneDrive/Desktop/Code/temp/ZedBoard_Zynq7000/001/001_temperature_sensor_vivado/001_temperature_sensor_vivado.srcs/sources_1/bd/design_1/ip/design_1_oled_control_0_0/design_1_oled_control_0_0.dcp' for cell 'design_1_i/oled_control_0'
INFO: [Project 1-454] Reading design checkpoint 'c:/Users/hohai/OneDrive/Desktop/Code/temp/ZedBoard_Zynq7000/001/001_temperature_sensor_vivado/001_temperature_sensor_vivado.srcs/sources_1/bd/design_1/ip/design_1_processing_system7_0_0/design_1_processing_system7_0_0.dcp' for cell 'design_1_i/processing_system7_0'
INFO: [Project 1-454] Reading design checkpoint 'c:/Users/hohai/OneDrive/Desktop/Code/temp/ZedBoard_Zynq7000/001/001_temperature_sensor_vivado/001_temperature_sensor_vivado.srcs/sources_1/bd/design_1/ip/design_1_rst_ps7_0_100M_0/design_1_rst_ps7_0_100M_0.dcp' for cell 'design_1_i/rst_ps7_0_100M'
INFO: [Project 1-454] Reading design checkpoint 'c:/Users/hohai/OneDrive/Desktop/Code/temp/ZedBoard_Zynq7000/001/001_temperature_sensor_vivado/001_temperature_sensor_vivado.srcs/sources_1/bd/design_1/ip/design_1_xbar_0/design_1_xbar_0.dcp' for cell 'design_1_i/ps7_0_axi_periph/xbar'
INFO: [Project 1-454] Reading design checkpoint 'c:/Users/hohai/OneDrive/Desktop/Code/temp/ZedBoard_Zynq7000/001/001_temperature_sensor_vivado/001_temperature_sensor_vivado.srcs/sources_1/bd/design_1/ip/design_1_auto_pc_0/design_1_auto_pc_0.dcp' for cell 'design_1_i/ps7_0_axi_periph/s00_couplers/auto_pc'
Netlist sorting complete. Time (s): cpu = 00:00:00 ; elapsed = 00:00:00.103 . Memory (MB): peak = 2184.020 ; gain = 0.000
INFO: [Netlist 29-17] Analyzing 70 Unisim elements for replacement
INFO: [Netlist 29-28] Unisim Transformation completed in 0 CPU seconds
INFO: [Project 1-479] Netlist was created with Vivado 2020.1
INFO: [Project 1-570] Preparing netlist for logic optimization
Parsing XDC File [c:/Users/hohai/OneDrive/Desktop/Code/temp/ZedBoard_Zynq7000/001/001_temperature_sensor_vivado/001_temperature_sensor_vivado.srcs/sources_1/bd/design_1/ip/design_1_processing_system7_0_0/design_1_processing_system7_0_0.xdc] for cell 'design_1_i/processing_system7_0/inst'
Finished Parsing XDC File [c:/Users/hohai/OneDrive/Desktop/Code/temp/ZedBoard_Zynq7000/001/001_temperature_sensor_vivado/001_temperature_sensor_vivado.srcs/sources_1/bd/design_1/ip/design_1_processing_system7_0_0/design_1_processing_system7_0_0.xdc] for cell 'design_1_i/processing_system7_0/inst'
Parsing XDC File [c:/Users/hohai/OneDrive/Desktop/Code/temp/ZedBoard_Zynq7000/001/001_temperature_sensor_vivado/001_temperature_sensor_vivado.srcs/sources_1/bd/design_1/ip/design_1_axi_gpio_0_1/design_1_axi_gpio_0_1_board.xdc] for cell 'design_1_i/button/U0'
Finished Parsing XDC File [c:/Users/hohai/OneDrive/Desktop/Code/temp/ZedBoard_Zynq7000/001/001_temperature_sensor_vivado/001_temperature_sensor_vivado.srcs/sources_1/bd/design_1/ip/design_1_axi_gpio_0_1/design_1_axi_gpio_0_1_board.xdc] for cell 'design_1_i/button/U0'
Parsing XDC File [c:/Users/hohai/OneDrive/Desktop/Code/temp/ZedBoard_Zynq7000/001/001_temperature_sensor_vivado/001_temperature_sensor_vivado.srcs/sources_1/bd/design_1/ip/design_1_axi_gpio_0_1/design_1_axi_gpio_0_1.xdc] for cell 'design_1_i/button/U0'
Finished Parsing XDC File [c:/Users/hohai/OneDrive/Desktop/Code/temp/ZedBoard_Zynq7000/001/001_temperature_sensor_vivado/001_temperature_sensor_vivado.srcs/sources_1/bd/design_1/ip/design_1_axi_gpio_0_1/design_1_axi_gpio_0_1.xdc] for cell 'design_1_i/button/U0'
Parsing XDC File [c:/Users/hohai/OneDrive/Desktop/Code/temp/ZedBoard_Zynq7000/001/001_temperature_sensor_vivado/001_temperature_sensor_vivado.srcs/sources_1/bd/design_1/ip/design_1_axi_gpio_0_2/design_1_axi_gpio_0_2_board.xdc] for cell 'design_1_i/led/U0'
Finished Parsing XDC File [c:/Users/hohai/OneDrive/Desktop/Code/temp/ZedBoard_Zynq7000/001/001_temperature_sensor_vivado/001_temperature_sensor_vivado.srcs/sources_1/bd/design_1/ip/design_1_axi_gpio_0_2/design_1_axi_gpio_0_2_board.xdc] for cell 'design_1_i/led/U0'
Parsing XDC File [c:/Users/hohai/OneDrive/Desktop/Code/temp/ZedBoard_Zynq7000/001/001_temperature_sensor_vivado/001_temperature_sensor_vivado.srcs/sources_1/bd/design_1/ip/design_1_axi_gpio_0_2/design_1_axi_gpio_0_2.xdc] for cell 'design_1_i/led/U0'
Finished Parsing XDC File [c:/Users/hohai/OneDrive/Desktop/Code/temp/ZedBoard_Zynq7000/001/001_temperature_sensor_vivado/001_temperature_sensor_vivado.srcs/sources_1/bd/design_1/ip/design_1_axi_gpio_0_2/design_1_axi_gpio_0_2.xdc] for cell 'design_1_i/led/U0'
Parsing XDC File [c:/Users/hohai/OneDrive/Desktop/Code/temp/ZedBoard_Zynq7000/001/001_temperature_sensor_vivado/001_temperature_sensor_vivado.srcs/sources_1/bd/design_1/ip/design_1_rst_ps7_0_100M_0/design_1_rst_ps7_0_100M_0_board.xdc] for cell 'design_1_i/rst_ps7_0_100M/U0'
Finished Parsing XDC File [c:/Users/hohai/OneDrive/Desktop/Code/temp/ZedBoard_Zynq7000/001/001_temperature_sensor_vivado/001_temperature_sensor_vivado.srcs/sources_1/bd/design_1/ip/design_1_rst_ps7_0_100M_0/design_1_rst_ps7_0_100M_0_board.xdc] for cell 'design_1_i/rst_ps7_0_100M/U0'
Parsing XDC File [c:/Users/hohai/OneDrive/Desktop/Code/temp/ZedBoard_Zynq7000/001/001_temperature_sensor_vivado/001_temperature_sensor_vivado.srcs/sources_1/bd/design_1/ip/design_1_rst_ps7_0_100M_0/design_1_rst_ps7_0_100M_0.xdc] for cell 'design_1_i/rst_ps7_0_100M/U0'
Finished Parsing XDC File [c:/Users/hohai/OneDrive/Desktop/Code/temp/ZedBoard_Zynq7000/001/001_temperature_sensor_vivado/001_temperature_sensor_vivado.srcs/sources_1/bd/design_1/ip/design_1_rst_ps7_0_100M_0/design_1_rst_ps7_0_100M_0.xdc] for cell 'design_1_i/rst_ps7_0_100M/U0'
Parsing XDC File [C:/Users/hohai/OneDrive/Desktop/Code/temp/ZedBoard_Zynq7000/001/001_temperature_sensor_vivado/001_temperature_sensor_vivado.srcs/constrs_1/new/map_pin.xdc]
WARNING: [Vivado 12-584] No ports matched 'oled_dc_n'. [C:/Users/hohai/OneDrive/Desktop/Code/temp/ZedBoard_Zynq7000/001/001_temperature_sensor_vivado/001_temperature_sensor_vivado.srcs/constrs_1/new/map_pin.xdc:17]
CRITICAL WARNING: [Common 17-55] 'set_property' expects at least one object. [C:/Users/hohai/OneDrive/Desktop/Code/temp/ZedBoard_Zynq7000/001/001_temperature_sensor_vivado/001_temperature_sensor_vivado.srcs/constrs_1/new/map_pin.xdc:17]
Resolution: If [get_<value>] was used to populate the object, check to make sure this command returns at least one valid object.
WARNING: [Vivado 12-584] No ports matched 'oled_reset_n'. [C:/Users/hohai/OneDrive/Desktop/Code/temp/ZedBoard_Zynq7000/001/001_temperature_sensor_vivado/001_temperature_sensor_vivado.srcs/constrs_1/new/map_pin.xdc:18]
CRITICAL WARNING: [Common 17-55] 'set_property' expects at least one object. [C:/Users/hohai/OneDrive/Desktop/Code/temp/ZedBoard_Zynq7000/001/001_temperature_sensor_vivado/001_temperature_sensor_vivado.srcs/constrs_1/new/map_pin.xdc:18]
Resolution: If [get_<value>] was used to populate the object, check to make sure this command returns at least one valid object.
WARNING: [Vivado 12-584] No ports matched 'oled_spi_clk'. [C:/Users/hohai/OneDrive/Desktop/Code/temp/ZedBoard_Zynq7000/001/001_temperature_sensor_vivado/001_temperature_sensor_vivado.srcs/constrs_1/new/map_pin.xdc:19]
CRITICAL WARNING: [Common 17-55] 'set_property' expects at least one object. [C:/Users/hohai/OneDrive/Desktop/Code/temp/ZedBoard_Zynq7000/001/001_temperature_sensor_vivado/001_temperature_sensor_vivado.srcs/constrs_1/new/map_pin.xdc:19]
Resolution: If [get_<value>] was used to populate the object, check to make sure this command returns at least one valid object.
WARNING: [Vivado 12-584] No ports matched 'oled_spi_data'. [C:/Users/hohai/OneDrive/Desktop/Code/temp/ZedBoard_Zynq7000/001/001_temperature_sensor_vivado/001_temperature_sensor_vivado.srcs/constrs_1/new/map_pin.xdc:20]
CRITICAL WARNING: [Common 17-55] 'set_property' expects at least one object. [C:/Users/hohai/OneDrive/Desktop/Code/temp/ZedBoard_Zynq7000/001/001_temperature_sensor_vivado/001_temperature_sensor_vivado.srcs/constrs_1/new/map_pin.xdc:20]
Resolution: If [get_<value>] was used to populate the object, check to make sure this command returns at least one valid object.
WARNING: [Vivado 12-584] No ports matched 'oled_vbat'. [C:/Users/hohai/OneDrive/Desktop/Code/temp/ZedBoard_Zynq7000/001/001_temperature_sensor_vivado/001_temperature_sensor_vivado.srcs/constrs_1/new/map_pin.xdc:21]
CRITICAL WARNING: [Common 17-55] 'set_property' expects at least one object. [C:/Users/hohai/OneDrive/Desktop/Code/temp/ZedBoard_Zynq7000/001/001_temperature_sensor_vivado/001_temperature_sensor_vivado.srcs/constrs_1/new/map_pin.xdc:21]
Resolution: If [get_<value>] was used to populate the object, check to make sure this command returns at least one valid object.
WARNING: [Vivado 12-584] No ports matched 'oled_vdd'. [C:/Users/hohai/OneDrive/Desktop/Code/temp/ZedBoard_Zynq7000/001/001_temperature_sensor_vivado/001_temperature_sensor_vivado.srcs/constrs_1/new/map_pin.xdc:22]
CRITICAL WARNING: [Common 17-55] 'set_property' expects at least one object. [C:/Users/hohai/OneDrive/Desktop/Code/temp/ZedBoard_Zynq7000/001/001_temperature_sensor_vivado/001_temperature_sensor_vivado.srcs/constrs_1/new/map_pin.xdc:22]
Resolution: If [get_<value>] was used to populate the object, check to make sure this command returns at least one valid object.
WARNING: [Vivado 12-584] No ports matched 'oled_dc_n'. [C:/Users/hohai/OneDrive/Desktop/Code/temp/ZedBoard_Zynq7000/001/001_temperature_sensor_vivado/001_temperature_sensor_vivado.srcs/constrs_1/new/map_pin.xdc:24]
CRITICAL WARNING: [Common 17-55] 'set_property' expects at least one object. [C:/Users/hohai/OneDrive/Desktop/Code/temp/ZedBoard_Zynq7000/001/001_temperature_sensor_vivado/001_temperature_sensor_vivado.srcs/constrs_1/new/map_pin.xdc:24]
Resolution: If [get_<value>] was used to populate the object, check to make sure this command returns at least one valid object.
WARNING: [Vivado 12-584] No ports matched 'oled_reset_n'. [C:/Users/hohai/OneDrive/Desktop/Code/temp/ZedBoard_Zynq7000/001/001_temperature_sensor_vivado/001_temperature_sensor_vivado.srcs/constrs_1/new/map_pin.xdc:25]
CRITICAL WARNING: [Common 17-55] 'set_property' expects at least one object. [C:/Users/hohai/OneDrive/Desktop/Code/temp/ZedBoard_Zynq7000/001/001_temperature_sensor_vivado/001_temperature_sensor_vivado.srcs/constrs_1/new/map_pin.xdc:25]
Resolution: If [get_<value>] was used to populate the object, check to make sure this command returns at least one valid object.
WARNING: [Vivado 12-584] No ports matched 'oled_spi_clk'. [C:/Users/hohai/OneDrive/Desktop/Code/temp/ZedBoard_Zynq7000/001/001_temperature_sensor_vivado/001_temperature_sensor_vivado.srcs/constrs_1/new/map_pin.xdc:26]
CRITICAL WARNING: [Common 17-55] 'set_property' expects at least one object. [C:/Users/hohai/OneDrive/Desktop/Code/temp/ZedBoard_Zynq7000/001/001_temperature_sensor_vivado/001_temperature_sensor_vivado.srcs/constrs_1/new/map_pin.xdc:26]
Resolution: If [get_<value>] was used to populate the object, check to make sure this command returns at least one valid object.
WARNING: [Vivado 12-584] No ports matched 'oled_spi_data'. [C:/Users/hohai/OneDrive/Desktop/Code/temp/ZedBoard_Zynq7000/001/001_temperature_sensor_vivado/001_temperature_sensor_vivado.srcs/constrs_1/new/map_pin.xdc:27]
CRITICAL WARNING: [Common 17-55] 'set_property' expects at least one object. [C:/Users/hohai/OneDrive/Desktop/Code/temp/ZedBoard_Zynq7000/001/001_temperature_sensor_vivado/001_temperature_sensor_vivado.srcs/constrs_1/new/map_pin.xdc:27]
Resolution: If [get_<value>] was used to populate the object, check to make sure this command returns at least one valid object.
WARNING: [Vivado 12-584] No ports matched 'oled_vbat'. [C:/Users/hohai/OneDrive/Desktop/Code/temp/ZedBoard_Zynq7000/001/001_temperature_sensor_vivado/001_temperature_sensor_vivado.srcs/constrs_1/new/map_pin.xdc:28]
CRITICAL WARNING: [Common 17-55] 'set_property' expects at least one object. [C:/Users/hohai/OneDrive/Desktop/Code/temp/ZedBoard_Zynq7000/001/001_temperature_sensor_vivado/001_temperature_sensor_vivado.srcs/constrs_1/new/map_pin.xdc:28]
Resolution: If [get_<value>] was used to populate the object, check to make sure this command returns at least one valid object.
WARNING: [Vivado 12-584] No ports matched 'oled_vdd'. [C:/Users/hohai/OneDrive/Desktop/Code/temp/ZedBoard_Zynq7000/001/001_temperature_sensor_vivado/001_temperature_sensor_vivado.srcs/constrs_1/new/map_pin.xdc:29]
CRITICAL WARNING: [Common 17-55] 'set_property' expects at least one object. [C:/Users/hohai/OneDrive/Desktop/Code/temp/ZedBoard_Zynq7000/001/001_temperature_sensor_vivado/001_temperature_sensor_vivado.srcs/constrs_1/new/map_pin.xdc:29]
Resolution: If [get_<value>] was used to populate the object, check to make sure this command returns at least one valid object.
Finished Parsing XDC File [C:/Users/hohai/OneDrive/Desktop/Code/temp/ZedBoard_Zynq7000/001/001_temperature_sensor_vivado/001_temperature_sensor_vivado.srcs/constrs_1/new/map_pin.xdc]
INFO: [Opt 31-138] Pushed 0 inverter(s) to 0 load pin(s).
Netlist sorting complete. Time (s): cpu = 00:00:00 ; elapsed = 00:00:00.001 . Memory (MB): peak = 2227.992 ; gain = 0.000
INFO: [Project 1-111] Unisim Transformation Summary:
No Unisim elements were transformed.

open_run: Time (s): cpu = 00:00:07 ; elapsed = 00:00:05 . Memory (MB): peak = 2282.020 ; gain = 101.738
reset_run synth_1
launch_runs synth_1 -jobs 12
[Sun Mar 21 13:38:24 2021] Launched synth_1...
Run output will be captured here: C:/Users/hohai/OneDrive/Desktop/Code/temp/ZedBoard_Zynq7000/001/001_temperature_sensor_vivado/001_temperature_sensor_vivado.runs/synth_1/runme.log
close_design
open_run synth_1 -name synth_1
Design is defaulting to impl run constrset: constrs_1
Design is defaulting to synth run part: xc7z020clg484-1
INFO: [Project 1-454] Reading design checkpoint 'c:/Users/hohai/OneDrive/Desktop/Code/temp/ZedBoard_Zynq7000/001/001_temperature_sensor_vivado/001_temperature_sensor_vivado.srcs/sources_1/bd/design_1/ip/design_1_axi_gpio_0_1/design_1_axi_gpio_0_1.dcp' for cell 'design_1_i/button'
INFO: [Project 1-454] Reading design checkpoint 'c:/Users/hohai/OneDrive/Desktop/Code/temp/ZedBoard_Zynq7000/001/001_temperature_sensor_vivado/001_temperature_sensor_vivado.srcs/sources_1/bd/design_1/ip/design_1_axi_gpio_0_2/design_1_axi_gpio_0_2.dcp' for cell 'design_1_i/led'
INFO: [Project 1-454] Reading design checkpoint 'c:/Users/hohai/OneDrive/Desktop/Code/temp/ZedBoard_Zynq7000/001/001_temperature_sensor_vivado/001_temperature_sensor_vivado.srcs/sources_1/bd/design_1/ip/design_1_oled_control_0_0/design_1_oled_control_0_0.dcp' for cell 'design_1_i/oled_control_0'
INFO: [Project 1-454] Reading design checkpoint 'c:/Users/hohai/OneDrive/Desktop/Code/temp/ZedBoard_Zynq7000/001/001_temperature_sensor_vivado/001_temperature_sensor_vivado.srcs/sources_1/bd/design_1/ip/design_1_processing_system7_0_0/design_1_processing_system7_0_0.dcp' for cell 'design_1_i/processing_system7_0'
INFO: [Project 1-454] Reading design checkpoint 'c:/Users/hohai/OneDrive/Desktop/Code/temp/ZedBoard_Zynq7000/001/001_temperature_sensor_vivado/001_temperature_sensor_vivado.srcs/sources_1/bd/design_1/ip/design_1_rst_ps7_0_100M_0/design_1_rst_ps7_0_100M_0.dcp' for cell 'design_1_i/rst_ps7_0_100M'
INFO: [Project 1-454] Reading design checkpoint 'c:/Users/hohai/OneDrive/Desktop/Code/temp/ZedBoard_Zynq7000/001/001_temperature_sensor_vivado/001_temperature_sensor_vivado.srcs/sources_1/bd/design_1/ip/design_1_xbar_0/design_1_xbar_0.dcp' for cell 'design_1_i/ps7_0_axi_periph/xbar'
INFO: [Project 1-454] Reading design checkpoint 'c:/Users/hohai/OneDrive/Desktop/Code/temp/ZedBoard_Zynq7000/001/001_temperature_sensor_vivado/001_temperature_sensor_vivado.srcs/sources_1/bd/design_1/ip/design_1_auto_pc_0/design_1_auto_pc_0.dcp' for cell 'design_1_i/ps7_0_axi_periph/s00_couplers/auto_pc'
Netlist sorting complete. Time (s): cpu = 00:00:00 ; elapsed = 00:00:00.118 . Memory (MB): peak = 2289.918 ; gain = 0.000
INFO: [Netlist 29-17] Analyzing 70 Unisim elements for replacement
INFO: [Netlist 29-28] Unisim Transformation completed in 0 CPU seconds
INFO: [Project 1-479] Netlist was created with Vivado 2020.1
INFO: [Project 1-570] Preparing netlist for logic optimization
Parsing XDC File [c:/Users/hohai/OneDrive/Desktop/Code/temp/ZedBoard_Zynq7000/001/001_temperature_sensor_vivado/001_temperature_sensor_vivado.srcs/sources_1/bd/design_1/ip/design_1_processing_system7_0_0/design_1_processing_system7_0_0.xdc] for cell 'design_1_i/processing_system7_0/inst'
Finished Parsing XDC File [c:/Users/hohai/OneDrive/Desktop/Code/temp/ZedBoard_Zynq7000/001/001_temperature_sensor_vivado/001_temperature_sensor_vivado.srcs/sources_1/bd/design_1/ip/design_1_processing_system7_0_0/design_1_processing_system7_0_0.xdc] for cell 'design_1_i/processing_system7_0/inst'
Parsing XDC File [c:/Users/hohai/OneDrive/Desktop/Code/temp/ZedBoard_Zynq7000/001/001_temperature_sensor_vivado/001_temperature_sensor_vivado.srcs/sources_1/bd/design_1/ip/design_1_axi_gpio_0_1/design_1_axi_gpio_0_1_board.xdc] for cell 'design_1_i/button/U0'
Finished Parsing XDC File [c:/Users/hohai/OneDrive/Desktop/Code/temp/ZedBoard_Zynq7000/001/001_temperature_sensor_vivado/001_temperature_sensor_vivado.srcs/sources_1/bd/design_1/ip/design_1_axi_gpio_0_1/design_1_axi_gpio_0_1_board.xdc] for cell 'design_1_i/button/U0'
Parsing XDC File [c:/Users/hohai/OneDrive/Desktop/Code/temp/ZedBoard_Zynq7000/001/001_temperature_sensor_vivado/001_temperature_sensor_vivado.srcs/sources_1/bd/design_1/ip/design_1_axi_gpio_0_1/design_1_axi_gpio_0_1.xdc] for cell 'design_1_i/button/U0'
Finished Parsing XDC File [c:/Users/hohai/OneDrive/Desktop/Code/temp/ZedBoard_Zynq7000/001/001_temperature_sensor_vivado/001_temperature_sensor_vivado.srcs/sources_1/bd/design_1/ip/design_1_axi_gpio_0_1/design_1_axi_gpio_0_1.xdc] for cell 'design_1_i/button/U0'
Parsing XDC File [c:/Users/hohai/OneDrive/Desktop/Code/temp/ZedBoard_Zynq7000/001/001_temperature_sensor_vivado/001_temperature_sensor_vivado.srcs/sources_1/bd/design_1/ip/design_1_axi_gpio_0_2/design_1_axi_gpio_0_2_board.xdc] for cell 'design_1_i/led/U0'
Finished Parsing XDC File [c:/Users/hohai/OneDrive/Desktop/Code/temp/ZedBoard_Zynq7000/001/001_temperature_sensor_vivado/001_temperature_sensor_vivado.srcs/sources_1/bd/design_1/ip/design_1_axi_gpio_0_2/design_1_axi_gpio_0_2_board.xdc] for cell 'design_1_i/led/U0'
Parsing XDC File [c:/Users/hohai/OneDrive/Desktop/Code/temp/ZedBoard_Zynq7000/001/001_temperature_sensor_vivado/001_temperature_sensor_vivado.srcs/sources_1/bd/design_1/ip/design_1_axi_gpio_0_2/design_1_axi_gpio_0_2.xdc] for cell 'design_1_i/led/U0'
Finished Parsing XDC File [c:/Users/hohai/OneDrive/Desktop/Code/temp/ZedBoard_Zynq7000/001/001_temperature_sensor_vivado/001_temperature_sensor_vivado.srcs/sources_1/bd/design_1/ip/design_1_axi_gpio_0_2/design_1_axi_gpio_0_2.xdc] for cell 'design_1_i/led/U0'
Parsing XDC File [c:/Users/hohai/OneDrive/Desktop/Code/temp/ZedBoard_Zynq7000/001/001_temperature_sensor_vivado/001_temperature_sensor_vivado.srcs/sources_1/bd/design_1/ip/design_1_rst_ps7_0_100M_0/design_1_rst_ps7_0_100M_0_board.xdc] for cell 'design_1_i/rst_ps7_0_100M/U0'
Finished Parsing XDC File [c:/Users/hohai/OneDrive/Desktop/Code/temp/ZedBoard_Zynq7000/001/001_temperature_sensor_vivado/001_temperature_sensor_vivado.srcs/sources_1/bd/design_1/ip/design_1_rst_ps7_0_100M_0/design_1_rst_ps7_0_100M_0_board.xdc] for cell 'design_1_i/rst_ps7_0_100M/U0'
Parsing XDC File [c:/Users/hohai/OneDrive/Desktop/Code/temp/ZedBoard_Zynq7000/001/001_temperature_sensor_vivado/001_temperature_sensor_vivado.srcs/sources_1/bd/design_1/ip/design_1_rst_ps7_0_100M_0/design_1_rst_ps7_0_100M_0.xdc] for cell 'design_1_i/rst_ps7_0_100M/U0'
Finished Parsing XDC File [c:/Users/hohai/OneDrive/Desktop/Code/temp/ZedBoard_Zynq7000/001/001_temperature_sensor_vivado/001_temperature_sensor_vivado.srcs/sources_1/bd/design_1/ip/design_1_rst_ps7_0_100M_0/design_1_rst_ps7_0_100M_0.xdc] for cell 'design_1_i/rst_ps7_0_100M/U0'
Parsing XDC File [C:/Users/hohai/OneDrive/Desktop/Code/temp/ZedBoard_Zynq7000/001/001_temperature_sensor_vivado/001_temperature_sensor_vivado.srcs/constrs_1/new/map_pin.xdc]
WARNING: [Vivado 12-584] No ports matched 'oled_dc_n'. [C:/Users/hohai/OneDrive/Desktop/Code/temp/ZedBoard_Zynq7000/001/001_temperature_sensor_vivado/001_temperature_sensor_vivado.srcs/constrs_1/new/map_pin.xdc:17]
CRITICAL WARNING: [Common 17-55] 'set_property' expects at least one object. [C:/Users/hohai/OneDrive/Desktop/Code/temp/ZedBoard_Zynq7000/001/001_temperature_sensor_vivado/001_temperature_sensor_vivado.srcs/constrs_1/new/map_pin.xdc:17]
Resolution: If [get_<value>] was used to populate the object, check to make sure this command returns at least one valid object.
WARNING: [Vivado 12-584] No ports matched 'oled_reset_n'. [C:/Users/hohai/OneDrive/Desktop/Code/temp/ZedBoard_Zynq7000/001/001_temperature_sensor_vivado/001_temperature_sensor_vivado.srcs/constrs_1/new/map_pin.xdc:18]
CRITICAL WARNING: [Common 17-55] 'set_property' expects at least one object. [C:/Users/hohai/OneDrive/Desktop/Code/temp/ZedBoard_Zynq7000/001/001_temperature_sensor_vivado/001_temperature_sensor_vivado.srcs/constrs_1/new/map_pin.xdc:18]
Resolution: If [get_<value>] was used to populate the object, check to make sure this command returns at least one valid object.
WARNING: [Vivado 12-584] No ports matched 'oled_spi_clk'. [C:/Users/hohai/OneDrive/Desktop/Code/temp/ZedBoard_Zynq7000/001/001_temperature_sensor_vivado/001_temperature_sensor_vivado.srcs/constrs_1/new/map_pin.xdc:19]
CRITICAL WARNING: [Common 17-55] 'set_property' expects at least one object. [C:/Users/hohai/OneDrive/Desktop/Code/temp/ZedBoard_Zynq7000/001/001_temperature_sensor_vivado/001_temperature_sensor_vivado.srcs/constrs_1/new/map_pin.xdc:19]
Resolution: If [get_<value>] was used to populate the object, check to make sure this command returns at least one valid object.
WARNING: [Vivado 12-584] No ports matched 'oled_spi_data'. [C:/Users/hohai/OneDrive/Desktop/Code/temp/ZedBoard_Zynq7000/001/001_temperature_sensor_vivado/001_temperature_sensor_vivado.srcs/constrs_1/new/map_pin.xdc:20]
CRITICAL WARNING: [Common 17-55] 'set_property' expects at least one object. [C:/Users/hohai/OneDrive/Desktop/Code/temp/ZedBoard_Zynq7000/001/001_temperature_sensor_vivado/001_temperature_sensor_vivado.srcs/constrs_1/new/map_pin.xdc:20]
Resolution: If [get_<value>] was used to populate the object, check to make sure this command returns at least one valid object.
WARNING: [Vivado 12-584] No ports matched 'oled_vbat'. [C:/Users/hohai/OneDrive/Desktop/Code/temp/ZedBoard_Zynq7000/001/001_temperature_sensor_vivado/001_temperature_sensor_vivado.srcs/constrs_1/new/map_pin.xdc:21]
CRITICAL WARNING: [Common 17-55] 'set_property' expects at least one object. [C:/Users/hohai/OneDrive/Desktop/Code/temp/ZedBoard_Zynq7000/001/001_temperature_sensor_vivado/001_temperature_sensor_vivado.srcs/constrs_1/new/map_pin.xdc:21]
Resolution: If [get_<value>] was used to populate the object, check to make sure this command returns at least one valid object.
WARNING: [Vivado 12-584] No ports matched 'oled_vdd'. [C:/Users/hohai/OneDrive/Desktop/Code/temp/ZedBoard_Zynq7000/001/001_temperature_sensor_vivado/001_temperature_sensor_vivado.srcs/constrs_1/new/map_pin.xdc:22]
CRITICAL WARNING: [Common 17-55] 'set_property' expects at least one object. [C:/Users/hohai/OneDrive/Desktop/Code/temp/ZedBoard_Zynq7000/001/001_temperature_sensor_vivado/001_temperature_sensor_vivado.srcs/constrs_1/new/map_pin.xdc:22]
Resolution: If [get_<value>] was used to populate the object, check to make sure this command returns at least one valid object.
WARNING: [Vivado 12-584] No ports matched 'oled_dc_n'. [C:/Users/hohai/OneDrive/Desktop/Code/temp/ZedBoard_Zynq7000/001/001_temperature_sensor_vivado/001_temperature_sensor_vivado.srcs/constrs_1/new/map_pin.xdc:24]
CRITICAL WARNING: [Common 17-55] 'set_property' expects at least one object. [C:/Users/hohai/OneDrive/Desktop/Code/temp/ZedBoard_Zynq7000/001/001_temperature_sensor_vivado/001_temperature_sensor_vivado.srcs/constrs_1/new/map_pin.xdc:24]
Resolution: If [get_<value>] was used to populate the object, check to make sure this command returns at least one valid object.
WARNING: [Vivado 12-584] No ports matched 'oled_reset_n'. [C:/Users/hohai/OneDrive/Desktop/Code/temp/ZedBoard_Zynq7000/001/001_temperature_sensor_vivado/001_temperature_sensor_vivado.srcs/constrs_1/new/map_pin.xdc:25]
CRITICAL WARNING: [Common 17-55] 'set_property' expects at least one object. [C:/Users/hohai/OneDrive/Desktop/Code/temp/ZedBoard_Zynq7000/001/001_temperature_sensor_vivado/001_temperature_sensor_vivado.srcs/constrs_1/new/map_pin.xdc:25]
Resolution: If [get_<value>] was used to populate the object, check to make sure this command returns at least one valid object.
WARNING: [Vivado 12-584] No ports matched 'oled_spi_clk'. [C:/Users/hohai/OneDrive/Desktop/Code/temp/ZedBoard_Zynq7000/001/001_temperature_sensor_vivado/001_temperature_sensor_vivado.srcs/constrs_1/new/map_pin.xdc:26]
CRITICAL WARNING: [Common 17-55] 'set_property' expects at least one object. [C:/Users/hohai/OneDrive/Desktop/Code/temp/ZedBoard_Zynq7000/001/001_temperature_sensor_vivado/001_temperature_sensor_vivado.srcs/constrs_1/new/map_pin.xdc:26]
Resolution: If [get_<value>] was used to populate the object, check to make sure this command returns at least one valid object.
WARNING: [Vivado 12-584] No ports matched 'oled_spi_data'. [C:/Users/hohai/OneDrive/Desktop/Code/temp/ZedBoard_Zynq7000/001/001_temperature_sensor_vivado/001_temperature_sensor_vivado.srcs/constrs_1/new/map_pin.xdc:27]
CRITICAL WARNING: [Common 17-55] 'set_property' expects at least one object. [C:/Users/hohai/OneDrive/Desktop/Code/temp/ZedBoard_Zynq7000/001/001_temperature_sensor_vivado/001_temperature_sensor_vivado.srcs/constrs_1/new/map_pin.xdc:27]
Resolution: If [get_<value>] was used to populate the object, check to make sure this command returns at least one valid object.
WARNING: [Vivado 12-584] No ports matched 'oled_vbat'. [C:/Users/hohai/OneDrive/Desktop/Code/temp/ZedBoard_Zynq7000/001/001_temperature_sensor_vivado/001_temperature_sensor_vivado.srcs/constrs_1/new/map_pin.xdc:28]
CRITICAL WARNING: [Common 17-55] 'set_property' expects at least one object. [C:/Users/hohai/OneDrive/Desktop/Code/temp/ZedBoard_Zynq7000/001/001_temperature_sensor_vivado/001_temperature_sensor_vivado.srcs/constrs_1/new/map_pin.xdc:28]
Resolution: If [get_<value>] was used to populate the object, check to make sure this command returns at least one valid object.
WARNING: [Vivado 12-584] No ports matched 'oled_vdd'. [C:/Users/hohai/OneDrive/Desktop/Code/temp/ZedBoard_Zynq7000/001/001_temperature_sensor_vivado/001_temperature_sensor_vivado.srcs/constrs_1/new/map_pin.xdc:29]
CRITICAL WARNING: [Common 17-55] 'set_property' expects at least one object. [C:/Users/hohai/OneDrive/Desktop/Code/temp/ZedBoard_Zynq7000/001/001_temperature_sensor_vivado/001_temperature_sensor_vivado.srcs/constrs_1/new/map_pin.xdc:29]
Resolution: If [get_<value>] was used to populate the object, check to make sure this command returns at least one valid object.
Finished Parsing XDC File [C:/Users/hohai/OneDrive/Desktop/Code/temp/ZedBoard_Zynq7000/001/001_temperature_sensor_vivado/001_temperature_sensor_vivado.srcs/constrs_1/new/map_pin.xdc]
INFO: [Opt 31-138] Pushed 0 inverter(s) to 0 load pin(s).
Netlist sorting complete. Time (s): cpu = 00:00:00 ; elapsed = 00:00:00.001 . Memory (MB): peak = 2289.918 ; gain = 0.000
INFO: [Project 1-111] Unisim Transformation Summary:
No Unisim elements were transformed.

open_run: Time (s): cpu = 00:00:06 ; elapsed = 00:00:05 . Memory (MB): peak = 2298.641 ; gain = 8.723
close_design
reset_run synth_1
launch_runs synth_1 -jobs 12
[Sun Mar 21 13:39:41 2021] Launched synth_1...
Run output will be captured here: C:/Users/hohai/OneDrive/Desktop/Code/temp/ZedBoard_Zynq7000/001/001_temperature_sensor_vivado/001_temperature_sensor_vivado.runs/synth_1/runme.log
open_run synth_1 -name synth_1
Design is defaulting to impl run constrset: constrs_1
Design is defaulting to synth run part: xc7z020clg484-1
INFO: [Project 1-454] Reading design checkpoint 'c:/Users/hohai/OneDrive/Desktop/Code/temp/ZedBoard_Zynq7000/001/001_temperature_sensor_vivado/001_temperature_sensor_vivado.srcs/sources_1/bd/design_1/ip/design_1_axi_gpio_0_1/design_1_axi_gpio_0_1.dcp' for cell 'design_1_i/button'
INFO: [Project 1-454] Reading design checkpoint 'c:/Users/hohai/OneDrive/Desktop/Code/temp/ZedBoard_Zynq7000/001/001_temperature_sensor_vivado/001_temperature_sensor_vivado.srcs/sources_1/bd/design_1/ip/design_1_axi_gpio_0_2/design_1_axi_gpio_0_2.dcp' for cell 'design_1_i/led'
INFO: [Project 1-454] Reading design checkpoint 'c:/Users/hohai/OneDrive/Desktop/Code/temp/ZedBoard_Zynq7000/001/001_temperature_sensor_vivado/001_temperature_sensor_vivado.srcs/sources_1/bd/design_1/ip/design_1_oled_control_0_0/design_1_oled_control_0_0.dcp' for cell 'design_1_i/oled_control_0'
INFO: [Project 1-454] Reading design checkpoint 'c:/Users/hohai/OneDrive/Desktop/Code/temp/ZedBoard_Zynq7000/001/001_temperature_sensor_vivado/001_temperature_sensor_vivado.srcs/sources_1/bd/design_1/ip/design_1_processing_system7_0_0/design_1_processing_system7_0_0.dcp' for cell 'design_1_i/processing_system7_0'
INFO: [Project 1-454] Reading design checkpoint 'c:/Users/hohai/OneDrive/Desktop/Code/temp/ZedBoard_Zynq7000/001/001_temperature_sensor_vivado/001_temperature_sensor_vivado.srcs/sources_1/bd/design_1/ip/design_1_rst_ps7_0_100M_0/design_1_rst_ps7_0_100M_0.dcp' for cell 'design_1_i/rst_ps7_0_100M'
INFO: [Project 1-454] Reading design checkpoint 'c:/Users/hohai/OneDrive/Desktop/Code/temp/ZedBoard_Zynq7000/001/001_temperature_sensor_vivado/001_temperature_sensor_vivado.srcs/sources_1/bd/design_1/ip/design_1_xbar_0/design_1_xbar_0.dcp' for cell 'design_1_i/ps7_0_axi_periph/xbar'
INFO: [Project 1-454] Reading design checkpoint 'c:/Users/hohai/OneDrive/Desktop/Code/temp/ZedBoard_Zynq7000/001/001_temperature_sensor_vivado/001_temperature_sensor_vivado.srcs/sources_1/bd/design_1/ip/design_1_auto_pc_0/design_1_auto_pc_0.dcp' for cell 'design_1_i/ps7_0_axi_periph/s00_couplers/auto_pc'
Netlist sorting complete. Time (s): cpu = 00:00:00 ; elapsed = 00:00:00.104 . Memory (MB): peak = 2301.418 ; gain = 0.000
INFO: [Netlist 29-17] Analyzing 70 Unisim elements for replacement
INFO: [Netlist 29-28] Unisim Transformation completed in 0 CPU seconds
INFO: [Project 1-479] Netlist was created with Vivado 2020.1
INFO: [Project 1-570] Preparing netlist for logic optimization
Parsing XDC File [c:/Users/hohai/OneDrive/Desktop/Code/temp/ZedBoard_Zynq7000/001/001_temperature_sensor_vivado/001_temperature_sensor_vivado.srcs/sources_1/bd/design_1/ip/design_1_processing_system7_0_0/design_1_processing_system7_0_0.xdc] for cell 'design_1_i/processing_system7_0/inst'
Finished Parsing XDC File [c:/Users/hohai/OneDrive/Desktop/Code/temp/ZedBoard_Zynq7000/001/001_temperature_sensor_vivado/001_temperature_sensor_vivado.srcs/sources_1/bd/design_1/ip/design_1_processing_system7_0_0/design_1_processing_system7_0_0.xdc] for cell 'design_1_i/processing_system7_0/inst'
Parsing XDC File [c:/Users/hohai/OneDrive/Desktop/Code/temp/ZedBoard_Zynq7000/001/001_temperature_sensor_vivado/001_temperature_sensor_vivado.srcs/sources_1/bd/design_1/ip/design_1_axi_gpio_0_1/design_1_axi_gpio_0_1_board.xdc] for cell 'design_1_i/button/U0'
Finished Parsing XDC File [c:/Users/hohai/OneDrive/Desktop/Code/temp/ZedBoard_Zynq7000/001/001_temperature_sensor_vivado/001_temperature_sensor_vivado.srcs/sources_1/bd/design_1/ip/design_1_axi_gpio_0_1/design_1_axi_gpio_0_1_board.xdc] for cell 'design_1_i/button/U0'
Parsing XDC File [c:/Users/hohai/OneDrive/Desktop/Code/temp/ZedBoard_Zynq7000/001/001_temperature_sensor_vivado/001_temperature_sensor_vivado.srcs/sources_1/bd/design_1/ip/design_1_axi_gpio_0_1/design_1_axi_gpio_0_1.xdc] for cell 'design_1_i/button/U0'
Finished Parsing XDC File [c:/Users/hohai/OneDrive/Desktop/Code/temp/ZedBoard_Zynq7000/001/001_temperature_sensor_vivado/001_temperature_sensor_vivado.srcs/sources_1/bd/design_1/ip/design_1_axi_gpio_0_1/design_1_axi_gpio_0_1.xdc] for cell 'design_1_i/button/U0'
Parsing XDC File [c:/Users/hohai/OneDrive/Desktop/Code/temp/ZedBoard_Zynq7000/001/001_temperature_sensor_vivado/001_temperature_sensor_vivado.srcs/sources_1/bd/design_1/ip/design_1_axi_gpio_0_2/design_1_axi_gpio_0_2_board.xdc] for cell 'design_1_i/led/U0'
Finished Parsing XDC File [c:/Users/hohai/OneDrive/Desktop/Code/temp/ZedBoard_Zynq7000/001/001_temperature_sensor_vivado/001_temperature_sensor_vivado.srcs/sources_1/bd/design_1/ip/design_1_axi_gpio_0_2/design_1_axi_gpio_0_2_board.xdc] for cell 'design_1_i/led/U0'
Parsing XDC File [c:/Users/hohai/OneDrive/Desktop/Code/temp/ZedBoard_Zynq7000/001/001_temperature_sensor_vivado/001_temperature_sensor_vivado.srcs/sources_1/bd/design_1/ip/design_1_axi_gpio_0_2/design_1_axi_gpio_0_2.xdc] for cell 'design_1_i/led/U0'
Finished Parsing XDC File [c:/Users/hohai/OneDrive/Desktop/Code/temp/ZedBoard_Zynq7000/001/001_temperature_sensor_vivado/001_temperature_sensor_vivado.srcs/sources_1/bd/design_1/ip/design_1_axi_gpio_0_2/design_1_axi_gpio_0_2.xdc] for cell 'design_1_i/led/U0'
Parsing XDC File [c:/Users/hohai/OneDrive/Desktop/Code/temp/ZedBoard_Zynq7000/001/001_temperature_sensor_vivado/001_temperature_sensor_vivado.srcs/sources_1/bd/design_1/ip/design_1_rst_ps7_0_100M_0/design_1_rst_ps7_0_100M_0_board.xdc] for cell 'design_1_i/rst_ps7_0_100M/U0'
Finished Parsing XDC File [c:/Users/hohai/OneDrive/Desktop/Code/temp/ZedBoard_Zynq7000/001/001_temperature_sensor_vivado/001_temperature_sensor_vivado.srcs/sources_1/bd/design_1/ip/design_1_rst_ps7_0_100M_0/design_1_rst_ps7_0_100M_0_board.xdc] for cell 'design_1_i/rst_ps7_0_100M/U0'
Parsing XDC File [c:/Users/hohai/OneDrive/Desktop/Code/temp/ZedBoard_Zynq7000/001/001_temperature_sensor_vivado/001_temperature_sensor_vivado.srcs/sources_1/bd/design_1/ip/design_1_rst_ps7_0_100M_0/design_1_rst_ps7_0_100M_0.xdc] for cell 'design_1_i/rst_ps7_0_100M/U0'
Finished Parsing XDC File [c:/Users/hohai/OneDrive/Desktop/Code/temp/ZedBoard_Zynq7000/001/001_temperature_sensor_vivado/001_temperature_sensor_vivado.srcs/sources_1/bd/design_1/ip/design_1_rst_ps7_0_100M_0/design_1_rst_ps7_0_100M_0.xdc] for cell 'design_1_i/rst_ps7_0_100M/U0'
Parsing XDC File [C:/Users/hohai/OneDrive/Desktop/Code/temp/ZedBoard_Zynq7000/001/001_temperature_sensor_vivado/001_temperature_sensor_vivado.srcs/constrs_1/new/map_pin.xdc]
WARNING: [Vivado 12-584] No ports matched 'oled_dc_n'. [C:/Users/hohai/OneDrive/Desktop/Code/temp/ZedBoard_Zynq7000/001/001_temperature_sensor_vivado/001_temperature_sensor_vivado.srcs/constrs_1/new/map_pin.xdc:17]
CRITICAL WARNING: [Common 17-55] 'set_property' expects at least one object. [C:/Users/hohai/OneDrive/Desktop/Code/temp/ZedBoard_Zynq7000/001/001_temperature_sensor_vivado/001_temperature_sensor_vivado.srcs/constrs_1/new/map_pin.xdc:17]
Resolution: If [get_<value>] was used to populate the object, check to make sure this command returns at least one valid object.
WARNING: [Vivado 12-584] No ports matched 'oled_reset_n'. [C:/Users/hohai/OneDrive/Desktop/Code/temp/ZedBoard_Zynq7000/001/001_temperature_sensor_vivado/001_temperature_sensor_vivado.srcs/constrs_1/new/map_pin.xdc:18]
CRITICAL WARNING: [Common 17-55] 'set_property' expects at least one object. [C:/Users/hohai/OneDrive/Desktop/Code/temp/ZedBoard_Zynq7000/001/001_temperature_sensor_vivado/001_temperature_sensor_vivado.srcs/constrs_1/new/map_pin.xdc:18]
Resolution: If [get_<value>] was used to populate the object, check to make sure this command returns at least one valid object.
WARNING: [Vivado 12-584] No ports matched 'oled_spi_clk'. [C:/Users/hohai/OneDrive/Desktop/Code/temp/ZedBoard_Zynq7000/001/001_temperature_sensor_vivado/001_temperature_sensor_vivado.srcs/constrs_1/new/map_pin.xdc:19]
CRITICAL WARNING: [Common 17-55] 'set_property' expects at least one object. [C:/Users/hohai/OneDrive/Desktop/Code/temp/ZedBoard_Zynq7000/001/001_temperature_sensor_vivado/001_temperature_sensor_vivado.srcs/constrs_1/new/map_pin.xdc:19]
Resolution: If [get_<value>] was used to populate the object, check to make sure this command returns at least one valid object.
WARNING: [Vivado 12-584] No ports matched 'oled_spi_data'. [C:/Users/hohai/OneDrive/Desktop/Code/temp/ZedBoard_Zynq7000/001/001_temperature_sensor_vivado/001_temperature_sensor_vivado.srcs/constrs_1/new/map_pin.xdc:20]
CRITICAL WARNING: [Common 17-55] 'set_property' expects at least one object. [C:/Users/hohai/OneDrive/Desktop/Code/temp/ZedBoard_Zynq7000/001/001_temperature_sensor_vivado/001_temperature_sensor_vivado.srcs/constrs_1/new/map_pin.xdc:20]
Resolution: If [get_<value>] was used to populate the object, check to make sure this command returns at least one valid object.
WARNING: [Vivado 12-584] No ports matched 'oled_vbat'. [C:/Users/hohai/OneDrive/Desktop/Code/temp/ZedBoard_Zynq7000/001/001_temperature_sensor_vivado/001_temperature_sensor_vivado.srcs/constrs_1/new/map_pin.xdc:21]
CRITICAL WARNING: [Common 17-55] 'set_property' expects at least one object. [C:/Users/hohai/OneDrive/Desktop/Code/temp/ZedBoard_Zynq7000/001/001_temperature_sensor_vivado/001_temperature_sensor_vivado.srcs/constrs_1/new/map_pin.xdc:21]
Resolution: If [get_<value>] was used to populate the object, check to make sure this command returns at least one valid object.
WARNING: [Vivado 12-584] No ports matched 'oled_vdd'. [C:/Users/hohai/OneDrive/Desktop/Code/temp/ZedBoard_Zynq7000/001/001_temperature_sensor_vivado/001_temperature_sensor_vivado.srcs/constrs_1/new/map_pin.xdc:22]
CRITICAL WARNING: [Common 17-55] 'set_property' expects at least one object. [C:/Users/hohai/OneDrive/Desktop/Code/temp/ZedBoard_Zynq7000/001/001_temperature_sensor_vivado/001_temperature_sensor_vivado.srcs/constrs_1/new/map_pin.xdc:22]
Resolution: If [get_<value>] was used to populate the object, check to make sure this command returns at least one valid object.
WARNING: [Vivado 12-584] No ports matched 'oled_dc_n'. [C:/Users/hohai/OneDrive/Desktop/Code/temp/ZedBoard_Zynq7000/001/001_temperature_sensor_vivado/001_temperature_sensor_vivado.srcs/constrs_1/new/map_pin.xdc:24]
CRITICAL WARNING: [Common 17-55] 'set_property' expects at least one object. [C:/Users/hohai/OneDrive/Desktop/Code/temp/ZedBoard_Zynq7000/001/001_temperature_sensor_vivado/001_temperature_sensor_vivado.srcs/constrs_1/new/map_pin.xdc:24]
Resolution: If [get_<value>] was used to populate the object, check to make sure this command returns at least one valid object.
WARNING: [Vivado 12-584] No ports matched 'oled_reset_n'. [C:/Users/hohai/OneDrive/Desktop/Code/temp/ZedBoard_Zynq7000/001/001_temperature_sensor_vivado/001_temperature_sensor_vivado.srcs/constrs_1/new/map_pin.xdc:25]
CRITICAL WARNING: [Common 17-55] 'set_property' expects at least one object. [C:/Users/hohai/OneDrive/Desktop/Code/temp/ZedBoard_Zynq7000/001/001_temperature_sensor_vivado/001_temperature_sensor_vivado.srcs/constrs_1/new/map_pin.xdc:25]
Resolution: If [get_<value>] was used to populate the object, check to make sure this command returns at least one valid object.
WARNING: [Vivado 12-584] No ports matched 'oled_spi_clk'. [C:/Users/hohai/OneDrive/Desktop/Code/temp/ZedBoard_Zynq7000/001/001_temperature_sensor_vivado/001_temperature_sensor_vivado.srcs/constrs_1/new/map_pin.xdc:26]
CRITICAL WARNING: [Common 17-55] 'set_property' expects at least one object. [C:/Users/hohai/OneDrive/Desktop/Code/temp/ZedBoard_Zynq7000/001/001_temperature_sensor_vivado/001_temperature_sensor_vivado.srcs/constrs_1/new/map_pin.xdc:26]
Resolution: If [get_<value>] was used to populate the object, check to make sure this command returns at least one valid object.
WARNING: [Vivado 12-584] No ports matched 'oled_spi_data'. [C:/Users/hohai/OneDrive/Desktop/Code/temp/ZedBoard_Zynq7000/001/001_temperature_sensor_vivado/001_temperature_sensor_vivado.srcs/constrs_1/new/map_pin.xdc:27]
CRITICAL WARNING: [Common 17-55] 'set_property' expects at least one object. [C:/Users/hohai/OneDrive/Desktop/Code/temp/ZedBoard_Zynq7000/001/001_temperature_sensor_vivado/001_temperature_sensor_vivado.srcs/constrs_1/new/map_pin.xdc:27]
Resolution: If [get_<value>] was used to populate the object, check to make sure this command returns at least one valid object.
WARNING: [Vivado 12-584] No ports matched 'oled_vbat'. [C:/Users/hohai/OneDrive/Desktop/Code/temp/ZedBoard_Zynq7000/001/001_temperature_sensor_vivado/001_temperature_sensor_vivado.srcs/constrs_1/new/map_pin.xdc:28]
CRITICAL WARNING: [Common 17-55] 'set_property' expects at least one object. [C:/Users/hohai/OneDrive/Desktop/Code/temp/ZedBoard_Zynq7000/001/001_temperature_sensor_vivado/001_temperature_sensor_vivado.srcs/constrs_1/new/map_pin.xdc:28]
Resolution: If [get_<value>] was used to populate the object, check to make sure this command returns at least one valid object.
WARNING: [Vivado 12-584] No ports matched 'oled_vdd'. [C:/Users/hohai/OneDrive/Desktop/Code/temp/ZedBoard_Zynq7000/001/001_temperature_sensor_vivado/001_temperature_sensor_vivado.srcs/constrs_1/new/map_pin.xdc:29]
CRITICAL WARNING: [Common 17-55] 'set_property' expects at least one object. [C:/Users/hohai/OneDrive/Desktop/Code/temp/ZedBoard_Zynq7000/001/001_temperature_sensor_vivado/001_temperature_sensor_vivado.srcs/constrs_1/new/map_pin.xdc:29]
Resolution: If [get_<value>] was used to populate the object, check to make sure this command returns at least one valid object.
Finished Parsing XDC File [C:/Users/hohai/OneDrive/Desktop/Code/temp/ZedBoard_Zynq7000/001/001_temperature_sensor_vivado/001_temperature_sensor_vivado.srcs/constrs_1/new/map_pin.xdc]
INFO: [Opt 31-138] Pushed 0 inverter(s) to 0 load pin(s).
Netlist sorting complete. Time (s): cpu = 00:00:00 ; elapsed = 00:00:00.001 . Memory (MB): peak = 2301.418 ; gain = 0.000
INFO: [Project 1-111] Unisim Transformation Summary:
No Unisim elements were transformed.

create_ip_run [get_files -of_objects [get_fileset sources_1] C:/Users/hohai/OneDrive/Desktop/Code/temp/ZedBoard_Zynq7000/001/001_temperature_sensor_vivado/001_temperature_sensor_vivado.srcs/sources_1/bd/design_1/design_1.bd]
refresh_design
INFO: [Project 1-570] Preparing netlist for logic optimization
Parsing XDC File [c:/Users/hohai/OneDrive/Desktop/Code/temp/ZedBoard_Zynq7000/001/001_temperature_sensor_vivado/001_temperature_sensor_vivado.srcs/sources_1/bd/design_1/ip/design_1_processing_system7_0_0/design_1_processing_system7_0_0.xdc] for cell 'design_1_i/processing_system7_0/inst'
Finished Parsing XDC File [c:/Users/hohai/OneDrive/Desktop/Code/temp/ZedBoard_Zynq7000/001/001_temperature_sensor_vivado/001_temperature_sensor_vivado.srcs/sources_1/bd/design_1/ip/design_1_processing_system7_0_0/design_1_processing_system7_0_0.xdc] for cell 'design_1_i/processing_system7_0/inst'
Parsing XDC File [c:/Users/hohai/OneDrive/Desktop/Code/temp/ZedBoard_Zynq7000/001/001_temperature_sensor_vivado/001_temperature_sensor_vivado.srcs/sources_1/bd/design_1/ip/design_1_axi_gpio_0_1/design_1_axi_gpio_0_1_board.xdc] for cell 'design_1_i/button/U0'
Finished Parsing XDC File [c:/Users/hohai/OneDrive/Desktop/Code/temp/ZedBoard_Zynq7000/001/001_temperature_sensor_vivado/001_temperature_sensor_vivado.srcs/sources_1/bd/design_1/ip/design_1_axi_gpio_0_1/design_1_axi_gpio_0_1_board.xdc] for cell 'design_1_i/button/U0'
Parsing XDC File [c:/Users/hohai/OneDrive/Desktop/Code/temp/ZedBoard_Zynq7000/001/001_temperature_sensor_vivado/001_temperature_sensor_vivado.srcs/sources_1/bd/design_1/ip/design_1_axi_gpio_0_1/design_1_axi_gpio_0_1.xdc] for cell 'design_1_i/button/U0'
Finished Parsing XDC File [c:/Users/hohai/OneDrive/Desktop/Code/temp/ZedBoard_Zynq7000/001/001_temperature_sensor_vivado/001_temperature_sensor_vivado.srcs/sources_1/bd/design_1/ip/design_1_axi_gpio_0_1/design_1_axi_gpio_0_1.xdc] for cell 'design_1_i/button/U0'
Parsing XDC File [c:/Users/hohai/OneDrive/Desktop/Code/temp/ZedBoard_Zynq7000/001/001_temperature_sensor_vivado/001_temperature_sensor_vivado.srcs/sources_1/bd/design_1/ip/design_1_axi_gpio_0_2/design_1_axi_gpio_0_2_board.xdc] for cell 'design_1_i/led/U0'
Finished Parsing XDC File [c:/Users/hohai/OneDrive/Desktop/Code/temp/ZedBoard_Zynq7000/001/001_temperature_sensor_vivado/001_temperature_sensor_vivado.srcs/sources_1/bd/design_1/ip/design_1_axi_gpio_0_2/design_1_axi_gpio_0_2_board.xdc] for cell 'design_1_i/led/U0'
Parsing XDC File [c:/Users/hohai/OneDrive/Desktop/Code/temp/ZedBoard_Zynq7000/001/001_temperature_sensor_vivado/001_temperature_sensor_vivado.srcs/sources_1/bd/design_1/ip/design_1_axi_gpio_0_2/design_1_axi_gpio_0_2.xdc] for cell 'design_1_i/led/U0'
Finished Parsing XDC File [c:/Users/hohai/OneDrive/Desktop/Code/temp/ZedBoard_Zynq7000/001/001_temperature_sensor_vivado/001_temperature_sensor_vivado.srcs/sources_1/bd/design_1/ip/design_1_axi_gpio_0_2/design_1_axi_gpio_0_2.xdc] for cell 'design_1_i/led/U0'
Parsing XDC File [c:/Users/hohai/OneDrive/Desktop/Code/temp/ZedBoard_Zynq7000/001/001_temperature_sensor_vivado/001_temperature_sensor_vivado.srcs/sources_1/bd/design_1/ip/design_1_rst_ps7_0_100M_0/design_1_rst_ps7_0_100M_0_board.xdc] for cell 'design_1_i/rst_ps7_0_100M/U0'
Finished Parsing XDC File [c:/Users/hohai/OneDrive/Desktop/Code/temp/ZedBoard_Zynq7000/001/001_temperature_sensor_vivado/001_temperature_sensor_vivado.srcs/sources_1/bd/design_1/ip/design_1_rst_ps7_0_100M_0/design_1_rst_ps7_0_100M_0_board.xdc] for cell 'design_1_i/rst_ps7_0_100M/U0'
Parsing XDC File [c:/Users/hohai/OneDrive/Desktop/Code/temp/ZedBoard_Zynq7000/001/001_temperature_sensor_vivado/001_temperature_sensor_vivado.srcs/sources_1/bd/design_1/ip/design_1_rst_ps7_0_100M_0/design_1_rst_ps7_0_100M_0.xdc] for cell 'design_1_i/rst_ps7_0_100M/U0'
Finished Parsing XDC File [c:/Users/hohai/OneDrive/Desktop/Code/temp/ZedBoard_Zynq7000/001/001_temperature_sensor_vivado/001_temperature_sensor_vivado.srcs/sources_1/bd/design_1/ip/design_1_rst_ps7_0_100M_0/design_1_rst_ps7_0_100M_0.xdc] for cell 'design_1_i/rst_ps7_0_100M/U0'
Parsing XDC File [C:/Users/hohai/OneDrive/Desktop/Code/temp/ZedBoard_Zynq7000/001/001_temperature_sensor_vivado/001_temperature_sensor_vivado.srcs/constrs_1/new/map_pin.xdc]
Finished Parsing XDC File [C:/Users/hohai/OneDrive/Desktop/Code/temp/ZedBoard_Zynq7000/001/001_temperature_sensor_vivado/001_temperature_sensor_vivado.srcs/constrs_1/new/map_pin.xdc]
INFO: [Opt 31-138] Pushed 0 inverter(s) to 0 load pin(s).
refresh_design: Time (s): cpu = 00:00:12 ; elapsed = 00:00:07 . Memory (MB): peak = 2777.742 ; gain = 453.199
reset_run synth_1
launch_runs impl_1 -to_step write_bitstream -jobs 12
WARNING: [Project 1-478] Design 'synth_1' is stale and will not be used when launching 'impl_1'
[Sun Mar 21 13:44:29 2021] Launched synth_1...
Run output will be captured here: C:/Users/hohai/OneDrive/Desktop/Code/temp/ZedBoard_Zynq7000/001/001_temperature_sensor_vivado/001_temperature_sensor_vivado.runs/synth_1/runme.log
[Sun Mar 21 13:44:29 2021] Launched impl_1...
Run output will be captured here: C:/Users/hohai/OneDrive/Desktop/Code/temp/ZedBoard_Zynq7000/001/001_temperature_sensor_vivado/001_temperature_sensor_vivado.runs/impl_1/runme.log
close_design
reset_run synth_1
launch_runs impl_1 -to_step write_bitstream -jobs 12
[Sun Mar 21 13:46:33 2021] Launched synth_1...
Run output will be captured here: C:/Users/hohai/OneDrive/Desktop/Code/temp/ZedBoard_Zynq7000/001/001_temperature_sensor_vivado/001_temperature_sensor_vivado.runs/synth_1/runme.log
[Sun Mar 21 13:46:34 2021] Launched impl_1...
Run output will be captured here: C:/Users/hohai/OneDrive/Desktop/Code/temp/ZedBoard_Zynq7000/001/001_temperature_sensor_vivado/001_temperature_sensor_vivado.runs/impl_1/runme.log
set_property pfm_name {} [get_files -all {C:/Users/hohai/OneDrive/Desktop/Code/temp/ZedBoard_Zynq7000/001/001_temperature_sensor_vivado/001_temperature_sensor_vivado.srcs/sources_1/bd/design_1/design_1.bd}]
write_hw_platform -fixed -include_bit -force -file C:/Users/hohai/OneDrive/Desktop/Code/temp/ZedBoard_Zynq7000/001/001_temperature_sensor_vivado/design_1_wrapper.xsa
INFO: [Vivado 12-4895] Creating Hardware Platform: C:/Users/hohai/OneDrive/Desktop/Code/temp/ZedBoard_Zynq7000/001/001_temperature_sensor_vivado/design_1_wrapper.xsa ...
INFO: [Hsi 55-2053] elapsed time for repository (C:/Xilinx2020/Vivado/2020.1/data\embeddedsw) loading 1 seconds
INFO: [Vivado 12-4896] Successfully created Hardware Platform: C:/Users/hohai/OneDrive/Desktop/Code/temp/ZedBoard_Zynq7000/001/001_temperature_sensor_vivado/design_1_wrapper.xsa
write_hw_platform: Time (s): cpu = 00:00:07 ; elapsed = 00:00:09 . Memory (MB): peak = 2790.863 ; gain = 0.000
exit
INFO: [Common 17-206] Exiting Vivado at Sun Mar 21 14:19:29 2021...
