

================================================================
== Vivado HLS Report for 'trafic_light'
================================================================
* Date:           Thu Jan  7 17:46:06 2021

* Version:        2019.2 (Build 2704478 on Wed Nov 06 22:10:23 MST 2019)
* Project:        trafic_light_vhls_001
* Solution:       solution1
* Product family: zynq
* Target device:  xc7z020-clg484-1


================================================================
== Performance Estimates
================================================================
+ Timing: 
    * Summary: 
    +--------+----------+----------+------------+
    |  Clock |  Target  | Estimated| Uncertainty|
    +--------+----------+----------+------------+
    |ap_clk  | 10.00 ns | 2.934 ns |   1.25 ns  |
    +--------+----------+----------+------------+

+ Latency: 
    * Summary: 
    +---------+---------+----------+----------+-----+-----+---------+
    |  Latency (cycles) |  Latency (absolute) |  Interval | Pipeline|
    |   min   |   max   |    min   |    max   | min | max |   Type  |
    +---------+---------+----------+----------+-----+-----+---------+
    |        0|        0|   0 ns   |   0 ns   |    0|    0|   none  |
    +---------+---------+----------+----------+-----+-----+---------+

    + Detail: 
        * Instance: 
        N/A

        * Loop: 
        N/A



================================================================
== Utilization Estimates
================================================================
* Summary: 
+-----------------+---------+-------+--------+-------+-----+
|       Name      | BRAM_18K| DSP48E|   FF   |  LUT  | URAM|
+-----------------+---------+-------+--------+-------+-----+
|DSP              |        -|      -|       -|      -|    -|
|Expression       |        -|      -|       0|     34|    -|
|FIFO             |        -|      -|       -|      -|    -|
|Instance         |        -|      -|       -|      -|    -|
|Memory           |        -|      -|       -|      -|    -|
|Multiplexer      |        -|      -|       -|      -|    -|
|Register         |        -|      -|       -|      -|    -|
+-----------------+---------+-------+--------+-------+-----+
|Total            |        0|      0|       0|     34|    0|
+-----------------+---------+-------+--------+-------+-----+
|Available        |      280|    220|  106400|  53200|    0|
+-----------------+---------+-------+--------+-------+-----+
|Utilization (%)  |        0|      0|       0|   ~0  |    0|
+-----------------+---------+-------+--------+-------+-----+

+ Detail: 
    * Instance: 
    N/A

    * DSP48E: 
    N/A

    * Memory: 
    N/A

    * FIFO: 
    N/A

    * Expression: 
    +---------------------+----------+-------+---+----+------------+------------+
    |    Variable Name    | Operation| DSP48E| FF| LUT| Bitwidth P0| Bitwidth P1|
    +---------------------+----------+-------+---+----+------------+------------+
    |and_ln22_fu_84_p2    |    and   |      0|  0|   2|           1|           1|
    |ew_rule_1_fu_72_p2   |    and   |      0|  0|   2|           1|           1|
    |ew_rule_2_fu_96_p2   |    and   |      0|  0|   2|           1|           1|
    |ns_rule_3_fu_108_p2  |    and   |      0|  0|   2|           1|           1|
    |ns_rule_4_fu_132_p2  |    and   |      0|  0|   2|           1|           1|
    |ew_light             |    or    |      0|  0|   2|           1|           1|
    |ns_light             |    or    |      0|  0|   2|           1|           1|
    |or_ln54_fu_120_p2    |    or    |      0|  0|   2|           1|           1|
    |or_ln58_1_fu_144_p2  |    or    |      0|  0|   2|           1|           1|
    |or_ln58_fu_138_p2    |    or    |      0|  0|   2|           1|           1|
    |or_ln81_fu_156_p2    |    or    |      0|  0|   2|           1|           1|
    |ew_rule_5_fu_150_p2  |    xor   |      0|  0|   2|           1|           2|
    |xor_ln22_1_fu_90_p2  |    xor   |      0|  0|   2|           2|           1|
    |xor_ln22_fu_78_p2    |    xor   |      0|  0|   2|           1|           1|
    |xor_ln34_fu_102_p2   |    xor   |      0|  0|   2|           1|           2|
    |xor_ln46_fu_114_p2   |    xor   |      0|  0|   2|           1|           1|
    |xor_ln54_fu_126_p2   |    xor   |      0|  0|   2|           1|           2|
    +---------------------+----------+-------+---+----+------------+------------+
    |Total                |          |      0|  0|  34|          18|          20|
    +---------------------+----------+-------+---+----+------------+------------+

    * Multiplexer: 
    N/A

    * Register: 
    N/A



================================================================
== Interface
================================================================
* Summary: 
+----------+-----+-----+---------+--------------+---------+
| RTL Ports| Dir | Bits| Protocol| Source Object|  C Type |
+----------+-----+-----+---------+--------------+---------+
|l_sensor  |  in |    1| ap_none |   l_sensor   |  scalar |
|r_sensor  |  in |    1| ap_none |   r_sensor   |  scalar |
|u_sensor  |  in |    1| ap_none |   u_sensor   |  scalar |
|d_sensor  |  in |    1| ap_none |   d_sensor   |  scalar |
|ew_light  | out |    1| ap_none |   ew_light   | pointer |
|ns_light  | out |    1| ap_none |   ns_light   | pointer |
+----------+-----+-----+---------+--------------+---------+

