Copyright 1986-2020 Xilinx, Inc. All Rights Reserved.
--------------------------------------------------------------------------------------------------------------------------------------------------------------------------------------
| Tool Version : Vivado v.2020.1 (win64) Build 2902540 Wed May 27 19:54:49 MDT 2020
| Date         : Sun Mar 21 13:48:25 2021
| Host         : DESKTOP-O8T2GMT running 64-bit major release  (build 9200)
| Command      : report_methodology -file design_1_wrapper_methodology_drc_routed.rpt -pb design_1_wrapper_methodology_drc_routed.pb -rpx design_1_wrapper_methodology_drc_routed.rpx
| Design       : design_1_wrapper
| Device       : xc7z020clg484-1
| Speed File   : -1
| Design State : Fully Routed
--------------------------------------------------------------------------------------------------------------------------------------------------------------------------------------

Report Methodology

Table of Contents
-----------------
1. REPORT SUMMARY
2. REPORT DETAILS

1. REPORT SUMMARY
-----------------
            Netlist: netlist
          Floorplan: design_1
      Design limits: <entire design considered>
             Max violations: <unlimited>
             Violations found: 40
+-----------+------------------+---------------------------------------------------+------------+
| Rule      | Severity         | Description                                       | Violations |
+-----------+------------------+---------------------------------------------------+------------+
| TIMING-17 | Critical Warning | Non-clocked sequential cell                       | 17         |
| TIMING-18 | Warning          | Missing input or output delay                     | 18         |
| XDCC-2    | Warning          | Scoped Non-Timing constraint/property overwritten | 5          |
+-----------+------------------+---------------------------------------------------+------------+

2. REPORT DETAILS
-----------------
TIMING-17#1 Critical Warning
Non-clocked sequential cell  
The clock pin design_1_i/oled_control_0/inst/oled_control_v1_0_S00_AXI_inst/oledTop/OC/SC/CE_reg/C is not reached by a timing clock
Related violations: <none>

TIMING-17#2 Critical Warning
Non-clocked sequential cell  
The clock pin design_1_i/oled_control_0/inst/oled_control_v1_0_S00_AXI_inst/oledTop/OC/SC/FSM_onehot_state_reg[0]/C is not reached by a timing clock
Related violations: <none>

TIMING-17#3 Critical Warning
Non-clocked sequential cell  
The clock pin design_1_i/oled_control_0/inst/oled_control_v1_0_S00_AXI_inst/oledTop/OC/SC/FSM_onehot_state_reg[1]/C is not reached by a timing clock
Related violations: <none>

TIMING-17#4 Critical Warning
Non-clocked sequential cell  
The clock pin design_1_i/oled_control_0/inst/oled_control_v1_0_S00_AXI_inst/oledTop/OC/SC/FSM_onehot_state_reg[2]/C is not reached by a timing clock
Related violations: <none>

TIMING-17#5 Critical Warning
Non-clocked sequential cell  
The clock pin design_1_i/oled_control_0/inst/oled_control_v1_0_S00_AXI_inst/oledTop/OC/SC/dataCount_reg[0]/C is not reached by a timing clock
Related violations: <none>

TIMING-17#6 Critical Warning
Non-clocked sequential cell  
The clock pin design_1_i/oled_control_0/inst/oled_control_v1_0_S00_AXI_inst/oledTop/OC/SC/dataCount_reg[1]/C is not reached by a timing clock
Related violations: <none>

TIMING-17#7 Critical Warning
Non-clocked sequential cell  
The clock pin design_1_i/oled_control_0/inst/oled_control_v1_0_S00_AXI_inst/oledTop/OC/SC/dataCount_reg[2]/C is not reached by a timing clock
Related violations: <none>

TIMING-17#8 Critical Warning
Non-clocked sequential cell  
The clock pin design_1_i/oled_control_0/inst/oled_control_v1_0_S00_AXI_inst/oledTop/OC/SC/done_send_reg/C is not reached by a timing clock
Related violations: <none>

TIMING-17#9 Critical Warning
Non-clocked sequential cell  
The clock pin design_1_i/oled_control_0/inst/oled_control_v1_0_S00_AXI_inst/oledTop/OC/SC/shiftReg_reg[0]/C is not reached by a timing clock
Related violations: <none>

TIMING-17#10 Critical Warning
Non-clocked sequential cell  
The clock pin design_1_i/oled_control_0/inst/oled_control_v1_0_S00_AXI_inst/oledTop/OC/SC/shiftReg_reg[1]/C is not reached by a timing clock
Related violations: <none>

TIMING-17#11 Critical Warning
Non-clocked sequential cell  
The clock pin design_1_i/oled_control_0/inst/oled_control_v1_0_S00_AXI_inst/oledTop/OC/SC/shiftReg_reg[2]/C is not reached by a timing clock
Related violations: <none>

TIMING-17#12 Critical Warning
Non-clocked sequential cell  
The clock pin design_1_i/oled_control_0/inst/oled_control_v1_0_S00_AXI_inst/oledTop/OC/SC/shiftReg_reg[3]/C is not reached by a timing clock
Related violations: <none>

TIMING-17#13 Critical Warning
Non-clocked sequential cell  
The clock pin design_1_i/oled_control_0/inst/oled_control_v1_0_S00_AXI_inst/oledTop/OC/SC/shiftReg_reg[4]/C is not reached by a timing clock
Related violations: <none>

TIMING-17#14 Critical Warning
Non-clocked sequential cell  
The clock pin design_1_i/oled_control_0/inst/oled_control_v1_0_S00_AXI_inst/oledTop/OC/SC/shiftReg_reg[5]/C is not reached by a timing clock
Related violations: <none>

TIMING-17#15 Critical Warning
Non-clocked sequential cell  
The clock pin design_1_i/oled_control_0/inst/oled_control_v1_0_S00_AXI_inst/oledTop/OC/SC/shiftReg_reg[6]/C is not reached by a timing clock
Related violations: <none>

TIMING-17#16 Critical Warning
Non-clocked sequential cell  
The clock pin design_1_i/oled_control_0/inst/oled_control_v1_0_S00_AXI_inst/oledTop/OC/SC/shiftReg_reg[7]/C is not reached by a timing clock
Related violations: <none>

TIMING-17#17 Critical Warning
Non-clocked sequential cell  
The clock pin design_1_i/oled_control_0/inst/oled_control_v1_0_S00_AXI_inst/oledTop/OC/SC/spi_data_reg/C is not reached by a timing clock
Related violations: <none>

TIMING-18#1 Warning
Missing input or output delay  
An input delay is missing on btns_5bits_tri_i[0] relative to clock(s) clk_fpga_0
Related violations: <none>

TIMING-18#2 Warning
Missing input or output delay  
An input delay is missing on btns_5bits_tri_i[1] relative to clock(s) clk_fpga_0
Related violations: <none>

TIMING-18#3 Warning
Missing input or output delay  
An input delay is missing on btns_5bits_tri_i[2] relative to clock(s) clk_fpga_0
Related violations: <none>

TIMING-18#4 Warning
Missing input or output delay  
An input delay is missing on btns_5bits_tri_i[3] relative to clock(s) clk_fpga_0
Related violations: <none>

TIMING-18#5 Warning
Missing input or output delay  
An input delay is missing on btns_5bits_tri_i[4] relative to clock(s) clk_fpga_0
Related violations: <none>

TIMING-18#6 Warning
Missing input or output delay  
An output delay is missing on leds_8bits_tri_o[0] relative to clock(s) clk_fpga_0
Related violations: <none>

TIMING-18#7 Warning
Missing input or output delay  
An output delay is missing on leds_8bits_tri_o[1] relative to clock(s) clk_fpga_0
Related violations: <none>

TIMING-18#8 Warning
Missing input or output delay  
An output delay is missing on leds_8bits_tri_o[2] relative to clock(s) clk_fpga_0
Related violations: <none>

TIMING-18#9 Warning
Missing input or output delay  
An output delay is missing on leds_8bits_tri_o[3] relative to clock(s) clk_fpga_0
Related violations: <none>

TIMING-18#10 Warning
Missing input or output delay  
An output delay is missing on leds_8bits_tri_o[4] relative to clock(s) clk_fpga_0
Related violations: <none>

TIMING-18#11 Warning
Missing input or output delay  
An output delay is missing on leds_8bits_tri_o[5] relative to clock(s) clk_fpga_0
Related violations: <none>

TIMING-18#12 Warning
Missing input or output delay  
An output delay is missing on leds_8bits_tri_o[6] relative to clock(s) clk_fpga_0
Related violations: <none>

TIMING-18#13 Warning
Missing input or output delay  
An output delay is missing on leds_8bits_tri_o[7] relative to clock(s) clk_fpga_0
Related violations: <none>

TIMING-18#14 Warning
Missing input or output delay  
An output delay is missing on oled_dc_n_0 relative to clock(s) clk_fpga_0
Related violations: <none>

TIMING-18#15 Warning
Missing input or output delay  
An output delay is missing on oled_reset_n_0 relative to clock(s) clk_fpga_0
Related violations: <none>

TIMING-18#16 Warning
Missing input or output delay  
An output delay is missing on oled_spi_clk_0 relative to clock(s) clk_fpga_0
Related violations: <none>

TIMING-18#17 Warning
Missing input or output delay  
An output delay is missing on oled_vbat_0 relative to clock(s) clk_fpga_0
Related violations: <none>

TIMING-18#18 Warning
Missing input or output delay  
An output delay is missing on oled_vdd_0 relative to clock(s) clk_fpga_0
Related violations: <none>

XDCC-2#1 Warning
Scoped Non-Timing constraint/property overwritten  
A new XDC property IOSTANDARD on btns_5bits_tri_i[0] overrides a previous scoped property. It is not recommended to override a scoped (typically an IP) property and could result in unexpected behaviours.
New Source: C:/Users/hohai/OneDrive/Desktop/Code/temp/ZedBoard_Zynq7000/001/001_temperature_sensor_vivado/001_temperature_sensor_vivado.srcs/constrs_1/new/map_pin.xdc (Line: 34)
Previous Source: c:/Users/hohai/OneDrive/Desktop/Code/temp/ZedBoard_Zynq7000/001/001_temperature_sensor_vivado/001_temperature_sensor_vivado.srcs/sources_1/bd/design_1/ip/design_1_axi_gpio_0_1/design_1_axi_gpio_0_1_board.xdc (Line: 3)
Related violations: <none>

XDCC-2#2 Warning
Scoped Non-Timing constraint/property overwritten  
A new XDC property IOSTANDARD on btns_5bits_tri_i[1] overrides a previous scoped property. It is not recommended to override a scoped (typically an IP) property and could result in unexpected behaviours.
New Source: C:/Users/hohai/OneDrive/Desktop/Code/temp/ZedBoard_Zynq7000/001/001_temperature_sensor_vivado/001_temperature_sensor_vivado.srcs/constrs_1/new/map_pin.xdc (Line: 34)
Previous Source: c:/Users/hohai/OneDrive/Desktop/Code/temp/ZedBoard_Zynq7000/001/001_temperature_sensor_vivado/001_temperature_sensor_vivado.srcs/sources_1/bd/design_1/ip/design_1_axi_gpio_0_1/design_1_axi_gpio_0_1_board.xdc (Line: 5)
Related violations: <none>

XDCC-2#3 Warning
Scoped Non-Timing constraint/property overwritten  
A new XDC property IOSTANDARD on btns_5bits_tri_i[2] overrides a previous scoped property. It is not recommended to override a scoped (typically an IP) property and could result in unexpected behaviours.
New Source: C:/Users/hohai/OneDrive/Desktop/Code/temp/ZedBoard_Zynq7000/001/001_temperature_sensor_vivado/001_temperature_sensor_vivado.srcs/constrs_1/new/map_pin.xdc (Line: 34)
Previous Source: c:/Users/hohai/OneDrive/Desktop/Code/temp/ZedBoard_Zynq7000/001/001_temperature_sensor_vivado/001_temperature_sensor_vivado.srcs/sources_1/bd/design_1/ip/design_1_axi_gpio_0_1/design_1_axi_gpio_0_1_board.xdc (Line: 7)
Related violations: <none>

XDCC-2#4 Warning
Scoped Non-Timing constraint/property overwritten  
A new XDC property IOSTANDARD on btns_5bits_tri_i[3] overrides a previous scoped property. It is not recommended to override a scoped (typically an IP) property and could result in unexpected behaviours.
New Source: C:/Users/hohai/OneDrive/Desktop/Code/temp/ZedBoard_Zynq7000/001/001_temperature_sensor_vivado/001_temperature_sensor_vivado.srcs/constrs_1/new/map_pin.xdc (Line: 34)
Previous Source: c:/Users/hohai/OneDrive/Desktop/Code/temp/ZedBoard_Zynq7000/001/001_temperature_sensor_vivado/001_temperature_sensor_vivado.srcs/sources_1/bd/design_1/ip/design_1_axi_gpio_0_1/design_1_axi_gpio_0_1_board.xdc (Line: 9)
Related violations: <none>

XDCC-2#5 Warning
Scoped Non-Timing constraint/property overwritten  
A new XDC property IOSTANDARD on btns_5bits_tri_i[4] overrides a previous scoped property. It is not recommended to override a scoped (typically an IP) property and could result in unexpected behaviours.
New Source: C:/Users/hohai/OneDrive/Desktop/Code/temp/ZedBoard_Zynq7000/001/001_temperature_sensor_vivado/001_temperature_sensor_vivado.srcs/constrs_1/new/map_pin.xdc (Line: 34)
Previous Source: c:/Users/hohai/OneDrive/Desktop/Code/temp/ZedBoard_Zynq7000/001/001_temperature_sensor_vivado/001_temperature_sensor_vivado.srcs/sources_1/bd/design_1/ip/design_1_axi_gpio_0_1/design_1_axi_gpio_0_1_board.xdc (Line: 11)
Related violations: <none>


