21:38:27 **** Incremental Build of configuration Debug for project 001_temperature_sensor_vitis ****
make all 
make --no-print-directory pre-build
a9-linaro-pre-build-step
' '
make --no-print-directory main-build
'Building file: ../src/platform.c'
'Invoking: ARM v7 gcc compiler'
arm-none-eabi-gcc -Wall -O0 -g3 -c -fmessage-length=0 -MT"src/platform.o" -mcpu=cortex-a9 -mfpu=vfpv3 -mfloat-abi=hard -IC:/Users/hohai/OneDrive/Desktop/Code/ZedBoard_Zynq7000/Training/001_platform/export/001_platform/sw/001_platform/standalone_domain/bspinclude/include -MMD -MP -MF"src/platform.d" -MT"src/platform.o" -o "src/platform.o" "../src/platform.c"
'Finished building: ../src/platform.c'
' '
'Building target: 001_temperature_sensor_vitis.elf'
'Invoking: ARM v7 gcc linker'
arm-none-eabi-gcc -mcpu=cortex-a9 -mfpu=vfpv3 -mfloat-abi=hard -Wl,-build-id=none -specs=Xilinx.spec -Wl,-T -Wl,../src/lscript.ld -LC:/Users/hohai/OneDrive/Desktop/Code/ZedBoard_Zynq7000/Training/001_platform/export/001_platform/sw/001_platform/standalone_domain/bsplib/lib -o "001_temperature_sensor_vitis.elf"  ./src/platform.o   -Wl,--start-group,-lxil,-lgcc,-lc,--end-group
c:/xilinx2020/vitis/2020.1/gnu/aarch32/nt/gcc-arm-none-eabi/x86_64-oesdk-mingw32/usr/bin/arm-xilinx-eabi/../../libexec/arm-xilinx-eabi/gcc/arm-xilinx-eabi/9.2.0/real-ld.exe: C:/Users/hohai/OneDrive/Desktop/Code/ZedBoard_Zynq7000/Training/001_platform/export/001_platform/sw/001_platform/standalone_domain/bsplib/lib\libxil.a(xil-crt0.o): in function `_start':
C:\Users\hohai\OneDrive\Desktop\Code\ZedBoard_Zynq7000\Training\001_platform\ps7_cortexa9_0\standalone_domain\bsp\ps7_cortexa9_0\libsrc\standalone_v7_2\src/xil-crt0.S:115: undefined reference to `main'
collect2.exe: error: ld returned 1 exit status
'Finished building target: 001_temperature_sensor_vitis.elf'
' '
'Invoking: ARM v7 Print Size'
arm-none-eabi-size 001_temperature_sensor_vitis.elf  |tee "001_temperature_sensor_vitis.elf.size"
arm-none-eabi-size: '001_temperature_sensor_vitis.elf': No such file
'Finished building: 001_temperature_sensor_vitis.elf.size'
' '

21:38:28 Build Finished (took 616ms)

