==============================================================
Vivado(TM) HLS - High-Level Synthesis from C, C++ and SystemC v2019.2 (64-bit)
Copyright 1986-2019 Xilinx, Inc. All Rights Reserved.
==============================================================
INFO: [SYN 201-201] Setting up clock 'default' with a period of 10ns.
INFO: [HLS 200-10] Setting target device to 'xc7z020-clg484-1'
INFO: [SYN 201-201] Setting up clock 'default' with a period of 10ns.
INFO: [SCHED 204-61] Option 'relax_ii_for_timing' is enabled, will increase II to preserve clock frequency constraints.
INFO: [HLS 200-10] Analyzing design file 'sw_control_led_vhls/sw_control_led.cpp' ... 
INFO: [HLS 200-111] Finished Linking Time (s): cpu = 00:00:01 ; elapsed = 00:00:08 . Memory (MB): peak = 177.723 ; gain = 87.473
INFO: [HLS 200-111] Finished Checking Pragmas Time (s): cpu = 00:00:01 ; elapsed = 00:00:08 . Memory (MB): peak = 177.723 ; gain = 87.473
INFO: [HLS 200-10] Starting code transformations ...
INFO: [HLS 200-111] Finished Standard Transforms Time (s): cpu = 00:00:01 ; elapsed = 00:00:08 . Memory (MB): peak = 177.723 ; gain = 87.473
INFO: [HLS 200-10] Checking synthesizability ...
INFO: [HLS 200-111] Finished Checking Synthesizability Time (s): cpu = 00:00:01 ; elapsed = 00:00:08 . Memory (MB): peak = 177.723 ; gain = 87.473
INFO: [HLS 200-111] Finished Pre-synthesis Time (s): cpu = 00:00:01 ; elapsed = 00:00:08 . Memory (MB): peak = 177.723 ; gain = 87.473
INFO: [HLS 200-111] Finished Architecture Synthesis Time (s): cpu = 00:00:01 ; elapsed = 00:00:09 . Memory (MB): peak = 177.723 ; gain = 87.473
INFO: [HLS 200-10] Starting hardware synthesis ...
INFO: [HLS 200-10] Synthesizing 'sw_control_led' ...
INFO: [HLS 200-10] ----------------------------------------------------------------
INFO: [HLS 200-42] -- Implementing module 'sw_control_led' 
INFO: [HLS 200-10] ----------------------------------------------------------------
INFO: [SCHED 204-11] Starting scheduling ...
INFO: [SCHED 204-11] Finished scheduling.
INFO: [HLS 200-111]  Elapsed time: 8.61 seconds; current allocated memory: 93.557 MB.
INFO: [BIND 205-100] Starting micro-architecture generation ...
INFO: [BIND 205-101] Performing variable lifetime analysis.
INFO: [BIND 205-101] Exploring resource sharing.
INFO: [BIND 205-101] Binding ...
INFO: [BIND 205-100] Finished micro-architecture generation.
INFO: [HLS 200-111]  Elapsed time: 0.064 seconds; current allocated memory: 93.618 MB.
INFO: [HLS 200-10] ----------------------------------------------------------------
INFO: [HLS 200-10] -- Generating RTL for module 'sw_control_led' 
INFO: [HLS 200-10] ----------------------------------------------------------------
INFO: [RTGEN 206-500] Setting interface mode on port 'sw_control_led/inputs' to 'ap_none'.
INFO: [RTGEN 206-500] Setting interface mode on port 'sw_control_led/outputs' to 'ap_none'.
WARNING: [RTGEN 206-101] Port 'outputs' with mode 'ap_none' may require an associated data valid signal to correctly communicate with other blocks or a test bench; automatic C/RTL co-simulation may not be able to verify such a port.
INFO: [RTGEN 206-500] Setting interface mode on function 'sw_control_led' to 'ap_ctrl_none'.
INFO: [RTGEN 206-100] Finished creating RTL model for 'sw_control_led'.
INFO: [HLS 200-111]  Elapsed time: 0.091 seconds; current allocated memory: 93.682 MB.
INFO: [HLS 200-789] **** Estimated Fmax: 0.00 MHz
INFO: [HLS 200-111] Finished generating all RTL models Time (s): cpu = 00:00:01 ; elapsed = 00:00:10 . Memory (MB): peak = 177.723 ; gain = 87.473
INFO: [VHDL 208-304] Generating VHDL RTL for sw_control_led.
INFO: [VLOG 209-307] Generating Verilog RTL for sw_control_led.
INFO: [HLS 200-112] Total elapsed time: 9.561 seconds; peak allocated memory: 93.682 MB.
==============================================================
Vivado(TM) HLS - High-Level Synthesis from C, C++ and SystemC v2019.2 (64-bit)
Copyright 1986-2019 Xilinx, Inc. All Rights Reserved.
==============================================================
INFO: [SYN 201-201] Setting up clock 'default' with a period of 10ns.
INFO: [HLS 200-10] Setting target device to 'xc7z020-clg484-1'
INFO: [IMPL 213-8] Exporting RTL as a Vivado IP.
==============================================================
Vivado(TM) HLS - High-Level Synthesis from C, C++ and SystemC v2019.2 (64-bit)
Copyright 1986-2019 Xilinx, Inc. All Rights Reserved.
==============================================================
INFO: [SYN 201-201] Setting up clock 'default' with a period of 10ns.
INFO: [HLS 200-10] Setting target device to 'xc7z020-clg484-1'
INFO: [SYN 201-201] Setting up clock 'default' with a period of 10ns.
INFO: [SCHED 204-61] Option 'relax_ii_for_timing' is enabled, will increase II to preserve clock frequency constraints.
INFO: [HLS 200-10] Analyzing design file 'sw_control_led_vhls/sw_control_led.cpp' ... 
INFO: [HLS 200-111] Finished Linking Time (s): cpu = 00:00:01 ; elapsed = 00:00:06 . Memory (MB): peak = 178.770 ; gain = 89.145
INFO: [HLS 200-111] Finished Checking Pragmas Time (s): cpu = 00:00:01 ; elapsed = 00:00:06 . Memory (MB): peak = 178.770 ; gain = 89.145
INFO: [HLS 200-10] Starting code transformations ...
INFO: [HLS 200-111] Finished Standard Transforms Time (s): cpu = 00:00:01 ; elapsed = 00:00:06 . Memory (MB): peak = 178.770 ; gain = 89.145
INFO: [HLS 200-10] Checking synthesizability ...
INFO: [HLS 200-111] Finished Checking Synthesizability Time (s): cpu = 00:00:01 ; elapsed = 00:00:06 . Memory (MB): peak = 178.770 ; gain = 89.145
INFO: [HLS 200-111] Finished Pre-synthesis Time (s): cpu = 00:00:01 ; elapsed = 00:00:07 . Memory (MB): peak = 178.770 ; gain = 89.145
INFO: [HLS 200-111] Finished Architecture Synthesis Time (s): cpu = 00:00:01 ; elapsed = 00:00:07 . Memory (MB): peak = 178.770 ; gain = 89.145
INFO: [HLS 200-10] Starting hardware synthesis ...
INFO: [HLS 200-10] Synthesizing 'sw_control_led' ...
INFO: [HLS 200-10] ----------------------------------------------------------------
INFO: [HLS 200-42] -- Implementing module 'sw_control_led' 
INFO: [HLS 200-10] ----------------------------------------------------------------
INFO: [SCHED 204-11] Starting scheduling ...
INFO: [SCHED 204-11] Finished scheduling.
INFO: [HLS 200-111]  Elapsed time: 6.607 seconds; current allocated memory: 93.518 MB.
INFO: [BIND 205-100] Starting micro-architecture generation ...
INFO: [BIND 205-101] Performing variable lifetime analysis.
INFO: [BIND 205-101] Exploring resource sharing.
INFO: [BIND 205-101] Binding ...
INFO: [BIND 205-100] Finished micro-architecture generation.
INFO: [HLS 200-111]  Elapsed time: 0.052 seconds; current allocated memory: 93.579 MB.
INFO: [HLS 200-10] ----------------------------------------------------------------
INFO: [HLS 200-10] -- Generating RTL for module 'sw_control_led' 
INFO: [HLS 200-10] ----------------------------------------------------------------
INFO: [RTGEN 206-500] Setting interface mode on port 'sw_control_led/inputs' to 'ap_none'.
INFO: [RTGEN 206-500] Setting interface mode on port 'sw_control_led/outputs' to 'ap_none'.
WARNING: [RTGEN 206-101] Port 'outputs' with mode 'ap_none' may require an associated data valid signal to correctly communicate with other blocks or a test bench; automatic C/RTL co-simulation may not be able to verify such a port.
INFO: [RTGEN 206-500] Setting interface mode on function 'sw_control_led' to 'ap_ctrl_none'.
INFO: [RTGEN 206-100] Finished creating RTL model for 'sw_control_led'.
INFO: [HLS 200-111]  Elapsed time: 0.074 seconds; current allocated memory: 93.674 MB.
INFO: [HLS 200-789] **** Estimated Fmax: 0.00 MHz
INFO: [HLS 200-111] Finished generating all RTL models Time (s): cpu = 00:00:01 ; elapsed = 00:00:07 . Memory (MB): peak = 178.770 ; gain = 89.145
INFO: [VHDL 208-304] Generating VHDL RTL for sw_control_led.
INFO: [VLOG 209-307] Generating Verilog RTL for sw_control_led.
INFO: [HLS 200-112] Total elapsed time: 7.519 seconds; peak allocated memory: 93.674 MB.
==============================================================
Vivado(TM) HLS - High-Level Synthesis from C, C++ and SystemC v2019.2 (64-bit)
Copyright 1986-2019 Xilinx, Inc. All Rights Reserved.
==============================================================
INFO: [SYN 201-201] Setting up clock 'default' with a period of 10ns.
INFO: [HLS 200-10] Setting target device to 'xc7z020-clg484-1'
INFO: [SCHED 204-61] Option 'relax_ii_for_timing' is enabled, will increase II to preserve clock frequency constraints.
INFO: [HLS 200-10] Analyzing design file 'sw_control_led_vhls/sw_control_led.cpp' ... 
ERROR: [HLS 200-70] Compilation errors found: In file included from sw_control_led_vhls/sw_control_led.cpp:1:
sw_control_led_vhls/sw_control_led.cpp:3:48: error: no type named 'unique_ptr' in namespace 'std'
void sw_control_led(unsigned char inputs, std::unique_ptr<unsigned char>(outputs)) {
                                          ~~~~~^
sw_control_led_vhls/sw_control_led.cpp:3:58: error: expected ')'
void sw_control_led(unsigned char inputs, std::unique_ptr<unsigned char>(outputs)) {
                                                         ^
sw_control_led_vhls/sw_control_led.cpp:3:20: note: to match this '('
void sw_control_led(unsigned char inputs, std::unique_ptr<unsigned char>(outputs)) {
                   ^
sw_control_led_vhls/sw_control_led.cpp:8:3: error: use of undeclared identifier 'outputs'
 *outputs = inputs;
  ^
3 errors generated.
==============================================================
Vivado(TM) HLS - High-Level Synthesis from C, C++ and SystemC v2019.2 (64-bit)
Copyright 1986-2019 Xilinx, Inc. All Rights Reserved.
==============================================================
INFO: [SYN 201-201] Setting up clock 'default' with a period of 10ns.
INFO: [HLS 200-10] Setting target device to 'xc7z020-clg484-1'
INFO: [SCHED 204-61] Option 'relax_ii_for_timing' is enabled, will increase II to preserve clock frequency constraints.
INFO: [HLS 200-10] Analyzing design file 'sw_control_led_vhls/sw_control_led.cpp' ... 
ERROR: [HLS 200-70] Compilation errors found: In file included from sw_control_led_vhls/sw_control_led.cpp:1:
sw_control_led_vhls/sw_control_led.cpp:3:48: error: no type named 'unique_ptr' in namespace 'std'
void sw_control_led(unsigned char inputs, std::unique_ptr<unsigned char[]>(outputs)) {
                                          ~~~~~^
sw_control_led_vhls/sw_control_led.cpp:3:58: error: expected ')'
void sw_control_led(unsigned char inputs, std::unique_ptr<unsigned char[]>(outputs)) {
                                                         ^
sw_control_led_vhls/sw_control_led.cpp:3:20: note: to match this '('
void sw_control_led(unsigned char inputs, std::unique_ptr<unsigned char[]>(outputs)) {
                   ^
sw_control_led_vhls/sw_control_led.cpp:8:2: error: use of undeclared identifier 'outputs'
 outputs[0] = inputs;
 ^
3 errors generated.
==============================================================
Vivado(TM) HLS - High-Level Synthesis from C, C++ and SystemC v2019.2 (64-bit)
Copyright 1986-2019 Xilinx, Inc. All Rights Reserved.
==============================================================
INFO: [SYN 201-201] Setting up clock 'default' with a period of 10ns.
INFO: [HLS 200-10] Setting target device to 'xc7z020-clg484-1'
INFO: [SCHED 204-61] Option 'relax_ii_for_timing' is enabled, will increase II to preserve clock frequency constraints.
INFO: [HLS 200-10] Analyzing design file 'sw_control_led_vhls/sw_control_led.cpp' ... 
INFO: [HLS 200-111] Finished Linking Time (s): cpu = 00:00:01 ; elapsed = 00:00:05 . Memory (MB): peak = 178.516 ; gain = 88.777
INFO: [HLS 200-111] Finished Checking Pragmas Time (s): cpu = 00:00:01 ; elapsed = 00:00:05 . Memory (MB): peak = 178.516 ; gain = 88.777
INFO: [HLS 200-10] Starting code transformations ...
INFO: [HLS 200-111] Finished Standard Transforms Time (s): cpu = 00:00:01 ; elapsed = 00:00:06 . Memory (MB): peak = 178.516 ; gain = 88.777
INFO: [HLS 200-10] Checking synthesizability ...
INFO: [HLS 200-111] Finished Checking Synthesizability Time (s): cpu = 00:00:01 ; elapsed = 00:00:06 . Memory (MB): peak = 178.516 ; gain = 88.777
INFO: [HLS 200-111] Finished Pre-synthesis Time (s): cpu = 00:00:01 ; elapsed = 00:00:06 . Memory (MB): peak = 178.516 ; gain = 88.777
INFO: [HLS 200-111] Finished Architecture Synthesis Time (s): cpu = 00:00:01 ; elapsed = 00:00:06 . Memory (MB): peak = 178.516 ; gain = 88.777
INFO: [HLS 200-10] Starting hardware synthesis ...
INFO: [HLS 200-10] Synthesizing 'sw_control_led' ...
INFO: [HLS 200-10] ----------------------------------------------------------------
INFO: [HLS 200-42] -- Implementing module 'sw_control_led' 
INFO: [HLS 200-10] ----------------------------------------------------------------
INFO: [SCHED 204-11] Starting scheduling ...
INFO: [SCHED 204-11] Finished scheduling.
INFO: [HLS 200-111]  Elapsed time: 6.186 seconds; current allocated memory: 93.511 MB.
INFO: [BIND 205-100] Starting micro-architecture generation ...
INFO: [BIND 205-101] Performing variable lifetime analysis.
INFO: [BIND 205-101] Exploring resource sharing.
INFO: [BIND 205-101] Binding ...
INFO: [BIND 205-100] Finished micro-architecture generation.
INFO: [HLS 200-111]  Elapsed time: 0.054 seconds; current allocated memory: 93.572 MB.
INFO: [HLS 200-10] ----------------------------------------------------------------
INFO: [HLS 200-10] -- Generating RTL for module 'sw_control_led' 
INFO: [HLS 200-10] ----------------------------------------------------------------
INFO: [RTGEN 206-500] Setting interface mode on port 'sw_control_led/inputs' to 'ap_none'.
INFO: [RTGEN 206-500] Setting interface mode on port 'sw_control_led/outputs' to 'ap_none'.
WARNING: [RTGEN 206-101] Port 'outputs' with mode 'ap_none' may require an associated data valid signal to correctly communicate with other blocks or a test bench; automatic C/RTL co-simulation may not be able to verify such a port.
INFO: [RTGEN 206-500] Setting interface mode on function 'sw_control_led' to 'ap_ctrl_none'.
INFO: [RTGEN 206-100] Finished creating RTL model for 'sw_control_led'.
INFO: [HLS 200-111]  Elapsed time: 0.075 seconds; current allocated memory: 93.667 MB.
INFO: [HLS 200-789] **** Estimated Fmax: 0.00 MHz
INFO: [HLS 200-111] Finished generating all RTL models Time (s): cpu = 00:00:01 ; elapsed = 00:00:07 . Memory (MB): peak = 178.516 ; gain = 88.777
INFO: [VHDL 208-304] Generating VHDL RTL for sw_control_led.
INFO: [VLOG 209-307] Generating Verilog RTL for sw_control_led.
INFO: [HLS 200-112] Total elapsed time: 7.01 seconds; peak allocated memory: 93.667 MB.
